{"timestamp": "2026-01-07T15:02:28.302719", "group_seed": "12686840", "username": "weak_1", "category": "weak", "password_tried": "a", "latency_ms": 7.233, "global_count": 1, "result": "failure", "detail": "invalid credentials"}
{"timestamp": "2026-01-07T15:02:28.309239", "group_seed": "12686840", "username": "weak_1", "category": "weak", "password_tried": "b", "latency_ms": 6.552, "global_count": 2, "result": "failure", "detail": "invalid credentials"}
{"timestamp": "2026-01-07T15:02:28.309239", "group_seed": "12686840", "username": "weak_1", "category": "weak", "password_tried": "c", "latency_ms": 6.21, "global_count": 3, "result": "failure", "detail": "invalid credentials"}
{"timestamp": "2026-01-07T15:02:28.324881", "group_seed": "12686840", "username": "weak_1", "category": "weak", "password_tried": "d", "latency_ms": 6.958, "global_count": 4, "result": "failure", "detail": "invalid credentials"}
{"timestamp": "2026-01-07T15:02:28.324881", "group_seed": "12686840", "username": "weak_1", "category": "weak", "password_tried": "e", "latency_ms": 6.157, "global_count": 5, "result": "failure", "detail": "invalid credentials"}
{"timestamp": "2026-01-07T15:02:28.324881", "group_seed": "12686840", "username": "weak_1", "category": "weak", "password_tried": "f", "latency_ms": 6.468, "global_count": 6, "result": "failure", "detail": "account locked"}
{"timestamp": "2026-01-07T15:02:28.340505", "group_seed": "12686840", "username": "weak_2", "category": "weak", "password_tried": "a", "latency_ms": 7.78, "global_count": 7, "result": "failure", "detail": "invalid credentials"}
{"timestamp": "2026-01-07T15:02:28.340505", "group_seed": "12686840", "username": "weak_2", "category": "weak", "password_tried": "b", "latency_ms": 6.398, "global_count": 8, "result": "failure", "detail": "invalid credentials"}
{"timestamp": "2026-01-07T15:02:28.356137", "group_seed": "12686840", "username": "weak_2", "category": "weak", "password_tried": "c", "latency_ms": 7.849, "global_count": 9, "result": "failure", "detail": "invalid credentials"}
{"timestamp": "2026-01-07T15:02:28.356137", "group_seed": "12686840", "username": "weak_2", "category": "weak", "password_tried": "d", "latency_ms": 6.367, "global_count": 10, "result": "failure", "detail": "invalid credentials"}
{"timestamp": "2026-01-07T15:02:28.371762", "group_seed": "12686840", "username": "weak_2", "category": "weak", "password_tried": "e", "latency_ms": 7.888, "global_count": 11, "result": "failure", "detail": "invalid credentials"}
{"timestamp": "2026-01-07T15:02:28.371762", "group_seed": "12686840", "username": "weak_2", "category": "weak", "password_tried": "f", "latency_ms": 6.222, "global_count": 12, "result": "failure", "detail": "account locked"}
{"timestamp": "2026-01-07T15:02:28.387388", "group_seed": "12686840", "username": "weak_3", "category": "weak", "password_tried": "a", "latency_ms": 6.981, "global_count": 13, "result": "failure", "detail": "invalid credentials"}
{"timestamp": "2026-01-07T15:02:28.387388", "group_seed": "12686840", "username": "weak_3", "category": "weak", "password_tried": "b", "latency_ms": 7.037, "global_count": 14, "result": "failure", "detail": "invalid credentials"}
{"timestamp": "2026-01-07T15:02:28.403012", "group_seed": "12686840", "username": "weak_3", "category": "weak", "password_tried": "c", "latency_ms": 8.404, "global_count": 15, "result": "failure", "detail": "invalid credentials"}
{"timestamp": "2026-01-07T15:02:28.403012", "group_seed": "12686840", "username": "weak_3", "category": "weak", "password_tried": "d", "latency_ms": 7.16, "global_count": 16, "result": "failure", "detail": "invalid credentials"}
{"timestamp": "2026-01-07T15:02:28.418631", "group_seed": "12686840", "username": "weak_3", "category": "weak", "password_tried": "e", "latency_ms": 7.324, "global_count": 17, "result": "failure", "detail": "invalid credentials"}
{"timestamp": "2026-01-07T15:02:28.418631", "group_seed": "12686840", "username": "weak_3", "category": "weak", "password_tried": "f", "latency_ms": 6.677, "global_count": 18, "result": "failure", "detail": "account locked"}
{"timestamp": "2026-01-07T15:02:28.434257", "group_seed": "12686840", "username": "weak_4", "category": "weak", "password_tried": "a", "latency_ms": 6.941, "global_count": 19, "result": "failure", "detail": "invalid credentials"}
{"timestamp": "2026-01-07T15:02:28.434257", "group_seed": "12686840", "username": "weak_4", "category": "weak", "password_tried": "b", "latency_ms": 5.618, "global_count": 20, "result": "failure", "detail": "invalid credentials"}
{"timestamp": "2026-01-07T15:02:28.434257", "group_seed": "12686840", "username": "weak_4", "category": "weak", "password_tried": "c", "latency_ms": 6.987, "global_count": 21, "result": "failure", "detail": "invalid credentials"}
{"timestamp": "2026-01-07T15:02:28.449889", "group_seed": "12686840", "username": "weak_4", "category": "weak", "password_tried": "d", "latency_ms": 7.216, "global_count": 22, "result": "failure", "detail": "invalid credentials"}
{"timestamp": "2026-01-07T15:02:28.449889", "group_seed": "12686840", "username": "weak_4", "category": "weak", "password_tried": "e", "latency_ms": 6.592, "global_count": 23, "result": "failure", "detail": "invalid credentials"}
{"timestamp": "2026-01-07T15:02:28.465506", "group_seed": "12686840", "username": "weak_4", "category": "weak", "password_tried": "f", "latency_ms": 7.399, "global_count": 24, "result": "failure", "detail": "account locked"}
{"timestamp": "2026-01-07T15:02:28.465506", "group_seed": "12686840", "username": "weak_5", "category": "weak", "password_tried": "a", "latency_ms": 6.617, "global_count": 25, "result": "failure", "detail": "invalid credentials"}
{"timestamp": "2026-01-07T15:02:28.481133", "group_seed": "12686840", "username": "weak_5", "category": "weak", "password_tried": "b", "latency_ms": 6.703, "global_count": 26, "result": "failure", "detail": "invalid credentials"}
{"timestamp": "2026-01-07T15:02:28.481133", "group_seed": "12686840", "username": "weak_5", "category": "weak", "password_tried": "c", "latency_ms": 6.152, "global_count": 27, "result": "failure", "detail": "invalid credentials"}
{"timestamp": "2026-01-07T15:02:28.481133", "group_seed": "12686840", "username": "weak_5", "category": "weak", "password_tried": "d", "latency_ms": 6.351, "global_count": 28, "result": "failure", "detail": "invalid credentials"}
{"timestamp": "2026-01-07T15:02:28.512388", "group_seed": "12686840", "username": "weak_5", "category": "weak", "password_tried": "e", "latency_ms": 18.604, "global_count": 29, "result": "failure", "detail": "invalid credentials"}
{"timestamp": "2026-01-07T15:02:28.512388", "group_seed": "12686840", "username": "weak_5", "category": "weak", "password_tried": "f", "latency_ms": 6.464, "global_count": 30, "result": "failure", "detail": "account locked"}
{"timestamp": "2026-01-07T15:02:28.528008", "group_seed": "12686840", "username": "weak_6", "category": "weak", "password_tried": "a", "latency_ms": 7.849, "global_count": 31, "result": "failure", "detail": "invalid credentials"}
{"timestamp": "2026-01-07T15:02:28.528008", "group_seed": "12686840", "username": "weak_6", "category": "weak", "password_tried": "b", "latency_ms": 6.892, "global_count": 32, "result": "failure", "detail": "invalid credentials"}
{"timestamp": "2026-01-07T15:02:28.543635", "group_seed": "12686840", "username": "weak_6", "category": "weak", "password_tried": "c", "latency_ms": 6.834, "global_count": 33, "result": "failure", "detail": "invalid credentials"}
{"timestamp": "2026-01-07T15:02:28.543635", "group_seed": "12686840", "username": "weak_6", "category": "weak", "password_tried": "d", "latency_ms": 5.463, "global_count": 34, "result": "failure", "detail": "invalid credentials"}
{"timestamp": "2026-01-07T15:02:28.543635", "group_seed": "12686840", "username": "weak_6", "category": "weak", "password_tried": "e", "latency_ms": 6.2, "global_count": 35, "result": "failure", "detail": "invalid credentials"}
{"timestamp": "2026-01-07T15:02:28.559257", "group_seed": "12686840", "username": "weak_6", "category": "weak", "password_tried": "f", "latency_ms": 7.67, "global_count": 36, "result": "failure", "detail": "account locked"}
{"timestamp": "2026-01-07T15:02:28.559257", "group_seed": "12686840", "username": "weak_7", "category": "weak", "password_tried": "a", "latency_ms": 7.531, "global_count": 37, "result": "failure", "detail": "invalid credentials"}
{"timestamp": "2026-01-07T15:02:28.574882", "group_seed": "12686840", "username": "weak_7", "category": "weak", "password_tried": "b", "latency_ms": 7.136, "global_count": 38, "result": "failure", "detail": "invalid credentials"}
{"timestamp": "2026-01-07T15:02:28.574882", "group_seed": "12686840", "username": "weak_7", "category": "weak", "password_tried": "c", "latency_ms": 7.969, "global_count": 39, "result": "failure", "detail": "invalid credentials"}
{"timestamp": "2026-01-07T15:02:28.590509", "group_seed": "12686840", "username": "weak_7", "category": "weak", "password_tried": "d", "latency_ms": 7.606, "global_count": 40, "result": "failure", "detail": "invalid credentials"}
{"timestamp": "2026-01-07T15:02:28.590509", "group_seed": "12686840", "username": "weak_7", "category": "weak", "password_tried": "e", "latency_ms": 6.243, "global_count": 41, "result": "failure", "detail": "invalid credentials"}
{"timestamp": "2026-01-07T15:02:28.606132", "group_seed": "12686840", "username": "weak_7", "category": "weak", "password_tried": "f", "latency_ms": 6.98, "global_count": 42, "result": "failure", "detail": "account locked"}
{"timestamp": "2026-01-07T15:02:28.606132", "group_seed": "12686840", "username": "weak_8", "category": "weak", "password_tried": "a", "latency_ms": 6.429, "global_count": 43, "result": "failure", "detail": "invalid credentials"}
{"timestamp": "2026-01-07T15:02:28.621757", "group_seed": "12686840", "username": "weak_8", "category": "weak", "password_tried": "b", "latency_ms": 6.744, "global_count": 44, "result": "failure", "detail": "invalid credentials"}
{"timestamp": "2026-01-07T15:02:28.621757", "group_seed": "12686840", "username": "weak_8", "category": "weak", "password_tried": "c", "latency_ms": 5.71, "global_count": 45, "result": "failure", "detail": "invalid credentials"}
{"timestamp": "2026-01-07T15:02:28.621757", "group_seed": "12686840", "username": "weak_8", "category": "weak", "password_tried": "d", "latency_ms": 6.162, "global_count": 46, "result": "failure", "detail": "invalid credentials"}
{"timestamp": "2026-01-07T15:02:28.637383", "group_seed": "12686840", "username": "weak_8", "category": "weak", "password_tried": "e", "latency_ms": 7.382, "global_count": 47, "result": "failure", "detail": "invalid credentials"}
{"timestamp": "2026-01-07T15:02:28.637383", "group_seed": "12686840", "username": "weak_8", "category": "weak", "password_tried": "f", "latency_ms": 6.156, "global_count": 48, "result": "failure", "detail": "account locked"}
{"timestamp": "2026-01-07T15:02:28.653008", "group_seed": "12686840", "username": "weak_9", "category": "weak", "password_tried": "a", "latency_ms": 7.074, "global_count": 49, "result": "failure", "detail": "invalid credentials"}
{"timestamp": "2026-01-07T15:02:28.653008", "group_seed": "12686840", "username": "weak_9", "category": "weak", "password_tried": "b", "latency_ms": 6.452, "global_count": 50, "result": "failure", "detail": "invalid credentials"}
{"timestamp": "2026-01-07T15:02:28.668632", "group_seed": "12686840", "username": "weak_9", "category": "weak", "password_tried": "c", "latency_ms": 6.553, "global_count": 51, "result": "failure", "detail": "invalid credentials"}
{"timestamp": "2026-01-07T15:02:28.668632", "group_seed": "12686840", "username": "weak_9", "category": "weak", "password_tried": "d", "latency_ms": 7.108, "global_count": 52, "result": "failure", "detail": "invalid credentials"}
{"timestamp": "2026-01-07T15:02:28.668632", "group_seed": "12686840", "username": "weak_9", "category": "weak", "password_tried": "e", "latency_ms": 6.289, "global_count": 53, "result": "failure", "detail": "invalid credentials"}
{"timestamp": "2026-01-07T15:02:28.684259", "group_seed": "12686840", "username": "weak_9", "category": "weak", "password_tried": "f", "latency_ms": 6.585, "global_count": 54, "result": "failure", "detail": "account locked"}
{"timestamp": "2026-01-07T15:02:28.684259", "group_seed": "12686840", "username": "weak_10", "category": "weak", "password_tried": "a", "latency_ms": 6.213, "global_count": 55, "result": "failure", "detail": "invalid credentials"}
{"timestamp": "2026-01-07T15:02:28.699882", "group_seed": "12686840", "username": "weak_10", "category": "weak", "password_tried": "b", "latency_ms": 6.63, "global_count": 56, "result": "failure", "detail": "invalid credentials"}
{"timestamp": "2026-01-07T15:02:28.699882", "group_seed": "12686840", "username": "weak_10", "category": "weak", "password_tried": "c", "latency_ms": 6.132, "global_count": 57, "result": "failure", "detail": "invalid credentials"}
{"timestamp": "2026-01-07T15:02:28.715507", "group_seed": "12686840", "username": "weak_10", "category": "weak", "password_tried": "d", "latency_ms": 6.8, "global_count": 58, "result": "failure", "detail": "invalid credentials"}
{"timestamp": "2026-01-07T15:02:28.715507", "group_seed": "12686840", "username": "weak_10", "category": "weak", "password_tried": "e", "latency_ms": 5.444, "global_count": 59, "result": "failure", "detail": "invalid credentials"}
{"timestamp": "2026-01-07T15:02:28.715507", "group_seed": "12686840", "username": "weak_10", "category": "weak", "password_tried": "f", "latency_ms": 6.321, "global_count": 60, "result": "failure", "detail": "account locked"}
{"timestamp": "2026-01-07T15:02:28.731131", "group_seed": "12686840", "username": "medium_11", "category": "medium", "password_tried": "a", "latency_ms": 6.528, "global_count": 61, "result": "failure", "detail": "invalid credentials"}
{"timestamp": "2026-01-07T15:02:28.731131", "group_seed": "12686840", "username": "medium_11", "category": "medium", "password_tried": "b", "latency_ms": 6.213, "global_count": 62, "result": "failure", "detail": "invalid credentials"}
{"timestamp": "2026-01-07T15:02:28.746758", "group_seed": "12686840", "username": "medium_11", "category": "medium", "password_tried": "c", "latency_ms": 9.059, "global_count": 63, "result": "failure", "detail": "invalid credentials"}
{"timestamp": "2026-01-07T15:02:28.746758", "group_seed": "12686840", "username": "medium_11", "category": "medium", "password_tried": "d", "latency_ms": 6.094, "global_count": 64, "result": "failure", "detail": "invalid credentials"}
{"timestamp": "2026-01-07T15:02:28.762382", "group_seed": "12686840", "username": "medium_11", "category": "medium", "password_tried": "e", "latency_ms": 8.009, "global_count": 65, "result": "failure", "detail": "invalid credentials"}
{"timestamp": "2026-01-07T15:02:28.762382", "group_seed": "12686840", "username": "medium_11", "category": "medium", "password_tried": "f", "latency_ms": 6.532, "global_count": 66, "result": "failure", "detail": "account locked"}
{"timestamp": "2026-01-07T15:02:28.778009", "group_seed": "12686840", "username": "medium_12", "category": "medium", "password_tried": "a", "latency_ms": 6.964, "global_count": 67, "result": "failure", "detail": "invalid credentials"}
{"timestamp": "2026-01-07T15:02:28.778009", "group_seed": "12686840", "username": "medium_12", "category": "medium", "password_tried": "b", "latency_ms": 7.707, "global_count": 68, "result": "failure", "detail": "invalid credentials"}
{"timestamp": "2026-01-07T15:02:28.793631", "group_seed": "12686840", "username": "medium_12", "category": "medium", "password_tried": "c", "latency_ms": 7.206, "global_count": 69, "result": "failure", "detail": "invalid credentials"}
{"timestamp": "2026-01-07T15:02:28.793631", "group_seed": "12686840", "username": "medium_12", "category": "medium", "password_tried": "d", "latency_ms": 5.234, "global_count": 70, "result": "failure", "detail": "invalid credentials"}
{"timestamp": "2026-01-07T15:02:28.793631", "group_seed": "12686840", "username": "medium_12", "category": "medium", "password_tried": "e", "latency_ms": 6.273, "global_count": 71, "result": "failure", "detail": "invalid credentials"}
{"timestamp": "2026-01-07T15:02:28.809258", "group_seed": "12686840", "username": "medium_12", "category": "medium", "password_tried": "f", "latency_ms": 7.533, "global_count": 72, "result": "failure", "detail": "account locked"}
{"timestamp": "2026-01-07T15:02:28.809258", "group_seed": "12686840", "username": "medium_13", "category": "medium", "password_tried": "a", "latency_ms": 7.525, "global_count": 73, "result": "failure", "detail": "invalid credentials"}
{"timestamp": "2026-01-07T15:02:28.824882", "group_seed": "12686840", "username": "medium_13", "category": "medium", "password_tried": "b", "latency_ms": 6.703, "global_count": 74, "result": "failure", "detail": "invalid credentials"}
{"timestamp": "2026-01-07T15:02:28.824882", "group_seed": "12686840", "username": "medium_13", "category": "medium", "password_tried": "c", "latency_ms": 6.237, "global_count": 75, "result": "failure", "detail": "invalid credentials"}
{"timestamp": "2026-01-07T15:02:28.840506", "group_seed": "12686840", "username": "medium_13", "category": "medium", "password_tried": "d", "latency_ms": 7.119, "global_count": 76, "result": "failure", "detail": "invalid credentials"}
{"timestamp": "2026-01-07T15:02:28.840506", "group_seed": "12686840", "username": "medium_13", "category": "medium", "password_tried": "e", "latency_ms": 7.618, "global_count": 77, "result": "failure", "detail": "invalid credentials"}
{"timestamp": "2026-01-07T15:02:28.856136", "group_seed": "12686840", "username": "medium_13", "category": "medium", "password_tried": "f", "latency_ms": 6.705, "global_count": 78, "result": "failure", "detail": "account locked"}
{"timestamp": "2026-01-07T15:02:28.856136", "group_seed": "12686840", "username": "medium_14", "category": "medium", "password_tried": "a", "latency_ms": 6.554, "global_count": 79, "result": "failure", "detail": "invalid credentials"}
{"timestamp": "2026-01-07T15:02:28.856136", "group_seed": "12686840", "username": "medium_14", "category": "medium", "password_tried": "b", "latency_ms": 6.102, "global_count": 80, "result": "failure", "detail": "invalid credentials"}
{"timestamp": "2026-01-07T15:02:28.871764", "group_seed": "12686840", "username": "medium_14", "category": "medium", "password_tried": "c", "latency_ms": 7.269, "global_count": 81, "result": "failure", "detail": "invalid credentials"}
{"timestamp": "2026-01-07T15:02:28.871764", "group_seed": "12686840", "username": "medium_14", "category": "medium", "password_tried": "d", "latency_ms": 6.081, "global_count": 82, "result": "failure", "detail": "invalid credentials"}
{"timestamp": "2026-01-07T15:02:28.887382", "group_seed": "12686840", "username": "medium_14", "category": "medium", "password_tried": "e", "latency_ms": 8.148, "global_count": 83, "result": "failure", "detail": "invalid credentials"}
{"timestamp": "2026-01-07T15:02:28.887382", "group_seed": "12686840", "username": "medium_14", "category": "medium", "password_tried": "f", "latency_ms": 6.334, "global_count": 84, "result": "failure", "detail": "account locked"}
{"timestamp": "2026-01-07T15:02:28.903009", "group_seed": "12686840", "username": "medium_15", "category": "medium", "password_tried": "a", "latency_ms": 6.975, "global_count": 85, "result": "failure", "detail": "invalid credentials"}
{"timestamp": "2026-01-07T15:02:28.903009", "group_seed": "12686840", "username": "medium_15", "category": "medium", "password_tried": "b", "latency_ms": 6.714, "global_count": 86, "result": "failure", "detail": "invalid credentials"}
{"timestamp": "2026-01-07T15:02:28.918633", "group_seed": "12686840", "username": "medium_15", "category": "medium", "password_tried": "c", "latency_ms": 6.934, "global_count": 87, "result": "failure", "detail": "invalid credentials"}
{"timestamp": "2026-01-07T15:02:28.918633", "group_seed": "12686840", "username": "medium_15", "category": "medium", "password_tried": "d", "latency_ms": 8.962, "global_count": 88, "result": "failure", "detail": "invalid credentials"}
{"timestamp": "2026-01-07T15:02:28.934256", "group_seed": "12686840", "username": "medium_15", "category": "medium", "password_tried": "e", "latency_ms": 8.641, "global_count": 89, "result": "failure", "detail": "invalid credentials"}
{"timestamp": "2026-01-07T15:02:28.934256", "group_seed": "12686840", "username": "medium_15", "category": "medium", "password_tried": "f", "latency_ms": 7.136, "global_count": 90, "result": "failure", "detail": "account locked"}
{"timestamp": "2026-01-07T15:02:28.949884", "group_seed": "12686840", "username": "medium_16", "category": "medium", "password_tried": "a", "latency_ms": 7.565, "global_count": 91, "result": "failure", "detail": "invalid credentials"}
{"timestamp": "2026-01-07T15:02:28.949884", "group_seed": "12686840", "username": "medium_16", "category": "medium", "password_tried": "b", "latency_ms": 6.32, "global_count": 92, "result": "failure", "detail": "invalid credentials"}
{"timestamp": "2026-01-07T15:02:28.965507", "group_seed": "12686840", "username": "medium_16", "category": "medium", "password_tried": "c", "latency_ms": 5.511, "global_count": 93, "result": "failure", "detail": "invalid credentials"}
{"timestamp": "2026-01-07T15:02:28.965507", "group_seed": "12686840", "username": "medium_16", "category": "medium", "password_tried": "d", "latency_ms": 7.307, "global_count": 94, "result": "failure", "detail": "invalid credentials"}
{"timestamp": "2026-01-07T15:02:28.965507", "group_seed": "12686840", "username": "medium_16", "category": "medium", "password_tried": "e", "latency_ms": 6.038, "global_count": 95, "result": "failure", "detail": "invalid credentials"}
{"timestamp": "2026-01-07T15:02:28.981138", "group_seed": "12686840", "username": "medium_16", "category": "medium", "password_tried": "f", "latency_ms": 6.945, "global_count": 96, "result": "failure", "detail": "account locked"}
{"timestamp": "2026-01-07T15:02:28.981138", "group_seed": "12686840", "username": "medium_17", "category": "medium", "password_tried": "a", "latency_ms": 7.279, "global_count": 97, "result": "failure", "detail": "invalid credentials"}
{"timestamp": "2026-01-07T15:02:28.996757", "group_seed": "12686840", "username": "medium_17", "category": "medium", "password_tried": "b", "latency_ms": 6.434, "global_count": 98, "result": "failure", "detail": "invalid credentials"}
{"timestamp": "2026-01-07T15:02:28.996757", "group_seed": "12686840", "username": "medium_17", "category": "medium", "password_tried": "c", "latency_ms": 6.193, "global_count": 99, "result": "failure", "detail": "invalid credentials"}
{"timestamp": "2026-01-07T15:02:29.012383", "group_seed": "12686840", "username": "medium_17", "category": "medium", "password_tried": "d", "latency_ms": 7.171, "global_count": 100, "result": "failure", "detail": "invalid credentials"}
{"timestamp": "2026-01-07T15:02:29.012383", "group_seed": "12686840", "username": "medium_17", "category": "medium", "password_tried": "e", "latency_ms": 5.08, "global_count": 101, "result": "failure", "detail": "invalid credentials"}
{"timestamp": "2026-01-07T15:02:29.012383", "group_seed": "12686840", "username": "medium_17", "category": "medium", "password_tried": "f", "latency_ms": 6.284, "global_count": 102, "result": "failure", "detail": "account locked"}
{"timestamp": "2026-01-07T15:02:29.028009", "group_seed": "12686840", "username": "medium_18", "category": "medium", "password_tried": "a", "latency_ms": 7.07, "global_count": 103, "result": "failure", "detail": "invalid credentials"}
{"timestamp": "2026-01-07T15:02:29.028009", "group_seed": "12686840", "username": "medium_18", "category": "medium", "password_tried": "b", "latency_ms": 6.199, "global_count": 104, "result": "failure", "detail": "invalid credentials"}
{"timestamp": "2026-01-07T15:02:29.043633", "group_seed": "12686840", "username": "medium_18", "category": "medium", "password_tried": "c", "latency_ms": 7.007, "global_count": 105, "result": "failure", "detail": "invalid credentials"}
{"timestamp": "2026-01-07T15:02:29.043633", "group_seed": "12686840", "username": "medium_18", "category": "medium", "password_tried": "d", "latency_ms": 6.14, "global_count": 106, "result": "failure", "detail": "invalid credentials"}
{"timestamp": "2026-01-07T15:02:29.059257", "group_seed": "12686840", "username": "medium_18", "category": "medium", "password_tried": "e", "latency_ms": 6.312, "global_count": 107, "result": "failure", "detail": "invalid credentials"}
{"timestamp": "2026-01-07T15:02:29.059257", "group_seed": "12686840", "username": "medium_18", "category": "medium", "password_tried": "f", "latency_ms": 8.102, "global_count": 108, "result": "failure", "detail": "account locked"}
{"timestamp": "2026-01-07T15:02:29.059257", "group_seed": "12686840", "username": "medium_19", "category": "medium", "password_tried": "a", "latency_ms": 6.264, "global_count": 109, "result": "failure", "detail": "invalid credentials"}
{"timestamp": "2026-01-07T15:02:29.074880", "group_seed": "12686840", "username": "medium_19", "category": "medium", "password_tried": "b", "latency_ms": 7.544, "global_count": 110, "result": "failure", "detail": "invalid credentials"}
{"timestamp": "2026-01-07T15:02:29.074880", "group_seed": "12686840", "username": "medium_19", "category": "medium", "password_tried": "c", "latency_ms": 6.116, "global_count": 111, "result": "failure", "detail": "invalid credentials"}
{"timestamp": "2026-01-07T15:02:29.090518", "group_seed": "12686840", "username": "medium_19", "category": "medium", "password_tried": "d", "latency_ms": 7.372, "global_count": 112, "result": "failure", "detail": "invalid credentials"}
{"timestamp": "2026-01-07T15:02:29.090518", "group_seed": "12686840", "username": "medium_19", "category": "medium", "password_tried": "e", "latency_ms": 5.968, "global_count": 113, "result": "failure", "detail": "invalid credentials"}
{"timestamp": "2026-01-07T15:02:29.106132", "group_seed": "12686840", "username": "medium_19", "category": "medium", "password_tried": "f", "latency_ms": 7.027, "global_count": 114, "result": "failure", "detail": "account locked"}
{"timestamp": "2026-01-07T15:02:29.106132", "group_seed": "12686840", "username": "medium_20", "category": "medium", "password_tried": "a", "latency_ms": 6.199, "global_count": 115, "result": "failure", "detail": "invalid credentials"}
{"timestamp": "2026-01-07T15:02:29.121759", "group_seed": "12686840", "username": "medium_20", "category": "medium", "password_tried": "b", "latency_ms": 6.999, "global_count": 116, "result": "failure", "detail": "invalid credentials"}
{"timestamp": "2026-01-07T15:02:29.121759", "group_seed": "12686840", "username": "medium_20", "category": "medium", "password_tried": "c", "latency_ms": 5.693, "global_count": 117, "result": "failure", "detail": "invalid credentials"}
{"timestamp": "2026-01-07T15:02:29.121759", "group_seed": "12686840", "username": "medium_20", "category": "medium", "password_tried": "d", "latency_ms": 6.37, "global_count": 118, "result": "failure", "detail": "invalid credentials"}
{"timestamp": "2026-01-07T15:02:29.137382", "group_seed": "12686840", "username": "medium_20", "category": "medium", "password_tried": "e", "latency_ms": 6.517, "global_count": 119, "result": "failure", "detail": "invalid credentials"}
{"timestamp": "2026-01-07T15:02:29.137382", "group_seed": "12686840", "username": "medium_20", "category": "medium", "password_tried": "f", "latency_ms": 6.405, "global_count": 120, "result": "failure", "detail": "account locked"}
{"timestamp": "2026-01-07T15:02:29.153009", "group_seed": "12686840", "username": "strong_21", "category": "strong", "password_tried": "a", "latency_ms": 7.267, "global_count": 121, "result": "failure", "detail": "invalid credentials"}
{"timestamp": "2026-01-07T15:02:29.153009", "group_seed": "12686840", "username": "strong_21", "category": "strong", "password_tried": "b", "latency_ms": 7.142, "global_count": 122, "result": "failure", "detail": "invalid credentials"}
{"timestamp": "2026-01-07T15:02:29.168633", "group_seed": "12686840", "username": "strong_21", "category": "strong", "password_tried": "c", "latency_ms": 6.82, "global_count": 123, "result": "failure", "detail": "invalid credentials"}
{"timestamp": "2026-01-07T15:02:29.168633", "group_seed": "12686840", "username": "strong_21", "category": "strong", "password_tried": "d", "latency_ms": 6.4, "global_count": 124, "result": "failure", "detail": "invalid credentials"}
{"timestamp": "2026-01-07T15:02:29.168633", "group_seed": "12686840", "username": "strong_21", "category": "strong", "password_tried": "e", "latency_ms": 6.094, "global_count": 125, "result": "failure", "detail": "invalid credentials"}
{"timestamp": "2026-01-07T15:02:29.184263", "group_seed": "12686840", "username": "strong_21", "category": "strong", "password_tried": "f", "latency_ms": 7.426, "global_count": 126, "result": "failure", "detail": "account locked"}
{"timestamp": "2026-01-07T15:02:29.184263", "group_seed": "12686840", "username": "strong_22", "category": "strong", "password_tried": "a", "latency_ms": 6.795, "global_count": 127, "result": "failure", "detail": "invalid credentials"}
{"timestamp": "2026-01-07T15:02:29.199889", "group_seed": "12686840", "username": "strong_22", "category": "strong", "password_tried": "b", "latency_ms": 6.449, "global_count": 128, "result": "failure", "detail": "invalid credentials"}
{"timestamp": "2026-01-07T15:02:29.199889", "group_seed": "12686840", "username": "strong_22", "category": "strong", "password_tried": "c", "latency_ms": 6.419, "global_count": 129, "result": "failure", "detail": "invalid credentials"}
{"timestamp": "2026-01-07T15:02:29.215506", "group_seed": "12686840", "username": "strong_22", "category": "strong", "password_tried": "d", "latency_ms": 7.467, "global_count": 130, "result": "failure", "detail": "invalid credentials"}
{"timestamp": "2026-01-07T15:02:29.215506", "group_seed": "12686840", "username": "strong_22", "category": "strong", "password_tried": "e", "latency_ms": 6.772, "global_count": 131, "result": "failure", "detail": "invalid credentials"}
{"timestamp": "2026-01-07T15:02:29.231132", "group_seed": "12686840", "username": "strong_22", "category": "strong", "password_tried": "f", "latency_ms": 6.575, "global_count": 132, "result": "failure", "detail": "account locked"}
{"timestamp": "2026-01-07T15:02:29.231132", "group_seed": "12686840", "username": "strong_23", "category": "strong", "password_tried": "a", "latency_ms": 7.487, "global_count": 133, "result": "failure", "detail": "invalid credentials"}
{"timestamp": "2026-01-07T15:02:29.246757", "group_seed": "12686840", "username": "strong_23", "category": "strong", "password_tried": "b", "latency_ms": 7.069, "global_count": 134, "result": "failure", "detail": "invalid credentials"}
{"timestamp": "2026-01-07T15:02:29.246757", "group_seed": "12686840", "username": "strong_23", "category": "strong", "password_tried": "c", "latency_ms": 6.573, "global_count": 135, "result": "failure", "detail": "invalid credentials"}
{"timestamp": "2026-01-07T15:02:29.246757", "group_seed": "12686840", "username": "strong_23", "category": "strong", "password_tried": "d", "latency_ms": 6.758, "global_count": 136, "result": "failure", "detail": "invalid credentials"}
{"timestamp": "2026-01-07T15:02:29.262388", "group_seed": "12686840", "username": "strong_23", "category": "strong", "password_tried": "e", "latency_ms": 7.115, "global_count": 137, "result": "failure", "detail": "invalid credentials"}
{"timestamp": "2026-01-07T15:02:29.262388", "group_seed": "12686840", "username": "strong_23", "category": "strong", "password_tried": "f", "latency_ms": 6.139, "global_count": 138, "result": "failure", "detail": "account locked"}
{"timestamp": "2026-01-07T15:02:29.293639", "group_seed": "12686840", "username": "strong_24", "category": "strong", "password_tried": "a", "latency_ms": 20.98, "global_count": 139, "result": "failure", "detail": "invalid credentials"}
{"timestamp": "2026-01-07T15:02:29.293639", "group_seed": "12686840", "username": "strong_24", "category": "strong", "password_tried": "b", "latency_ms": 6.341, "global_count": 140, "result": "failure", "detail": "invalid credentials"}
{"timestamp": "2026-01-07T15:02:29.309258", "group_seed": "12686840", "username": "strong_24", "category": "strong", "password_tried": "c", "latency_ms": 6.521, "global_count": 141, "result": "failure", "detail": "invalid credentials"}
{"timestamp": "2026-01-07T15:02:29.309258", "group_seed": "12686840", "username": "strong_24", "category": "strong", "password_tried": "d", "latency_ms": 7.184, "global_count": 142, "result": "failure", "detail": "invalid credentials"}
{"timestamp": "2026-01-07T15:02:29.309258", "group_seed": "12686840", "username": "strong_24", "category": "strong", "password_tried": "e", "latency_ms": 6.11, "global_count": 143, "result": "failure", "detail": "invalid credentials"}
{"timestamp": "2026-01-07T15:02:29.324881", "group_seed": "12686840", "username": "strong_24", "category": "strong", "password_tried": "f", "latency_ms": 6.856, "global_count": 144, "result": "failure", "detail": "account locked"}
{"timestamp": "2026-01-07T15:02:29.324881", "group_seed": "12686840", "username": "strong_25", "category": "strong", "password_tried": "a", "latency_ms": 6.121, "global_count": 145, "result": "failure", "detail": "invalid credentials"}
{"timestamp": "2026-01-07T15:02:29.340507", "group_seed": "12686840", "username": "strong_25", "category": "strong", "password_tried": "b", "latency_ms": 6.681, "global_count": 146, "result": "failure", "detail": "invalid credentials"}
{"timestamp": "2026-01-07T15:02:29.340507", "group_seed": "12686840", "username": "strong_25", "category": "strong", "password_tried": "c", "latency_ms": 6.29, "global_count": 147, "result": "failure", "detail": "invalid credentials"}
{"timestamp": "2026-01-07T15:02:29.356134", "group_seed": "12686840", "username": "strong_25", "category": "strong", "password_tried": "d", "latency_ms": 6.876, "global_count": 148, "result": "failure", "detail": "invalid credentials"}
{"timestamp": "2026-01-07T15:02:29.356134", "group_seed": "12686840", "username": "strong_25", "category": "strong", "password_tried": "e", "latency_ms": 6.324, "global_count": 149, "result": "failure", "detail": "invalid credentials"}
{"timestamp": "2026-01-07T15:02:29.356134", "group_seed": "12686840", "username": "strong_25", "category": "strong", "password_tried": "f", "latency_ms": 6.045, "global_count": 150, "result": "failure", "detail": "account locked"}
{"timestamp": "2026-01-07T15:02:29.371759", "group_seed": "12686840", "username": "strong_26", "category": "strong", "password_tried": "a", "latency_ms": 6.882, "global_count": 151, "result": "failure", "detail": "invalid credentials"}
{"timestamp": "2026-01-07T15:02:29.371759", "group_seed": "12686840", "username": "strong_26", "category": "strong", "password_tried": "b", "latency_ms": 6.098, "global_count": 152, "result": "failure", "detail": "invalid credentials"}
{"timestamp": "2026-01-07T15:02:29.387382", "group_seed": "12686840", "username": "strong_26", "category": "strong", "password_tried": "c", "latency_ms": 7.725, "global_count": 153, "result": "failure", "detail": "invalid credentials"}
{"timestamp": "2026-01-07T15:02:29.387382", "group_seed": "12686840", "username": "strong_26", "category": "strong", "password_tried": "d", "latency_ms": 6.962, "global_count": 154, "result": "failure", "detail": "invalid credentials"}
{"timestamp": "2026-01-07T15:02:29.403007", "group_seed": "12686840", "username": "strong_26", "category": "strong", "password_tried": "e", "latency_ms": 6.645, "global_count": 155, "result": "failure", "detail": "invalid credentials"}
{"timestamp": "2026-01-07T15:02:29.403007", "group_seed": "12686840", "username": "strong_26", "category": "strong", "password_tried": "f", "latency_ms": 6.242, "global_count": 156, "result": "failure", "detail": "account locked"}
{"timestamp": "2026-01-07T15:02:29.418635", "group_seed": "12686840", "username": "strong_27", "category": "strong", "password_tried": "a", "latency_ms": 7.596, "global_count": 157, "result": "failure", "detail": "invalid credentials"}
{"timestamp": "2026-01-07T15:02:29.418635", "group_seed": "12686840", "username": "strong_27", "category": "strong", "password_tried": "b", "latency_ms": 7.17, "global_count": 158, "result": "failure", "detail": "invalid credentials"}
{"timestamp": "2026-01-07T15:02:29.418635", "group_seed": "12686840", "username": "strong_27", "category": "strong", "password_tried": "c", "latency_ms": 6.293, "global_count": 159, "result": "failure", "detail": "invalid credentials"}
{"timestamp": "2026-01-07T15:02:29.434261", "group_seed": "12686840", "username": "strong_27", "category": "strong", "password_tried": "d", "latency_ms": 6.846, "global_count": 160, "result": "failure", "detail": "invalid credentials"}
{"timestamp": "2026-01-07T15:02:29.434261", "group_seed": "12686840", "username": "strong_27", "category": "strong", "password_tried": "e", "latency_ms": 6.361, "global_count": 161, "result": "failure", "detail": "invalid credentials"}
{"timestamp": "2026-01-07T15:02:29.449880", "group_seed": "12686840", "username": "strong_27", "category": "strong", "password_tried": "f", "latency_ms": 7.11, "global_count": 162, "result": "failure", "detail": "account locked"}
{"timestamp": "2026-01-07T15:02:29.449880", "group_seed": "12686840", "username": "strong_28", "category": "strong", "password_tried": "a", "latency_ms": 6.451, "global_count": 163, "result": "failure", "detail": "invalid credentials"}
{"timestamp": "2026-01-07T15:02:29.465508", "group_seed": "12686840", "username": "strong_28", "category": "strong", "password_tried": "b", "latency_ms": 6.501, "global_count": 164, "result": "failure", "detail": "invalid credentials"}
{"timestamp": "2026-01-07T15:02:29.465508", "group_seed": "12686840", "username": "strong_28", "category": "strong", "password_tried": "c", "latency_ms": 6.092, "global_count": 165, "result": "failure", "detail": "invalid credentials"}
{"timestamp": "2026-01-07T15:02:29.465508", "group_seed": "12686840", "username": "strong_28", "category": "strong", "password_tried": "d", "latency_ms": 6.384, "global_count": 166, "result": "failure", "detail": "invalid credentials"}
{"timestamp": "2026-01-07T15:02:29.481138", "group_seed": "12686840", "username": "strong_28", "category": "strong", "password_tried": "e", "latency_ms": 8.02, "global_count": 167, "result": "failure", "detail": "invalid credentials"}
{"timestamp": "2026-01-07T15:02:29.481138", "group_seed": "12686840", "username": "strong_28", "category": "strong", "password_tried": "f", "latency_ms": 6.289, "global_count": 168, "result": "failure", "detail": "account locked"}
{"timestamp": "2026-01-07T15:02:29.496759", "group_seed": "12686840", "username": "strong_29", "category": "strong", "password_tried": "a", "latency_ms": 6.642, "global_count": 169, "result": "failure", "detail": "invalid credentials"}
{"timestamp": "2026-01-07T15:02:29.496759", "group_seed": "12686840", "username": "strong_29", "category": "strong", "password_tried": "b", "latency_ms": 6.033, "global_count": 170, "result": "failure", "detail": "invalid credentials"}
{"timestamp": "2026-01-07T15:02:29.512381", "group_seed": "12686840", "username": "strong_29", "category": "strong", "password_tried": "c", "latency_ms": 8.144, "global_count": 171, "result": "failure", "detail": "invalid credentials"}
{"timestamp": "2026-01-07T15:02:29.512381", "group_seed": "12686840", "username": "strong_29", "category": "strong", "password_tried": "d", "latency_ms": 6.59, "global_count": 172, "result": "failure", "detail": "invalid credentials"}
{"timestamp": "2026-01-07T15:02:29.528008", "group_seed": "12686840", "username": "strong_29", "category": "strong", "password_tried": "e", "latency_ms": 6.886, "global_count": 173, "result": "failure", "detail": "invalid credentials"}
{"timestamp": "2026-01-07T15:02:29.528008", "group_seed": "12686840", "username": "strong_29", "category": "strong", "password_tried": "f", "latency_ms": 6.156, "global_count": 174, "result": "failure", "detail": "account locked"}
{"timestamp": "2026-01-07T15:02:29.528008", "group_seed": "12686840", "username": "strong_30", "category": "strong", "password_tried": "a", "latency_ms": 6.295, "global_count": 175, "result": "failure", "detail": "invalid credentials"}
{"timestamp": "2026-01-07T15:02:29.559264", "group_seed": "12686840", "username": "strong_30", "category": "strong", "password_tried": "b", "latency_ms": 18.957, "global_count": 176, "result": "failure", "detail": "invalid credentials"}
{"timestamp": "2026-01-07T15:02:29.559264", "group_seed": "12686840", "username": "strong_30", "category": "strong", "password_tried": "c", "latency_ms": 6.197, "global_count": 177, "result": "failure", "detail": "invalid credentials"}
{"timestamp": "2026-01-07T15:02:29.559264", "group_seed": "12686840", "username": "strong_30", "category": "strong", "password_tried": "d", "latency_ms": 6.176, "global_count": 178, "result": "failure", "detail": "invalid credentials"}
{"timestamp": "2026-01-07T15:02:29.574881", "group_seed": "12686840", "username": "strong_30", "category": "strong", "password_tried": "e", "latency_ms": 8.693, "global_count": 179, "result": "failure", "detail": "invalid credentials"}
{"timestamp": "2026-01-07T15:02:29.574881", "group_seed": "12686840", "username": "strong_30", "category": "strong", "password_tried": "f", "latency_ms": 6.4, "global_count": 180, "result": "failure", "detail": "account locked"}
{"timestamp": "2026-01-07T15:02:29.590509", "group_seed": "12686840", "username": "common_31", "category": "common", "password_tried": "a", "latency_ms": 6.3, "global_count": 181, "result": "failure", "detail": "invalid credentials"}
{"timestamp": "2026-01-07T15:02:29.590509", "group_seed": "12686840", "username": "common_31", "category": "common", "password_tried": "b", "latency_ms": 6.419, "global_count": 182, "result": "failure", "detail": "invalid credentials"}
{"timestamp": "2026-01-07T15:02:29.606133", "group_seed": "12686840", "username": "common_31", "category": "common", "password_tried": "c", "latency_ms": 7.865, "global_count": 183, "result": "failure", "detail": "invalid credentials"}
{"timestamp": "2026-01-07T15:02:29.606133", "group_seed": "12686840", "username": "common_31", "category": "common", "password_tried": "d", "latency_ms": 6.099, "global_count": 184, "result": "failure", "detail": "invalid credentials"}
{"timestamp": "2026-01-07T15:02:29.621756", "group_seed": "12686840", "username": "common_31", "category": "common", "password_tried": "e", "latency_ms": 6.517, "global_count": 185, "result": "failure", "detail": "invalid credentials"}
{"timestamp": "2026-01-07T15:02:29.621756", "group_seed": "12686840", "username": "common_31", "category": "common", "password_tried": "f", "latency_ms": 5.945, "global_count": 186, "result": "failure", "detail": "account locked"}
{"timestamp": "2026-01-07T15:02:29.621756", "group_seed": "12686840", "username": "common_32", "category": "common", "password_tried": "a", "latency_ms": 6.255, "global_count": 187, "result": "failure", "detail": "invalid credentials"}
{"timestamp": "2026-01-07T15:02:29.637388", "group_seed": "12686840", "username": "common_32", "category": "common", "password_tried": "b", "latency_ms": 8.225, "global_count": 188, "result": "failure", "detail": "invalid credentials"}
{"timestamp": "2026-01-07T15:02:29.637388", "group_seed": "12686840", "username": "common_32", "category": "common", "password_tried": "c", "latency_ms": 6.105, "global_count": 189, "result": "failure", "detail": "invalid credentials"}
{"timestamp": "2026-01-07T15:02:29.653017", "group_seed": "12686840", "username": "common_32", "category": "common", "password_tried": "d", "latency_ms": 7.836, "global_count": 190, "result": "failure", "detail": "invalid credentials"}
{"timestamp": "2026-01-07T15:02:29.653017", "group_seed": "12686840", "username": "common_32", "category": "common", "password_tried": "e", "latency_ms": 5.985, "global_count": 191, "result": "failure", "detail": "invalid credentials"}
{"timestamp": "2026-01-07T15:02:29.668634", "group_seed": "12686840", "username": "common_32", "category": "common", "password_tried": "f", "latency_ms": 6.368, "global_count": 192, "result": "failure", "detail": "account locked"}
{"timestamp": "2026-01-07T15:02:29.668634", "group_seed": "12686840", "username": "common_33", "category": "common", "password_tried": "a", "latency_ms": 6.567, "global_count": 193, "result": "failure", "detail": "invalid credentials"}
{"timestamp": "2026-01-07T15:02:29.684257", "group_seed": "12686840", "username": "common_33", "category": "common", "password_tried": "b", "latency_ms": 7.499, "global_count": 194, "result": "failure", "detail": "invalid credentials"}
{"timestamp": "2026-01-07T15:02:29.684257", "group_seed": "12686840", "username": "common_33", "category": "common", "password_tried": "c", "latency_ms": 7.077, "global_count": 195, "result": "failure", "detail": "invalid credentials"}
{"timestamp": "2026-01-07T15:02:29.699882", "group_seed": "12686840", "username": "common_33", "category": "common", "password_tried": "d", "latency_ms": 6.342, "global_count": 196, "result": "failure", "detail": "invalid credentials"}
{"timestamp": "2026-01-07T15:02:29.699882", "group_seed": "12686840", "username": "common_33", "category": "common", "password_tried": "e", "latency_ms": 5.254, "global_count": 197, "result": "failure", "detail": "invalid credentials"}
{"timestamp": "2026-01-07T15:02:29.715514", "group_seed": "12686840", "username": "common_33", "category": "common", "password_tried": "f", "latency_ms": 12.255, "global_count": 198, "result": "failure", "detail": "account locked"}
{"timestamp": "2026-01-07T15:02:29.715514", "group_seed": "12686840", "username": "common_34", "category": "common", "password_tried": "a", "latency_ms": 6.635, "global_count": 199, "result": "failure", "detail": "invalid credentials"}
{"timestamp": "2026-01-07T15:02:29.731136", "group_seed": "12686840", "username": "common_34", "category": "common", "password_tried": "b", "latency_ms": 6.611, "global_count": 200, "result": "failure", "detail": "invalid credentials"}
{"timestamp": "2026-01-07T15:02:29.731136", "group_seed": "12686840", "username": "common_34", "category": "common", "password_tried": "c", "latency_ms": 6.141, "global_count": 201, "result": "failure", "detail": "invalid credentials"}
{"timestamp": "2026-01-07T15:02:29.731136", "group_seed": "12686840", "username": "common_34", "category": "common", "password_tried": "d", "latency_ms": 6.291, "global_count": 202, "result": "failure", "detail": "invalid credentials"}
{"timestamp": "2026-01-07T15:02:29.746760", "group_seed": "12686840", "username": "common_34", "category": "common", "password_tried": "e", "latency_ms": 7.327, "global_count": 203, "result": "failure", "detail": "invalid credentials"}
{"timestamp": "2026-01-07T15:02:29.746760", "group_seed": "12686840", "username": "common_34", "category": "common", "password_tried": "f", "latency_ms": 6.419, "global_count": 204, "result": "failure", "detail": "account locked"}
{"timestamp": "2026-01-07T15:02:29.762382", "group_seed": "12686840", "username": "common_35", "category": "common", "password_tried": "a", "latency_ms": 8.156, "global_count": 205, "result": "failure", "detail": "invalid credentials"}
{"timestamp": "2026-01-07T15:02:29.762382", "group_seed": "12686840", "username": "common_35", "category": "common", "password_tried": "b", "latency_ms": 6.178, "global_count": 206, "result": "failure", "detail": "invalid credentials"}
{"timestamp": "2026-01-07T15:02:29.778012", "group_seed": "12686840", "username": "common_35", "category": "common", "password_tried": "c", "latency_ms": 8.715, "global_count": 207, "result": "failure", "detail": "invalid credentials"}
{"timestamp": "2026-01-07T15:02:29.778012", "group_seed": "12686840", "username": "common_35", "category": "common", "password_tried": "d", "latency_ms": 6.236, "global_count": 208, "result": "failure", "detail": "invalid credentials"}
{"timestamp": "2026-01-07T15:02:29.793631", "group_seed": "12686840", "username": "common_35", "category": "common", "password_tried": "e", "latency_ms": 6.849, "global_count": 209, "result": "failure", "detail": "invalid credentials"}
{"timestamp": "2026-01-07T15:02:29.793631", "group_seed": "12686840", "username": "common_35", "category": "common", "password_tried": "f", "latency_ms": 6.054, "global_count": 210, "result": "failure", "detail": "account locked"}
{"timestamp": "2026-01-07T15:02:29.809262", "group_seed": "12686840", "username": "Group_seed", "category": "common", "password_tried": "a", "latency_ms": 6.446, "global_count": 211, "result": "failure", "detail": "invalid credentials"}
{"timestamp": "2026-01-07T15:02:29.809262", "group_seed": "12686840", "username": "Group_seed", "category": "common", "password_tried": "b", "latency_ms": 6.347, "global_count": 212, "result": "failure", "detail": "invalid credentials"}
{"timestamp": "2026-01-07T15:02:29.809262", "group_seed": "12686840", "username": "Group_seed", "category": "common", "password_tried": "c", "latency_ms": 6.087, "global_count": 213, "result": "failure", "detail": "invalid credentials"}
{"timestamp": "2026-01-07T15:02:29.824882", "group_seed": "12686840", "username": "Group_seed", "category": "common", "password_tried": "d", "latency_ms": 6.993, "global_count": 214, "result": "failure", "detail": "invalid credentials"}
{"timestamp": "2026-01-07T15:02:29.824882", "group_seed": "12686840", "username": "Group_seed", "category": "common", "password_tried": "e", "latency_ms": 6.225, "global_count": 215, "result": "failure", "detail": "invalid credentials"}
{"timestamp": "2026-01-07T15:02:29.840512", "group_seed": "12686840", "username": "Group_seed", "category": "common", "password_tried": "f", "latency_ms": 7.437, "global_count": 216, "result": "failure", "detail": "account locked"}
