===========================================
        PASSWORD SPRAYING ATTACK
===========================================
Start Time: Thu Nov 27 09:53:19 2025
Protections: OFF
Max Time: 7200 seconds
Passwords Tested: 15
Users Count: 30
===========================================

{"timestamp": 1764229999.4418032, "group_seed": 6631928, "username": "user01", "category": "weak", "password_attempt": "123456", "result": "fail", "latency_ms": 5.086, "hash_mode": "sha256", "protections": "OFF"}
{"timestamp": 1764229999.4459572, "group_seed": 6631928, "username": "user02", "category": "weak", "password_attempt": "123456", "result": "fail", "latency_ms": 4.154, "hash_mode": "sha256", "protections": "OFF"}
{"timestamp": 1764229999.4509559, "group_seed": 6631928, "username": "user03", "category": "weak", "password_attempt": "123456", "result": "fail", "latency_ms": 3.992, "hash_mode": "sha256", "protections": "OFF"}
{"timestamp": 1764229999.4559557, "group_seed": 6631928, "username": "user04", "category": "weak", "password_attempt": "123456", "result": "fail", "latency_ms": 3.999, "hash_mode": "sha256", "protections": "OFF"}
{"timestamp": 1764229999.459958, "group_seed": 6631928, "username": "user05", "category": "weak", "password_attempt": "123456", "result": "fail", "latency_ms": 4.002, "hash_mode": "sha256", "protections": "OFF"}
{"timestamp": 1764229999.4639566, "group_seed": 6631928, "username": "user06", "category": "weak", "password_attempt": "123456", "result": "fail", "latency_ms": 3.999, "hash_mode": "sha256", "protections": "OFF"}
{"timestamp": 1764229999.4679632, "group_seed": 6631928, "username": "user07", "category": "weak", "password_attempt": "123456", "result": "fail", "latency_ms": 4.007, "hash_mode": "sha256", "protections": "OFF"}
{"timestamp": 1764229999.472992, "group_seed": 6631928, "username": "user08", "category": "weak", "password_attempt": "123456", "result": "fail", "latency_ms": 4.036, "hash_mode": "sha256", "protections": "OFF"}
{"timestamp": 1764229999.4779918, "group_seed": 6631928, "username": "user09", "category": "weak", "password_attempt": "123456", "result": "fail", "latency_ms": 5.0, "hash_mode": "sha256", "protections": "OFF"}
{"timestamp": 1764229999.4819915, "group_seed": 6631928, "username": "user10", "category": "weak", "password_attempt": "123456", "result": "fail", "latency_ms": 4.0, "hash_mode": "sha256", "protections": "OFF"}
{"timestamp": 1764229999.5291378, "group_seed": 6631928, "username": "user11", "category": "medium", "password_attempt": "123456", "result": "error", "latency_ms": 46.148, "hash_mode": "bcrypt", "protections": "OFF"}
{"timestamp": 1764230000.108253, "group_seed": 6631928, "username": "user12", "category": "medium", "password_attempt": "123456", "result": "fail", "latency_ms": 579.115, "hash_mode": "bcrypt", "protections": "OFF"}
{"timestamp": 1764230000.3345423, "group_seed": 6631928, "username": "user13", "category": "medium", "password_attempt": "123456", "result": "fail", "latency_ms": 224.21, "hash_mode": "bcrypt", "protections": "OFF"}
{"timestamp": 1764230000.5691195, "group_seed": 6631928, "username": "user14", "category": "medium", "password_attempt": "123456", "result": "fail", "latency_ms": 234.577, "hash_mode": "bcrypt", "protections": "OFF"}
{"timestamp": 1764230000.7974582, "group_seed": 6631928, "username": "user15", "category": "medium", "password_attempt": "123456", "result": "fail", "latency_ms": 228.339, "hash_mode": "bcrypt", "protections": "OFF"}
{"timestamp": 1764230001.0266159, "group_seed": 6631928, "username": "user16", "category": "medium", "password_attempt": "123456", "result": "fail", "latency_ms": 229.158, "hash_mode": "bcrypt", "protections": "OFF"}
{"timestamp": 1764230001.249787, "group_seed": 6631928, "username": "user17", "category": "medium", "password_attempt": "123456", "result": "fail", "latency_ms": 223.171, "hash_mode": "bcrypt", "protections": "OFF"}
{"timestamp": 1764230001.4727316, "group_seed": 6631928, "username": "user18", "category": "medium", "password_attempt": "123456", "result": "fail", "latency_ms": 221.933, "hash_mode": "bcrypt", "protections": "OFF"}
{"timestamp": 1764230001.6977408, "group_seed": 6631928, "username": "user19", "category": "medium", "password_attempt": "123456", "result": "fail", "latency_ms": 223.909, "hash_mode": "bcrypt", "protections": "OFF"}
{"timestamp": 1764230001.9219604, "group_seed": 6631928, "username": "user20", "category": "medium", "password_attempt": "123456", "result": "fail", "latency_ms": 223.221, "hash_mode": "bcrypt", "protections": "OFF"}
{"timestamp": 1764230001.9756649, "group_seed": 6631928, "username": "user21", "category": "strong", "password_attempt": "123456", "result": "fail", "latency_ms": 52.692, "hash_mode": "argon2id", "protections": "OFF"}
{"timestamp": 1764230002.0277946, "group_seed": 6631928, "username": "user22", "category": "strong", "password_attempt": "123456", "result": "fail", "latency_ms": 51.128, "hash_mode": "argon2id", "protections": "OFF"}
{"timestamp": 1764230002.093955, "group_seed": 6631928, "username": "user23", "category": "strong", "password_attempt": "123456", "result": "fail", "latency_ms": 66.16, "hash_mode": "argon2id", "protections": "OFF"}
{"timestamp": 1764230002.1508887, "group_seed": 6631928, "username": "user24", "category": "strong", "password_attempt": "123456", "result": "fail", "latency_ms": 56.934, "hash_mode": "argon2id", "protections": "OFF"}
{"timestamp": 1764230002.2079217, "group_seed": 6631928, "username": "user25", "category": "strong", "password_attempt": "123456", "result": "fail", "latency_ms": 56.027, "hash_mode": "argon2id", "protections": "OFF"}
{"timestamp": 1764230002.2669191, "group_seed": 6631928, "username": "user26", "category": "strong", "password_attempt": "123456", "result": "fail", "latency_ms": 57.998, "hash_mode": "argon2id", "protections": "OFF"}
{"timestamp": 1764230002.329522, "group_seed": 6631928, "username": "user27", "category": "strong", "password_attempt": "123456", "result": "fail", "latency_ms": 61.594, "hash_mode": "argon2id", "protections": "OFF"}
{"timestamp": 1764230002.3852887, "group_seed": 6631928, "username": "user28", "category": "strong", "password_attempt": "123456", "result": "fail", "latency_ms": 54.771, "hash_mode": "argon2id", "protections": "OFF"}
{"timestamp": 1764230002.4430454, "group_seed": 6631928, "username": "user29", "category": "strong", "password_attempt": "123456", "result": "fail", "latency_ms": 57.757, "hash_mode": "argon2id", "protections": "OFF"}
{"timestamp": 1764230002.5067294, "group_seed": 6631928, "username": "user30", "category": "strong", "password_attempt": "123456", "result": "fail", "latency_ms": 63.684, "hash_mode": "argon2id", "protections": "OFF"}
{"timestamp": 1764230002.5108082, "group_seed": 6631928, "username": "user01", "category": "weak", "password_attempt": "password", "result": "fail", "latency_ms": 4.079, "hash_mode": "sha256", "protections": "OFF"}
{"timestamp": 1764230002.5148191, "group_seed": 6631928, "username": "user02", "category": "weak", "password_attempt": "password", "result": "fail", "latency_ms": 4.011, "hash_mode": "sha256", "protections": "OFF"}
{"timestamp": 1764230002.5188138, "group_seed": 6631928, "username": "user03", "category": "weak", "password_attempt": "password", "result": "fail", "latency_ms": 3.995, "hash_mode": "sha256", "protections": "OFF"}
{"timestamp": 1764230002.5228155, "group_seed": 6631928, "username": "user04", "category": "weak", "password_attempt": "password", "result": "fail", "latency_ms": 3.001, "hash_mode": "sha256", "protections": "OFF"}
{"timestamp": 1764230002.5268166, "group_seed": 6631928, "username": "user05", "category": "weak", "password_attempt": "password", "result": "fail", "latency_ms": 4.001, "hash_mode": "sha256", "protections": "OFF"}
{"timestamp": 1764230002.530816, "group_seed": 6631928, "username": "user06", "category": "weak", "password_attempt": "password", "result": "fail", "latency_ms": 3.999, "hash_mode": "sha256", "protections": "OFF"}
{"timestamp": 1764230002.533819, "group_seed": 6631928, "username": "user07", "category": "weak", "password_attempt": "password", "result": "fail", "latency_ms": 3.003, "hash_mode": "sha256", "protections": "OFF"}
{"timestamp": 1764230002.5368207, "group_seed": 6631928, "username": "user08", "category": "weak", "password_attempt": "password", "result": "fail", "latency_ms": 3.002, "hash_mode": "sha256", "protections": "OFF"}
{"timestamp": 1764230002.5408168, "group_seed": 6631928, "username": "user09", "category": "weak", "password_attempt": "password", "result": "fail", "latency_ms": 3.0, "hash_mode": "sha256", "protections": "OFF"}
{"timestamp": 1764230002.543818, "group_seed": 6631928, "username": "user10", "category": "weak", "password_attempt": "password", "result": "fail", "latency_ms": 3.001, "hash_mode": "sha256", "protections": "OFF"}
{"timestamp": 1764230002.7858634, "group_seed": 6631928, "username": "user11", "category": "medium", "password_attempt": "password", "result": "fail", "latency_ms": 241.042, "hash_mode": "bcrypt", "protections": "OFF"}
{"timestamp": 1764230003.0240927, "group_seed": 6631928, "username": "user12", "category": "medium", "password_attempt": "password", "result": "fail", "latency_ms": 238.229, "hash_mode": "bcrypt", "protections": "OFF"}
{"timestamp": 1764230003.26553, "group_seed": 6631928, "username": "user13", "category": "medium", "password_attempt": "password", "result": "fail", "latency_ms": 240.348, "hash_mode": "bcrypt", "protections": "OFF"}
{"timestamp": 1764230003.567763, "group_seed": 6631928, "username": "user14", "category": "medium", "password_attempt": "password", "result": "fail", "latency_ms": 302.233, "hash_mode": "bcrypt", "protections": "OFF"}
{"timestamp": 1764230003.8237681, "group_seed": 6631928, "username": "user15", "category": "medium", "password_attempt": "password", "result": "fail", "latency_ms": 254.833, "hash_mode": "bcrypt", "protections": "OFF"}
{"timestamp": 1764230004.0682094, "group_seed": 6631928, "username": "user16", "category": "medium", "password_attempt": "password", "result": "fail", "latency_ms": 243.442, "hash_mode": "bcrypt", "protections": "OFF"}
{"timestamp": 1764230004.29829, "group_seed": 6631928, "username": "user17", "category": "medium", "password_attempt": "password", "result": "fail", "latency_ms": 229.082, "hash_mode": "bcrypt", "protections": "OFF"}
{"timestamp": 1764230004.5448859, "group_seed": 6631928, "username": "user18", "category": "medium", "password_attempt": "password", "result": "fail", "latency_ms": 245.612, "hash_mode": "bcrypt", "protections": "OFF"}
{"timestamp": 1764230004.7663004, "group_seed": 6631928, "username": "user19", "category": "medium", "password_attempt": "password", "result": "fail", "latency_ms": 220.398, "hash_mode": "bcrypt", "protections": "OFF"}
{"timestamp": 1764230004.9853666, "group_seed": 6631928, "username": "user20", "category": "medium", "password_attempt": "password", "result": "fail", "latency_ms": 219.066, "hash_mode": "bcrypt", "protections": "OFF"}
{"timestamp": 1764230005.0364635, "group_seed": 6631928, "username": "user21", "category": "strong", "password_attempt": "password", "result": "fail", "latency_ms": 50.074, "hash_mode": "argon2id", "protections": "OFF"}
{"timestamp": 1764230005.084943, "group_seed": 6631928, "username": "user22", "category": "strong", "password_attempt": "password", "result": "fail", "latency_ms": 48.48, "hash_mode": "argon2id", "protections": "OFF"}
{"timestamp": 1764230005.135495, "group_seed": 6631928, "username": "user23", "category": "strong", "password_attempt": "password", "result": "fail", "latency_ms": 49.548, "hash_mode": "argon2id", "protections": "OFF"}
{"timestamp": 1764230005.1902685, "group_seed": 6631928, "username": "user24", "category": "strong", "password_attempt": "password", "result": "fail", "latency_ms": 54.774, "hash_mode": "argon2id", "protections": "OFF"}
{"timestamp": 1764230005.2479253, "group_seed": 6631928, "username": "user25", "category": "strong", "password_attempt": "password", "result": "fail", "latency_ms": 56.659, "hash_mode": "argon2id", "protections": "OFF"}
{"timestamp": 1764230005.304754, "group_seed": 6631928, "username": "user26", "category": "strong", "password_attempt": "password", "result": "fail", "latency_ms": 55.833, "hash_mode": "argon2id", "protections": "OFF"}
{"timestamp": 1764230005.3620396, "group_seed": 6631928, "username": "user27", "category": "strong", "password_attempt": "password", "result": "fail", "latency_ms": 56.126, "hash_mode": "argon2id", "protections": "OFF"}
{"timestamp": 1764230005.4191206, "group_seed": 6631928, "username": "user28", "category": "strong", "password_attempt": "password", "result": "fail", "latency_ms": 57.081, "hash_mode": "argon2id", "protections": "OFF"}
{"timestamp": 1764230005.478555, "group_seed": 6631928, "username": "user29", "category": "strong", "password_attempt": "password", "result": "fail", "latency_ms": 58.439, "hash_mode": "argon2id", "protections": "OFF"}
{"timestamp": 1764230005.537126, "group_seed": 6631928, "username": "user30", "category": "strong", "password_attempt": "password", "result": "fail", "latency_ms": 58.571, "hash_mode": "argon2id", "protections": "OFF"}
{"timestamp": 1764230005.5423, "group_seed": 6631928, "username": "user01", "category": "weak", "password_attempt": "qwerty", "result": "fail", "latency_ms": 4.173, "hash_mode": "sha256", "protections": "OFF"}
{"timestamp": 1764230005.54531, "group_seed": 6631928, "username": "user02", "category": "weak", "password_attempt": "qwerty", "result": "fail", "latency_ms": 3.01, "hash_mode": "sha256", "protections": "OFF"}
{"timestamp": 1764230005.5492864, "group_seed": 6631928, "username": "user03", "category": "weak", "password_attempt": "qwerty", "result": "fail", "latency_ms": 2.887, "hash_mode": "sha256", "protections": "OFF"}
{"timestamp": 1764230005.5529757, "group_seed": 6631928, "username": "user04", "category": "weak", "password_attempt": "qwerty", "result": "fail", "latency_ms": 3.689, "hash_mode": "sha256", "protections": "OFF"}
{"timestamp": 1764230005.5569823, "group_seed": 6631928, "username": "user05", "category": "weak", "password_attempt": "qwerty", "result": "fail", "latency_ms": 4.007, "hash_mode": "sha256", "protections": "OFF"}
{"timestamp": 1764230005.5609858, "group_seed": 6631928, "username": "user06", "category": "weak", "password_attempt": "qwerty", "result": "fail", "latency_ms": 4.004, "hash_mode": "sha256", "protections": "OFF"}
{"timestamp": 1764230005.5651748, "group_seed": 6631928, "username": "user07", "category": "weak", "password_attempt": "qwerty", "result": "fail", "latency_ms": 4.189, "hash_mode": "sha256", "protections": "OFF"}
{"timestamp": 1764230005.5683317, "group_seed": 6631928, "username": "user08", "category": "weak", "password_attempt": "qwerty", "result": "fail", "latency_ms": 3.157, "hash_mode": "sha256", "protections": "OFF"}
{"timestamp": 1764230005.5713346, "group_seed": 6631928, "username": "user09", "category": "weak", "password_attempt": "qwerty", "result": "fail", "latency_ms": 3.003, "hash_mode": "sha256", "protections": "OFF"}
{"timestamp": 1764230005.5754821, "group_seed": 6631928, "username": "user10", "category": "weak", "password_attempt": "qwerty", "result": "fail", "latency_ms": 3.111, "hash_mode": "sha256", "protections": "OFF"}
{"timestamp": 1764230005.8128188, "group_seed": 6631928, "username": "user11", "category": "medium", "password_attempt": "qwerty", "result": "fail", "latency_ms": 236.337, "hash_mode": "bcrypt", "protections": "OFF"}
{"timestamp": 1764230006.0449777, "group_seed": 6631928, "username": "user12", "category": "medium", "password_attempt": "qwerty", "result": "fail", "latency_ms": 232.159, "hash_mode": "bcrypt", "protections": "OFF"}
{"timestamp": 1764230006.263486, "group_seed": 6631928, "username": "user13", "category": "medium", "password_attempt": "qwerty", "result": "fail", "latency_ms": 217.397, "hash_mode": "bcrypt", "protections": "OFF"}
{"timestamp": 1764230006.486376, "group_seed": 6631928, "username": "user14", "category": "medium", "password_attempt": "qwerty", "result": "fail", "latency_ms": 221.921, "hash_mode": "bcrypt", "protections": "OFF"}
{"timestamp": 1764230006.712699, "group_seed": 6631928, "username": "user15", "category": "medium", "password_attempt": "qwerty", "result": "fail", "latency_ms": 225.35, "hash_mode": "bcrypt", "protections": "OFF"}
{"timestamp": 1764230006.9503603, "group_seed": 6631928, "username": "user16", "category": "medium", "password_attempt": "qwerty", "result": "fail", "latency_ms": 237.661, "hash_mode": "bcrypt", "protections": "OFF"}
{"timestamp": 1764230007.1774757, "group_seed": 6631928, "username": "user17", "category": "medium", "password_attempt": "qwerty", "result": "fail", "latency_ms": 224.994, "hash_mode": "bcrypt", "protections": "OFF"}
{"timestamp": 1764230007.403239, "group_seed": 6631928, "username": "user18", "category": "medium", "password_attempt": "qwerty", "result": "fail", "latency_ms": 224.765, "hash_mode": "bcrypt", "protections": "OFF"}
{"timestamp": 1764230007.624186, "group_seed": 6631928, "username": "user19", "category": "medium", "password_attempt": "qwerty", "result": "fail", "latency_ms": 220.598, "hash_mode": "bcrypt", "protections": "OFF"}
{"timestamp": 1764230007.8640816, "group_seed": 6631928, "username": "user20", "category": "medium", "password_attempt": "qwerty", "result": "fail", "latency_ms": 239.896, "hash_mode": "bcrypt", "protections": "OFF"}
{"timestamp": 1764230007.9246674, "group_seed": 6631928, "username": "user21", "category": "strong", "password_attempt": "qwerty", "result": "fail", "latency_ms": 60.586, "hash_mode": "argon2id", "protections": "OFF"}
{"timestamp": 1764230007.9740336, "group_seed": 6631928, "username": "user22", "category": "strong", "password_attempt": "qwerty", "result": "fail", "latency_ms": 49.366, "hash_mode": "argon2id", "protections": "OFF"}
{"timestamp": 1764230008.0227246, "group_seed": 6631928, "username": "user23", "category": "strong", "password_attempt": "qwerty", "result": "fail", "latency_ms": 48.691, "hash_mode": "argon2id", "protections": "OFF"}
{"timestamp": 1764230008.0867233, "group_seed": 6631928, "username": "user24", "category": "strong", "password_attempt": "qwerty", "result": "fail", "latency_ms": 63.999, "hash_mode": "argon2id", "protections": "OFF"}
{"timestamp": 1764230008.140161, "group_seed": 6631928, "username": "user25", "category": "strong", "password_attempt": "qwerty", "result": "fail", "latency_ms": 52.41, "hash_mode": "argon2id", "protections": "OFF"}
{"timestamp": 1764230008.1934452, "group_seed": 6631928, "username": "user26", "category": "strong", "password_attempt": "qwerty", "result": "fail", "latency_ms": 53.284, "hash_mode": "argon2id", "protections": "OFF"}
{"timestamp": 1764230008.253042, "group_seed": 6631928, "username": "user27", "category": "strong", "password_attempt": "qwerty", "result": "fail", "latency_ms": 58.712, "hash_mode": "argon2id", "protections": "OFF"}
{"timestamp": 1764230008.309363, "group_seed": 6631928, "username": "user28", "category": "strong", "password_attempt": "qwerty", "result": "fail", "latency_ms": 56.321, "hash_mode": "argon2id", "protections": "OFF"}
{"timestamp": 1764230008.3613358, "group_seed": 6631928, "username": "user29", "category": "strong", "password_attempt": "qwerty", "result": "fail", "latency_ms": 51.973, "hash_mode": "argon2id", "protections": "OFF"}
{"timestamp": 1764230008.4036973, "group_seed": 6631928, "username": "user30", "category": "strong", "password_attempt": "qwerty", "result": "fail", "latency_ms": 42.361, "hash_mode": "argon2id", "protections": "OFF"}
{"timestamp": 1764230008.4036973, "group_seed": 6631928, "username": "user01", "category": "weak", "password_attempt": "111111", "result": "fail", "latency_ms": 0.0, "hash_mode": "sha256", "protections": "OFF"}
{"timestamp": 1764230008.4195268, "group_seed": 6631928, "username": "user02", "category": "weak", "password_attempt": "111111", "result": "fail", "latency_ms": 15.83, "hash_mode": "sha256", "protections": "OFF"}
{"timestamp": 1764230008.4239366, "group_seed": 6631928, "username": "user03", "category": "weak", "password_attempt": "111111", "result": "fail", "latency_ms": 4.41, "hash_mode": "sha256", "protections": "OFF"}
{"timestamp": 1764230008.4269202, "group_seed": 6631928, "username": "user04", "category": "weak", "password_attempt": "111111", "result": "fail", "latency_ms": 2.984, "hash_mode": "sha256", "protections": "OFF"}
{"timestamp": 1764230008.4319801, "group_seed": 6631928, "username": "user05", "category": "weak", "password_attempt": "111111", "result": "fail", "latency_ms": 4.059, "hash_mode": "sha256", "protections": "OFF"}
{"timestamp": 1764230008.4349174, "group_seed": 6631928, "username": "user06", "category": "weak", "password_attempt": "111111", "result": "fail", "latency_ms": 2.937, "hash_mode": "sha256", "protections": "OFF"}
{"timestamp": 1764230008.4391847, "group_seed": 6631928, "username": "user07", "category": "weak", "password_attempt": "111111", "result": "fail", "latency_ms": 3.167, "hash_mode": "sha256", "protections": "OFF"}
{"timestamp": 1764230008.4401813, "group_seed": 6631928, "username": "user08", "category": "weak", "password_attempt": "111111", "result": "fail", "latency_ms": 0.997, "hash_mode": "sha256", "protections": "OFF"}
{"timestamp": 1764230008.4401813, "group_seed": 6631928, "username": "user09", "category": "weak", "password_attempt": "111111", "result": "fail", "latency_ms": 0.0, "hash_mode": "sha256", "protections": "OFF"}
{"timestamp": 1764230008.4401813, "group_seed": 6631928, "username": "user10", "category": "weak", "password_attempt": "111111", "result": "fail", "latency_ms": 0.0, "hash_mode": "sha256", "protections": "OFF"}
{"timestamp": 1764230008.660617, "group_seed": 6631928, "username": "user11", "category": "medium", "password_attempt": "111111", "result": "fail", "latency_ms": 220.436, "hash_mode": "bcrypt", "protections": "OFF"}
{"timestamp": 1764230008.8884993, "group_seed": 6631928, "username": "user12", "category": "medium", "password_attempt": "111111", "result": "fail", "latency_ms": 227.882, "hash_mode": "bcrypt", "protections": "OFF"}
{"timestamp": 1764230009.1130002, "group_seed": 6631928, "username": "user13", "category": "medium", "password_attempt": "111111", "result": "fail", "latency_ms": 223.495, "hash_mode": "bcrypt", "protections": "OFF"}
{"timestamp": 1764230009.3295705, "group_seed": 6631928, "username": "user14", "category": "medium", "password_attempt": "111111", "result": "fail", "latency_ms": 216.57, "hash_mode": "bcrypt", "protections": "OFF"}
{"timestamp": 1764230009.549932, "group_seed": 6631928, "username": "user15", "category": "medium", "password_attempt": "111111", "result": "fail", "latency_ms": 220.361, "hash_mode": "bcrypt", "protections": "OFF"}
{"timestamp": 1764230009.7696304, "group_seed": 6631928, "username": "user16", "category": "medium", "password_attempt": "111111", "result": "fail", "latency_ms": 219.698, "hash_mode": "bcrypt", "protections": "OFF"}
{"timestamp": 1764230009.9908874, "group_seed": 6631928, "username": "user17", "category": "medium", "password_attempt": "111111", "result": "fail", "latency_ms": 221.257, "hash_mode": "bcrypt", "protections": "OFF"}
{"timestamp": 1764230010.2080693, "group_seed": 6631928, "username": "user18", "category": "medium", "password_attempt": "111111", "result": "fail", "latency_ms": 216.089, "hash_mode": "bcrypt", "protections": "OFF"}
{"timestamp": 1764230010.4309788, "group_seed": 6631928, "username": "user19", "category": "medium", "password_attempt": "111111", "result": "fail", "latency_ms": 222.909, "hash_mode": "bcrypt", "protections": "OFF"}
{"timestamp": 1764230010.6520872, "group_seed": 6631928, "username": "user20", "category": "medium", "password_attempt": "111111", "result": "fail", "latency_ms": 221.108, "hash_mode": "bcrypt", "protections": "OFF"}
{"timestamp": 1764230010.7091572, "group_seed": 6631928, "username": "user21", "category": "strong", "password_attempt": "111111", "result": "fail", "latency_ms": 57.07, "hash_mode": "argon2id", "protections": "OFF"}
{"timestamp": 1764230010.7566986, "group_seed": 6631928, "username": "user22", "category": "strong", "password_attempt": "111111", "result": "fail", "latency_ms": 47.541, "hash_mode": "argon2id", "protections": "OFF"}
{"timestamp": 1764230010.8086686, "group_seed": 6631928, "username": "user23", "category": "strong", "password_attempt": "111111", "result": "fail", "latency_ms": 51.97, "hash_mode": "argon2id", "protections": "OFF"}
{"timestamp": 1764230010.8595161, "group_seed": 6631928, "username": "user24", "category": "strong", "password_attempt": "111111", "result": "fail", "latency_ms": 50.848, "hash_mode": "argon2id", "protections": "OFF"}
{"timestamp": 1764230010.909002, "group_seed": 6631928, "username": "user25", "category": "strong", "password_attempt": "111111", "result": "fail", "latency_ms": 49.486, "hash_mode": "argon2id", "protections": "OFF"}
{"timestamp": 1764230010.964133, "group_seed": 6631928, "username": "user26", "category": "strong", "password_attempt": "111111", "result": "fail", "latency_ms": 55.131, "hash_mode": "argon2id", "protections": "OFF"}
{"timestamp": 1764230011.0292833, "group_seed": 6631928, "username": "user27", "category": "strong", "password_attempt": "111111", "result": "fail", "latency_ms": 64.048, "hash_mode": "argon2id", "protections": "OFF"}
{"timestamp": 1764230011.0946975, "group_seed": 6631928, "username": "user28", "category": "strong", "password_attempt": "111111", "result": "fail", "latency_ms": 65.414, "hash_mode": "argon2id", "protections": "OFF"}
{"timestamp": 1764230011.1498718, "group_seed": 6631928, "username": "user29", "category": "strong", "password_attempt": "111111", "result": "fail", "latency_ms": 55.174, "hash_mode": "argon2id", "protections": "OFF"}
{"timestamp": 1764230011.2082868, "group_seed": 6631928, "username": "user30", "category": "strong", "password_attempt": "111111", "result": "fail", "latency_ms": 57.414, "hash_mode": "argon2id", "protections": "OFF"}
{"timestamp": 1764230011.2118042, "group_seed": 6631928, "username": "user01", "category": "weak", "password_attempt": "abc123", "result": "fail", "latency_ms": 3.517, "hash_mode": "sha256", "protections": "OFF"}
{"timestamp": 1764230011.2148042, "group_seed": 6631928, "username": "user02", "category": "weak", "password_attempt": "abc123", "result": "fail", "latency_ms": 3.0, "hash_mode": "sha256", "protections": "OFF"}
{"timestamp": 1764230011.218806, "group_seed": 6631928, "username": "user03", "category": "weak", "password_attempt": "abc123", "result": "fail", "latency_ms": 4.002, "hash_mode": "sha256", "protections": "OFF"}
{"timestamp": 1764230011.218806, "group_seed": 6631928, "username": "user04", "category": "weak", "password_attempt": "abc123", "result": "fail", "latency_ms": 0.0, "hash_mode": "sha256", "protections": "OFF"}
{"timestamp": 1764230011.218806, "group_seed": 6631928, "username": "user05", "category": "weak", "password_attempt": "abc123", "result": "fail", "latency_ms": 0.0, "hash_mode": "sha256", "protections": "OFF"}
{"timestamp": 1764230011.218806, "group_seed": 6631928, "username": "user06", "category": "weak", "password_attempt": "abc123", "result": "fail", "latency_ms": 0.0, "hash_mode": "sha256", "protections": "OFF"}
{"timestamp": 1764230011.218806, "group_seed": 6631928, "username": "user07", "category": "weak", "password_attempt": "abc123", "result": "fail", "latency_ms": 0.0, "hash_mode": "sha256", "protections": "OFF"}
{"timestamp": 1764230011.218806, "group_seed": 6631928, "username": "user08", "category": "weak", "password_attempt": "abc123", "result": "fail", "latency_ms": 0.0, "hash_mode": "sha256", "protections": "OFF"}
{"timestamp": 1764230011.234474, "group_seed": 6631928, "username": "user09", "category": "weak", "password_attempt": "abc123", "result": "fail", "latency_ms": 0.0, "hash_mode": "sha256", "protections": "OFF"}
{"timestamp": 1764230011.234474, "group_seed": 6631928, "username": "user10", "category": "weak", "password_attempt": "abc123", "result": "fail", "latency_ms": 0.0, "hash_mode": "sha256", "protections": "OFF"}
{"timestamp": 1764230011.4733503, "group_seed": 6631928, "username": "user11", "category": "medium", "password_attempt": "abc123", "result": "fail", "latency_ms": 238.876, "hash_mode": "bcrypt", "protections": "OFF"}
{"timestamp": 1764230011.7070441, "group_seed": 6631928, "username": "user12", "category": "medium", "password_attempt": "abc123", "result": "fail", "latency_ms": 233.694, "hash_mode": "bcrypt", "protections": "OFF"}
{"timestamp": 1764230011.940976, "group_seed": 6631928, "username": "user13", "category": "medium", "password_attempt": "abc123", "result": "fail", "latency_ms": 232.836, "hash_mode": "bcrypt", "protections": "OFF"}
{"timestamp": 1764230012.1622553, "group_seed": 6631928, "username": "user14", "category": "medium", "password_attempt": "abc123", "result": "fail", "latency_ms": 221.279, "hash_mode": "bcrypt", "protections": "OFF"}
{"timestamp": 1764230012.3876572, "group_seed": 6631928, "username": "user15", "category": "medium", "password_attempt": "abc123", "result": "fail", "latency_ms": 224.413, "hash_mode": "bcrypt", "protections": "OFF"}
{"timestamp": 1764230012.643397, "group_seed": 6631928, "username": "user16", "category": "medium", "password_attempt": "abc123", "result": "fail", "latency_ms": 255.181, "hash_mode": "bcrypt", "protections": "OFF"}
{"timestamp": 1764230012.8678045, "group_seed": 6631928, "username": "user17", "category": "medium", "password_attempt": "abc123", "result": "fail", "latency_ms": 223.425, "hash_mode": "bcrypt", "protections": "OFF"}
{"timestamp": 1764230013.0896645, "group_seed": 6631928, "username": "user18", "category": "medium", "password_attempt": "abc123", "result": "fail", "latency_ms": 221.86, "hash_mode": "bcrypt", "protections": "OFF"}
{"timestamp": 1764230013.3012419, "group_seed": 6631928, "username": "user19", "category": "medium", "password_attempt": "abc123", "result": "fail", "latency_ms": 211.577, "hash_mode": "bcrypt", "protections": "OFF"}
{"timestamp": 1764230013.5136487, "group_seed": 6631928, "username": "user20", "category": "medium", "password_attempt": "abc123", "result": "fail", "latency_ms": 212.407, "hash_mode": "bcrypt", "protections": "OFF"}
{"timestamp": 1764230013.564251, "group_seed": 6631928, "username": "user21", "category": "strong", "password_attempt": "abc123", "result": "fail", "latency_ms": 50.602, "hash_mode": "argon2id", "protections": "OFF"}
{"timestamp": 1764230013.616256, "group_seed": 6631928, "username": "user22", "category": "strong", "password_attempt": "abc123", "result": "fail", "latency_ms": 52.005, "hash_mode": "argon2id", "protections": "OFF"}
{"timestamp": 1764230013.6726663, "group_seed": 6631928, "username": "user23", "category": "strong", "password_attempt": "abc123", "result": "fail", "latency_ms": 55.303, "hash_mode": "argon2id", "protections": "OFF"}
{"timestamp": 1764230013.7140913, "group_seed": 6631928, "username": "user24", "category": "strong", "password_attempt": "abc123", "result": "fail", "latency_ms": 41.425, "hash_mode": "argon2id", "protections": "OFF"}
{"timestamp": 1764230013.777962, "group_seed": 6631928, "username": "user25", "category": "strong", "password_attempt": "abc123", "result": "fail", "latency_ms": 63.871, "hash_mode": "argon2id", "protections": "OFF"}
{"timestamp": 1764230013.8232422, "group_seed": 6631928, "username": "user26", "category": "strong", "password_attempt": "abc123", "result": "fail", "latency_ms": 45.28, "hash_mode": "argon2id", "protections": "OFF"}
{"timestamp": 1764230013.87662, "group_seed": 6631928, "username": "user27", "category": "strong", "password_attempt": "abc123", "result": "fail", "latency_ms": 53.378, "hash_mode": "argon2id", "protections": "OFF"}
{"timestamp": 1764230013.932474, "group_seed": 6631928, "username": "user28", "category": "strong", "password_attempt": "abc123", "result": "fail", "latency_ms": 33.926, "hash_mode": "argon2id", "protections": "OFF"}
{"timestamp": 1764230013.9809778, "group_seed": 6631928, "username": "user29", "category": "strong", "password_attempt": "abc123", "result": "fail", "latency_ms": 48.504, "hash_mode": "argon2id", "protections": "OFF"}
{"timestamp": 1764230014.0370388, "group_seed": 6631928, "username": "user30", "category": "strong", "password_attempt": "abc123", "result": "fail", "latency_ms": 56.061, "hash_mode": "argon2id", "protections": "OFF"}
{"timestamp": 1764230014.041058, "group_seed": 6631928, "username": "user01", "category": "weak", "password_attempt": "123123", "result": "fail", "latency_ms": 3.043, "hash_mode": "sha256", "protections": "OFF"}
{"timestamp": 1764230014.0447803, "group_seed": 6631928, "username": "user02", "category": "weak", "password_attempt": "123123", "result": "fail", "latency_ms": 3.722, "hash_mode": "sha256", "protections": "OFF"}
{"timestamp": 1764230014.0477903, "group_seed": 6631928, "username": "user03", "category": "weak", "password_attempt": "123123", "result": "fail", "latency_ms": 3.01, "hash_mode": "sha256", "protections": "OFF"}
{"timestamp": 1764230014.0524592, "group_seed": 6631928, "username": "user04", "category": "weak", "password_attempt": "123123", "result": "fail", "latency_ms": 3.67, "hash_mode": "sha256", "protections": "OFF"}
{"timestamp": 1764230014.0554647, "group_seed": 6631928, "username": "user05", "category": "weak", "password_attempt": "123123", "result": "fail", "latency_ms": 3.006, "hash_mode": "sha256", "protections": "OFF"}
{"timestamp": 1764230014.0584662, "group_seed": 6631928, "username": "user06", "category": "weak", "password_attempt": "123123", "result": "fail", "latency_ms": 2.001, "hash_mode": "sha256", "protections": "OFF"}
{"timestamp": 1764230014.0614777, "group_seed": 6631928, "username": "user07", "category": "weak", "password_attempt": "123123", "result": "fail", "latency_ms": 1.925, "hash_mode": "sha256", "protections": "OFF"}
{"timestamp": 1764230014.065466, "group_seed": 6631928, "username": "user08", "category": "weak", "password_attempt": "123123", "result": "fail", "latency_ms": 2.902, "hash_mode": "sha256", "protections": "OFF"}
{"timestamp": 1764230014.0674655, "group_seed": 6631928, "username": "user09", "category": "weak", "password_attempt": "123123", "result": "fail", "latency_ms": 2.0, "hash_mode": "sha256", "protections": "OFF"}
{"timestamp": 1764230014.0674655, "group_seed": 6631928, "username": "user10", "category": "weak", "password_attempt": "123123", "result": "fail", "latency_ms": 0.0, "hash_mode": "sha256", "protections": "OFF"}
{"timestamp": 1764230014.286464, "group_seed": 6631928, "username": "user11", "category": "medium", "password_attempt": "123123", "result": "fail", "latency_ms": 218.998, "hash_mode": "bcrypt", "protections": "OFF"}
{"timestamp": 1764230014.4985564, "group_seed": 6631928, "username": "user12", "category": "medium", "password_attempt": "123123", "result": "fail", "latency_ms": 212.092, "hash_mode": "bcrypt", "protections": "OFF"}
{"timestamp": 1764230014.7227736, "group_seed": 6631928, "username": "user13", "category": "medium", "password_attempt": "123123", "result": "fail", "latency_ms": 224.217, "hash_mode": "bcrypt", "protections": "OFF"}
{"timestamp": 1764230014.9474418, "group_seed": 6631928, "username": "user14", "category": "medium", "password_attempt": "123123", "result": "fail", "latency_ms": 224.668, "hash_mode": "bcrypt", "protections": "OFF"}
{"timestamp": 1764230015.2213, "group_seed": 6631928, "username": "user15", "category": "medium", "password_attempt": "123123", "result": "fail", "latency_ms": 273.858, "hash_mode": "bcrypt", "protections": "OFF"}
{"timestamp": 1764230015.4324453, "group_seed": 6631928, "username": "user16", "category": "medium", "password_attempt": "123123", "result": "fail", "latency_ms": 211.145, "hash_mode": "bcrypt", "protections": "OFF"}
{"timestamp": 1764230015.664101, "group_seed": 6631928, "username": "user17", "category": "medium", "password_attempt": "123123", "result": "fail", "latency_ms": 231.656, "hash_mode": "bcrypt", "protections": "OFF"}
{"timestamp": 1764230015.8823507, "group_seed": 6631928, "username": "user18", "category": "medium", "password_attempt": "123123", "result": "fail", "latency_ms": 217.243, "hash_mode": "bcrypt", "protections": "OFF"}
{"timestamp": 1764230016.1168768, "group_seed": 6631928, "username": "user19", "category": "medium", "password_attempt": "123123", "result": "fail", "latency_ms": 234.526, "hash_mode": "bcrypt", "protections": "OFF"}
{"timestamp": 1764230016.3305175, "group_seed": 6631928, "username": "user20", "category": "medium", "password_attempt": "123123", "result": "fail", "latency_ms": 213.641, "hash_mode": "bcrypt", "protections": "OFF"}
{"timestamp": 1764230016.3992546, "group_seed": 6631928, "username": "user21", "category": "strong", "password_attempt": "123123", "result": "fail", "latency_ms": 68.737, "hash_mode": "argon2id", "protections": "OFF"}
{"timestamp": 1764230016.4548023, "group_seed": 6631928, "username": "user22", "category": "strong", "password_attempt": "123123", "result": "fail", "latency_ms": 54.544, "hash_mode": "argon2id", "protections": "OFF"}
{"timestamp": 1764230016.5114737, "group_seed": 6631928, "username": "user23", "category": "strong", "password_attempt": "123123", "result": "fail", "latency_ms": 56.671, "hash_mode": "argon2id", "protections": "OFF"}
{"timestamp": 1764230016.5763361, "group_seed": 6631928, "username": "user24", "category": "strong", "password_attempt": "123123", "result": "fail", "latency_ms": 63.863, "hash_mode": "argon2id", "protections": "OFF"}
{"timestamp": 1764230016.634471, "group_seed": 6631928, "username": "user25", "category": "strong", "password_attempt": "123123", "result": "fail", "latency_ms": 57.135, "hash_mode": "argon2id", "protections": "OFF"}
{"timestamp": 1764230016.692679, "group_seed": 6631928, "username": "user26", "category": "strong", "password_attempt": "123123", "result": "fail", "latency_ms": 58.208, "hash_mode": "argon2id", "protections": "OFF"}
{"timestamp": 1764230016.7525265, "group_seed": 6631928, "username": "user27", "category": "strong", "password_attempt": "123123", "result": "fail", "latency_ms": 58.848, "hash_mode": "argon2id", "protections": "OFF"}
{"timestamp": 1764230016.8003695, "group_seed": 6631928, "username": "user28", "category": "strong", "password_attempt": "123123", "result": "fail", "latency_ms": 47.843, "hash_mode": "argon2id", "protections": "OFF"}
{"timestamp": 1764230016.8726084, "group_seed": 6631928, "username": "user29", "category": "strong", "password_attempt": "123123", "result": "fail", "latency_ms": 72.239, "hash_mode": "argon2id", "protections": "OFF"}
{"timestamp": 1764230016.9241076, "group_seed": 6631928, "username": "user30", "category": "strong", "password_attempt": "123123", "result": "fail", "latency_ms": 51.499, "hash_mode": "argon2id", "protections": "OFF"}
{"timestamp": 1764230016.9278266, "group_seed": 6631928, "username": "user01", "category": "weak", "password_attempt": "letmein", "result": "fail", "latency_ms": 3.719, "hash_mode": "sha256", "protections": "OFF"}
{"timestamp": 1764230016.9318428, "group_seed": 6631928, "username": "user02", "category": "weak", "password_attempt": "letmein", "result": "fail", "latency_ms": 4.016, "hash_mode": "sha256", "protections": "OFF"}
{"timestamp": 1764230016.9368587, "group_seed": 6631928, "username": "user03", "category": "weak", "password_attempt": "letmein", "result": "fail", "latency_ms": 4.024, "hash_mode": "sha256", "protections": "OFF"}
{"timestamp": 1764230016.940837, "group_seed": 6631928, "username": "user04", "category": "weak", "password_attempt": "letmein", "result": "fail", "latency_ms": 3.978, "hash_mode": "sha256", "protections": "OFF"}
{"timestamp": 1764230016.9442837, "group_seed": 6631928, "username": "user05", "category": "weak", "password_attempt": "letmein", "result": "fail", "latency_ms": 3.447, "hash_mode": "sha256", "protections": "OFF"}
{"timestamp": 1764230016.9494576, "group_seed": 6631928, "username": "user06", "category": "weak", "password_attempt": "letmein", "result": "fail", "latency_ms": 5.174, "hash_mode": "sha256", "protections": "OFF"}
{"timestamp": 1764230016.9528213, "group_seed": 6631928, "username": "user07", "category": "weak", "password_attempt": "letmein", "result": "fail", "latency_ms": 3.364, "hash_mode": "sha256", "protections": "OFF"}
{"timestamp": 1764230016.9558184, "group_seed": 6631928, "username": "user08", "category": "weak", "password_attempt": "letmein", "result": "fail", "latency_ms": 2.997, "hash_mode": "sha256", "protections": "OFF"}
{"timestamp": 1764230016.9588215, "group_seed": 6631928, "username": "user09", "category": "weak", "password_attempt": "letmein", "result": "fail", "latency_ms": 3.003, "hash_mode": "sha256", "protections": "OFF"}
{"timestamp": 1764230016.962819, "group_seed": 6631928, "username": "user10", "category": "weak", "password_attempt": "letmein", "result": "fail", "latency_ms": 2.995, "hash_mode": "sha256", "protections": "OFF"}
{"timestamp": 1764230017.1887572, "group_seed": 6631928, "username": "user11", "category": "medium", "password_attempt": "letmein", "result": "fail", "latency_ms": 224.937, "hash_mode": "bcrypt", "protections": "OFF"}
{"timestamp": 1764230017.418714, "group_seed": 6631928, "username": "user12", "category": "medium", "password_attempt": "letmein", "result": "fail", "latency_ms": 228.848, "hash_mode": "bcrypt", "protections": "OFF"}
{"timestamp": 1764230017.6375666, "group_seed": 6631928, "username": "user13", "category": "medium", "password_attempt": "letmein", "result": "fail", "latency_ms": 217.803, "hash_mode": "bcrypt", "protections": "OFF"}
{"timestamp": 1764230017.8574076, "group_seed": 6631928, "username": "user14", "category": "medium", "password_attempt": "letmein", "result": "fail", "latency_ms": 219.841, "hash_mode": "bcrypt", "protections": "OFF"}
{"timestamp": 1764230018.0771084, "group_seed": 6631928, "username": "user15", "category": "medium", "password_attempt": "letmein", "result": "fail", "latency_ms": 219.701, "hash_mode": "bcrypt", "protections": "OFF"}
{"timestamp": 1764230018.2946606, "group_seed": 6631928, "username": "user16", "category": "medium", "password_attempt": "letmein", "result": "fail", "latency_ms": 217.552, "hash_mode": "bcrypt", "protections": "OFF"}
{"timestamp": 1764230018.516875, "group_seed": 6631928, "username": "user17", "category": "medium", "password_attempt": "letmein", "result": "fail", "latency_ms": 222.214, "hash_mode": "bcrypt", "protections": "OFF"}
{"timestamp": 1764230018.7850122, "group_seed": 6631928, "username": "user18", "category": "medium", "password_attempt": "letmein", "result": "fail", "latency_ms": 268.137, "hash_mode": "bcrypt", "protections": "OFF"}
{"timestamp": 1764230019.0077436, "group_seed": 6631928, "username": "user19", "category": "medium", "password_attempt": "letmein", "result": "fail", "latency_ms": 222.731, "hash_mode": "bcrypt", "protections": "OFF"}
{"timestamp": 1764230019.2262414, "group_seed": 6631928, "username": "user20", "category": "medium", "password_attempt": "letmein", "result": "fail", "latency_ms": 218.498, "hash_mode": "bcrypt", "protections": "OFF"}
{"timestamp": 1764230019.2792242, "group_seed": 6631928, "username": "user21", "category": "strong", "password_attempt": "letmein", "result": "fail", "latency_ms": 52.983, "hash_mode": "argon2id", "protections": "OFF"}
{"timestamp": 1764230019.333529, "group_seed": 6631928, "username": "user22", "category": "strong", "password_attempt": "letmein", "result": "fail", "latency_ms": 53.296, "hash_mode": "argon2id", "protections": "OFF"}
{"timestamp": 1764230019.3876772, "group_seed": 6631928, "username": "user23", "category": "strong", "password_attempt": "letmein", "result": "fail", "latency_ms": 53.15, "hash_mode": "argon2id", "protections": "OFF"}
{"timestamp": 1764230019.440786, "group_seed": 6631928, "username": "user24", "category": "strong", "password_attempt": "letmein", "result": "fail", "latency_ms": 53.109, "hash_mode": "argon2id", "protections": "OFF"}
{"timestamp": 1764230019.4929087, "group_seed": 6631928, "username": "user25", "category": "strong", "password_attempt": "letmein", "result": "fail", "latency_ms": 51.123, "hash_mode": "argon2id", "protections": "OFF"}
{"timestamp": 1764230019.545413, "group_seed": 6631928, "username": "user26", "category": "strong", "password_attempt": "letmein", "result": "fail", "latency_ms": 52.504, "hash_mode": "argon2id", "protections": "OFF"}
{"timestamp": 1764230019.5987, "group_seed": 6631928, "username": "user27", "category": "strong", "password_attempt": "letmein", "result": "fail", "latency_ms": 52.408, "hash_mode": "argon2id", "protections": "OFF"}
{"timestamp": 1764230019.6503859, "group_seed": 6631928, "username": "user28", "category": "strong", "password_attempt": "letmein", "result": "fail", "latency_ms": 51.686, "hash_mode": "argon2id", "protections": "OFF"}
{"timestamp": 1764230019.703515, "group_seed": 6631928, "username": "user29", "category": "strong", "password_attempt": "letmein", "result": "fail", "latency_ms": 53.129, "hash_mode": "argon2id", "protections": "OFF"}
{"timestamp": 1764230019.7570279, "group_seed": 6631928, "username": "user30", "category": "strong", "password_attempt": "letmein", "result": "fail", "latency_ms": 52.41, "hash_mode": "argon2id", "protections": "OFF"}
{"timestamp": 1764230019.7610734, "group_seed": 6631928, "username": "user01", "category": "weak", "password_attempt": "admin", "result": "fail", "latency_ms": 4.045, "hash_mode": "sha256", "protections": "OFF"}
{"timestamp": 1764230019.7664387, "group_seed": 6631928, "username": "user02", "category": "weak", "password_attempt": "admin", "result": "fail", "latency_ms": 5.365, "hash_mode": "sha256", "protections": "OFF"}
{"timestamp": 1764230019.7695096, "group_seed": 6631928, "username": "user03", "category": "weak", "password_attempt": "admin", "result": "fail", "latency_ms": 3.071, "hash_mode": "sha256", "protections": "OFF"}
{"timestamp": 1764230019.773473, "group_seed": 6631928, "username": "user04", "category": "weak", "password_attempt": "admin", "result": "fail", "latency_ms": 2.931, "hash_mode": "sha256", "protections": "OFF"}
{"timestamp": 1764230019.7765133, "group_seed": 6631928, "username": "user05", "category": "weak", "password_attempt": "admin", "result": "fail", "latency_ms": 3.04, "hash_mode": "sha256", "protections": "OFF"}
{"timestamp": 1764230019.7805054, "group_seed": 6631928, "username": "user06", "category": "weak", "password_attempt": "admin", "result": "fail", "latency_ms": 3.992, "hash_mode": "sha256", "protections": "OFF"}
{"timestamp": 1764230019.783504, "group_seed": 6631928, "username": "user07", "category": "weak", "password_attempt": "admin", "result": "fail", "latency_ms": 2.999, "hash_mode": "sha256", "protections": "OFF"}
{"timestamp": 1764230019.787505, "group_seed": 6631928, "username": "user08", "category": "weak", "password_attempt": "admin", "result": "fail", "latency_ms": 3.0, "hash_mode": "sha256", "protections": "OFF"}
{"timestamp": 1764230019.790504, "group_seed": 6631928, "username": "user09", "category": "weak", "password_attempt": "admin", "result": "fail", "latency_ms": 2.999, "hash_mode": "sha256", "protections": "OFF"}
{"timestamp": 1764230019.7945051, "group_seed": 6631928, "username": "user10", "category": "weak", "password_attempt": "admin", "result": "fail", "latency_ms": 3.0, "hash_mode": "sha256", "protections": "OFF"}
{"timestamp": 1764230020.0183918, "group_seed": 6631928, "username": "user11", "category": "medium", "password_attempt": "admin", "result": "fail", "latency_ms": 223.887, "hash_mode": "bcrypt", "protections": "OFF"}
{"timestamp": 1764230020.2390687, "group_seed": 6631928, "username": "user12", "category": "medium", "password_attempt": "admin", "result": "fail", "latency_ms": 220.677, "hash_mode": "bcrypt", "protections": "OFF"}
{"timestamp": 1764230020.5067217, "group_seed": 6631928, "username": "user13", "category": "medium", "password_attempt": "admin", "result": "fail", "latency_ms": 266.557, "hash_mode": "bcrypt", "protections": "OFF"}
{"timestamp": 1764230020.732975, "group_seed": 6631928, "username": "user14", "category": "medium", "password_attempt": "admin", "result": "fail", "latency_ms": 225.175, "hash_mode": "bcrypt", "protections": "OFF"}
{"timestamp": 1764230020.9570467, "group_seed": 6631928, "username": "user15", "category": "medium", "password_attempt": "admin", "result": "fail", "latency_ms": 224.072, "hash_mode": "bcrypt", "protections": "OFF"}
{"timestamp": 1764230021.184366, "group_seed": 6631928, "username": "user16", "category": "medium", "password_attempt": "admin", "result": "fail", "latency_ms": 226.319, "hash_mode": "bcrypt", "protections": "OFF"}
{"timestamp": 1764230021.403221, "group_seed": 6631928, "username": "user17", "category": "medium", "password_attempt": "admin", "result": "fail", "latency_ms": 218.855, "hash_mode": "bcrypt", "protections": "OFF"}
{"timestamp": 1764230021.6260364, "group_seed": 6631928, "username": "user18", "category": "medium", "password_attempt": "admin", "result": "fail", "latency_ms": 222.816, "hash_mode": "bcrypt", "protections": "OFF"}
{"timestamp": 1764230021.849515, "group_seed": 6631928, "username": "user19", "category": "medium", "password_attempt": "admin", "result": "fail", "latency_ms": 222.473, "hash_mode": "bcrypt", "protections": "OFF"}
{"timestamp": 1764230022.0707653, "group_seed": 6631928, "username": "user20", "category": "medium", "password_attempt": "admin", "result": "fail", "latency_ms": 220.254, "hash_mode": "bcrypt", "protections": "OFF"}
{"timestamp": 1764230022.122367, "group_seed": 6631928, "username": "user21", "category": "strong", "password_attempt": "admin", "result": "fail", "latency_ms": 50.602, "hash_mode": "argon2id", "protections": "OFF"}
{"timestamp": 1764230022.1745532, "group_seed": 6631928, "username": "user22", "category": "strong", "password_attempt": "admin", "result": "fail", "latency_ms": 52.186, "hash_mode": "argon2id", "protections": "OFF"}
{"timestamp": 1764230022.2253993, "group_seed": 6631928, "username": "user23", "category": "strong", "password_attempt": "admin", "result": "fail", "latency_ms": 50.846, "hash_mode": "argon2id", "protections": "OFF"}
{"timestamp": 1764230022.2748783, "group_seed": 6631928, "username": "user24", "category": "strong", "password_attempt": "admin", "result": "fail", "latency_ms": 48.464, "hash_mode": "argon2id", "protections": "OFF"}
{"timestamp": 1764230022.3312657, "group_seed": 6631928, "username": "user25", "category": "strong", "password_attempt": "admin", "result": "fail", "latency_ms": 55.285, "hash_mode": "argon2id", "protections": "OFF"}
{"timestamp": 1764230022.3889925, "group_seed": 6631928, "username": "user26", "category": "strong", "password_attempt": "admin", "result": "fail", "latency_ms": 57.727, "hash_mode": "argon2id", "protections": "OFF"}
{"timestamp": 1764230022.4451644, "group_seed": 6631928, "username": "user27", "category": "strong", "password_attempt": "admin", "result": "fail", "latency_ms": 56.172, "hash_mode": "argon2id", "protections": "OFF"}
{"timestamp": 1764230022.501279, "group_seed": 6631928, "username": "user28", "category": "strong", "password_attempt": "admin", "result": "fail", "latency_ms": 56.115, "hash_mode": "argon2id", "protections": "OFF"}
{"timestamp": 1764230022.5626733, "group_seed": 6631928, "username": "user29", "category": "strong", "password_attempt": "admin", "result": "fail", "latency_ms": 61.394, "hash_mode": "argon2id", "protections": "OFF"}
{"timestamp": 1764230022.6134167, "group_seed": 6631928, "username": "user30", "category": "strong", "password_attempt": "admin", "result": "fail", "latency_ms": 50.743, "hash_mode": "argon2id", "protections": "OFF"}
{"timestamp": 1764230022.6213243, "group_seed": 6631928, "username": "user01", "category": "weak", "password_attempt": "iloveyou", "result": "fail", "latency_ms": 7.908, "hash_mode": "sha256", "protections": "OFF"}
{"timestamp": 1764230022.6275513, "group_seed": 6631928, "username": "user02", "category": "weak", "password_attempt": "iloveyou", "result": "fail", "latency_ms": 6.227, "hash_mode": "sha256", "protections": "OFF"}
{"timestamp": 1764230022.6275513, "group_seed": 6631928, "username": "user03", "category": "weak", "password_attempt": "iloveyou", "result": "fail", "latency_ms": 0.0, "hash_mode": "sha256", "protections": "OFF"}
{"timestamp": 1764230022.6275513, "group_seed": 6631928, "username": "user04", "category": "weak", "password_attempt": "iloveyou", "result": "fail", "latency_ms": 0.0, "hash_mode": "sha256", "protections": "OFF"}
{"timestamp": 1764230022.6275513, "group_seed": 6631928, "username": "user05", "category": "weak", "password_attempt": "iloveyou", "result": "fail", "latency_ms": 0.0, "hash_mode": "sha256", "protections": "OFF"}
{"timestamp": 1764230022.6445727, "group_seed": 6631928, "username": "user06", "category": "weak", "password_attempt": "iloveyou", "result": "fail", "latency_ms": 17.021, "hash_mode": "sha256", "protections": "OFF"}
{"timestamp": 1764230022.6445727, "group_seed": 6631928, "username": "user07", "category": "weak", "password_attempt": "iloveyou", "result": "fail", "latency_ms": 0.0, "hash_mode": "sha256", "protections": "OFF"}
{"timestamp": 1764230022.6445727, "group_seed": 6631928, "username": "user08", "category": "weak", "password_attempt": "iloveyou", "result": "fail", "latency_ms": 0.0, "hash_mode": "sha256", "protections": "OFF"}
{"timestamp": 1764230022.6445727, "group_seed": 6631928, "username": "user09", "category": "weak", "password_attempt": "iloveyou", "result": "fail", "latency_ms": 0.0, "hash_mode": "sha256", "protections": "OFF"}
{"timestamp": 1764230022.661607, "group_seed": 6631928, "username": "user10", "category": "weak", "password_attempt": "iloveyou", "result": "fail", "latency_ms": 17.034, "hash_mode": "sha256", "protections": "OFF"}
{"timestamp": 1764230022.8864677, "group_seed": 6631928, "username": "user11", "category": "medium", "password_attempt": "iloveyou", "result": "fail", "latency_ms": 224.861, "hash_mode": "bcrypt", "protections": "OFF"}
{"timestamp": 1764230023.1123023, "group_seed": 6631928, "username": "user12", "category": "medium", "password_attempt": "iloveyou", "result": "fail", "latency_ms": 224.834, "hash_mode": "bcrypt", "protections": "OFF"}
{"timestamp": 1764230023.3402762, "group_seed": 6631928, "username": "user13", "category": "medium", "password_attempt": "iloveyou", "result": "fail", "latency_ms": 226.934, "hash_mode": "bcrypt", "protections": "OFF"}
{"timestamp": 1764230023.5589, "group_seed": 6631928, "username": "user14", "category": "medium", "password_attempt": "iloveyou", "result": "fail", "latency_ms": 217.623, "hash_mode": "bcrypt", "protections": "OFF"}
{"timestamp": 1764230023.7834666, "group_seed": 6631928, "username": "user15", "category": "medium", "password_attempt": "iloveyou", "result": "fail", "latency_ms": 224.566, "hash_mode": "bcrypt", "protections": "OFF"}
{"timestamp": 1764230024.0016758, "group_seed": 6631928, "username": "user16", "category": "medium", "password_attempt": "iloveyou", "result": "fail", "latency_ms": 218.209, "hash_mode": "bcrypt", "protections": "OFF"}
{"timestamp": 1764230024.2212372, "group_seed": 6631928, "username": "user17", "category": "medium", "password_attempt": "iloveyou", "result": "fail", "latency_ms": 219.561, "hash_mode": "bcrypt", "protections": "OFF"}
{"timestamp": 1764230024.4330866, "group_seed": 6631928, "username": "user18", "category": "medium", "password_attempt": "iloveyou", "result": "fail", "latency_ms": 210.848, "hash_mode": "bcrypt", "protections": "OFF"}
{"timestamp": 1764230024.643959, "group_seed": 6631928, "username": "user19", "category": "medium", "password_attempt": "iloveyou", "result": "fail", "latency_ms": 210.872, "hash_mode": "bcrypt", "protections": "OFF"}
{"timestamp": 1764230024.8630588, "group_seed": 6631928, "username": "user20", "category": "medium", "password_attempt": "iloveyou", "result": "fail", "latency_ms": 219.1, "hash_mode": "bcrypt", "protections": "OFF"}
{"timestamp": 1764230024.9238381, "group_seed": 6631928, "username": "user21", "category": "strong", "password_attempt": "iloveyou", "result": "fail", "latency_ms": 60.779, "hash_mode": "argon2id", "protections": "OFF"}
{"timestamp": 1764230024.9809966, "group_seed": 6631928, "username": "user22", "category": "strong", "password_attempt": "iloveyou", "result": "fail", "latency_ms": 57.158, "hash_mode": "argon2id", "protections": "OFF"}
{"timestamp": 1764230025.0289931, "group_seed": 6631928, "username": "user23", "category": "strong", "password_attempt": "iloveyou", "result": "fail", "latency_ms": 47.997, "hash_mode": "argon2id", "protections": "OFF"}
{"timestamp": 1764230025.0773547, "group_seed": 6631928, "username": "user24", "category": "strong", "password_attempt": "iloveyou", "result": "fail", "latency_ms": 48.362, "hash_mode": "argon2id", "protections": "OFF"}
{"timestamp": 1764230025.1311822, "group_seed": 6631928, "username": "user25", "category": "strong", "password_attempt": "iloveyou", "result": "fail", "latency_ms": 53.828, "hash_mode": "argon2id", "protections": "OFF"}
{"timestamp": 1764230025.1808784, "group_seed": 6631928, "username": "user26", "category": "strong", "password_attempt": "iloveyou", "result": "fail", "latency_ms": 48.186, "hash_mode": "argon2id", "protections": "OFF"}
{"timestamp": 1764230025.2413383, "group_seed": 6631928, "username": "user27", "category": "strong", "password_attempt": "iloveyou", "result": "fail", "latency_ms": 60.46, "hash_mode": "argon2id", "protections": "OFF"}
{"timestamp": 1764230025.2976787, "group_seed": 6631928, "username": "user28", "category": "strong", "password_attempt": "iloveyou", "result": "fail", "latency_ms": 56.34, "hash_mode": "argon2id", "protections": "OFF"}
{"timestamp": 1764230025.3423514, "group_seed": 6631928, "username": "user29", "category": "strong", "password_attempt": "iloveyou", "result": "fail", "latency_ms": 44.673, "hash_mode": "argon2id", "protections": "OFF"}
{"timestamp": 1764230025.3973603, "group_seed": 6631928, "username": "user30", "category": "strong", "password_attempt": "iloveyou", "result": "fail", "latency_ms": 55.009, "hash_mode": "argon2id", "protections": "OFF"}
{"timestamp": 1764230025.4014664, "group_seed": 6631928, "username": "user01", "category": "weak", "password_attempt": "welcome", "result": "fail", "latency_ms": 4.106, "hash_mode": "sha256", "protections": "OFF"}
{"timestamp": 1764230025.4062939, "group_seed": 6631928, "username": "user02", "category": "weak", "password_attempt": "welcome", "result": "fail", "latency_ms": 4.827, "hash_mode": "sha256", "protections": "OFF"}
{"timestamp": 1764230025.4100494, "group_seed": 6631928, "username": "user03", "category": "weak", "password_attempt": "welcome", "result": "fail", "latency_ms": 3.756, "hash_mode": "sha256", "protections": "OFF"}
{"timestamp": 1764230025.4517148, "group_seed": 6631928, "username": "user04", "category": "weak", "password_attempt": "welcome", "result": "fail", "latency_ms": 41.665, "hash_mode": "sha256", "protections": "OFF"}
{"timestamp": 1764230025.4557168, "group_seed": 6631928, "username": "user05", "category": "weak", "password_attempt": "welcome", "result": "fail", "latency_ms": 4.002, "hash_mode": "sha256", "protections": "OFF"}
{"timestamp": 1764230025.458715, "group_seed": 6631928, "username": "user06", "category": "weak", "password_attempt": "welcome", "result": "fail", "latency_ms": 2.998, "hash_mode": "sha256", "protections": "OFF"}
{"timestamp": 1764230025.4672172, "group_seed": 6631928, "username": "user07", "category": "weak", "password_attempt": "welcome", "result": "fail", "latency_ms": 8.502, "hash_mode": "sha256", "protections": "OFF"}
{"timestamp": 1764230025.4733267, "group_seed": 6631928, "username": "user08", "category": "weak", "password_attempt": "welcome", "result": "fail", "latency_ms": 6.109, "hash_mode": "sha256", "protections": "OFF"}
{"timestamp": 1764230025.4775455, "group_seed": 6631928, "username": "user09", "category": "weak", "password_attempt": "welcome", "result": "fail", "latency_ms": 3.221, "hash_mode": "sha256", "protections": "OFF"}
{"timestamp": 1764230025.481548, "group_seed": 6631928, "username": "user10", "category": "weak", "password_attempt": "welcome", "result": "fail", "latency_ms": 4.003, "hash_mode": "sha256", "protections": "OFF"}
{"timestamp": 1764230025.7091174, "group_seed": 6631928, "username": "user11", "category": "medium", "password_attempt": "welcome", "result": "fail", "latency_ms": 227.569, "hash_mode": "bcrypt", "protections": "OFF"}
{"timestamp": 1764230025.9301527, "group_seed": 6631928, "username": "user12", "category": "medium", "password_attempt": "welcome", "result": "fail", "latency_ms": 221.035, "hash_mode": "bcrypt", "protections": "OFF"}
{"timestamp": 1764230026.149749, "group_seed": 6631928, "username": "user13", "category": "medium", "password_attempt": "welcome", "result": "fail", "latency_ms": 219.596, "hash_mode": "bcrypt", "protections": "OFF"}
{"timestamp": 1764230026.3557768, "group_seed": 6631928, "username": "user14", "category": "medium", "password_attempt": "welcome", "result": "fail", "latency_ms": 206.028, "hash_mode": "bcrypt", "protections": "OFF"}
{"timestamp": 1764230026.5771816, "group_seed": 6631928, "username": "user15", "category": "medium", "password_attempt": "welcome", "result": "fail", "latency_ms": 221.405, "hash_mode": "bcrypt", "protections": "OFF"}
{"timestamp": 1764230026.7991445, "group_seed": 6631928, "username": "user16", "category": "medium", "password_attempt": "welcome", "result": "fail", "latency_ms": 220.892, "hash_mode": "bcrypt", "protections": "OFF"}
{"timestamp": 1764230027.007087, "group_seed": 6631928, "username": "user17", "category": "medium", "password_attempt": "welcome", "result": "fail", "latency_ms": 207.942, "hash_mode": "bcrypt", "protections": "OFF"}
{"timestamp": 1764230027.2237422, "group_seed": 6631928, "username": "user18", "category": "medium", "password_attempt": "welcome", "result": "fail", "latency_ms": 216.655, "hash_mode": "bcrypt", "protections": "OFF"}
{"timestamp": 1764230027.457917, "group_seed": 6631928, "username": "user19", "category": "medium", "password_attempt": "welcome", "result": "fail", "latency_ms": 220.376, "hash_mode": "bcrypt", "protections": "OFF"}
{"timestamp": 1764230027.6751041, "group_seed": 6631928, "username": "user20", "category": "medium", "password_attempt": "welcome", "result": "fail", "latency_ms": 216.181, "hash_mode": "bcrypt", "protections": "OFF"}
{"timestamp": 1764230027.7248843, "group_seed": 6631928, "username": "user21", "category": "strong", "password_attempt": "welcome", "result": "fail", "latency_ms": 48.777, "hash_mode": "argon2id", "protections": "OFF"}
{"timestamp": 1764230027.779774, "group_seed": 6631928, "username": "user22", "category": "strong", "password_attempt": "welcome", "result": "fail", "latency_ms": 54.89, "hash_mode": "argon2id", "protections": "OFF"}
{"timestamp": 1764230027.8152616, "group_seed": 6631928, "username": "user23", "category": "strong", "password_attempt": "welcome", "result": "fail", "latency_ms": 34.486, "hash_mode": "argon2id", "protections": "OFF"}
{"timestamp": 1764230027.8752124, "group_seed": 6631928, "username": "user24", "category": "strong", "password_attempt": "welcome", "result": "fail", "latency_ms": 59.951, "hash_mode": "argon2id", "protections": "OFF"}
{"timestamp": 1764230027.9308894, "group_seed": 6631928, "username": "user25", "category": "strong", "password_attempt": "welcome", "result": "fail", "latency_ms": 55.677, "hash_mode": "argon2id", "protections": "OFF"}
{"timestamp": 1764230027.9860358, "group_seed": 6631928, "username": "user26", "category": "strong", "password_attempt": "welcome", "result": "fail", "latency_ms": 55.146, "hash_mode": "argon2id", "protections": "OFF"}
{"timestamp": 1764230028.0346181, "group_seed": 6631928, "username": "user27", "category": "strong", "password_attempt": "welcome", "result": "fail", "latency_ms": 46.732, "hash_mode": "argon2id", "protections": "OFF"}
{"timestamp": 1764230028.0823956, "group_seed": 6631928, "username": "user28", "category": "strong", "password_attempt": "welcome", "result": "fail", "latency_ms": 47.777, "hash_mode": "argon2id", "protections": "OFF"}
{"timestamp": 1764230028.1276057, "group_seed": 6631928, "username": "user29", "category": "strong", "password_attempt": "welcome", "result": "fail", "latency_ms": 45.21, "hash_mode": "argon2id", "protections": "OFF"}
{"timestamp": 1764230028.1751902, "group_seed": 6631928, "username": "user30", "category": "strong", "password_attempt": "welcome", "result": "fail", "latency_ms": 47.585, "hash_mode": "argon2id", "protections": "OFF"}
{"timestamp": 1764230028.1751902, "group_seed": 6631928, "username": "user01", "category": "weak", "password_attempt": "Passw0rd", "result": "fail", "latency_ms": 0.0, "hash_mode": "sha256", "protections": "OFF"}
{"timestamp": 1764230028.1751902, "group_seed": 6631928, "username": "user02", "category": "weak", "password_attempt": "Passw0rd", "result": "fail", "latency_ms": 0.0, "hash_mode": "sha256", "protections": "OFF"}
{"timestamp": 1764230028.1751902, "group_seed": 6631928, "username": "user03", "category": "weak", "password_attempt": "Passw0rd", "result": "fail", "latency_ms": 0.0, "hash_mode": "sha256", "protections": "OFF"}
{"timestamp": 1764230028.1909003, "group_seed": 6631928, "username": "user04", "category": "weak", "password_attempt": "Passw0rd", "result": "fail", "latency_ms": 0.0, "hash_mode": "sha256", "protections": "OFF"}
{"timestamp": 1764230028.1909003, "group_seed": 6631928, "username": "user05", "category": "weak", "password_attempt": "Passw0rd", "result": "fail", "latency_ms": 0.0, "hash_mode": "sha256", "protections": "OFF"}
{"timestamp": 1764230028.1909003, "group_seed": 6631928, "username": "user06", "category": "weak", "password_attempt": "Passw0rd", "result": "fail", "latency_ms": 0.0, "hash_mode": "sha256", "protections": "OFF"}
{"timestamp": 1764230028.1909003, "group_seed": 6631928, "username": "user07", "category": "weak", "password_attempt": "Passw0rd", "result": "fail", "latency_ms": 0.0, "hash_mode": "sha256", "protections": "OFF"}
{"timestamp": 1764230028.2069488, "group_seed": 6631928, "username": "user08", "category": "weak", "password_attempt": "Passw0rd", "result": "fail", "latency_ms": 16.048, "hash_mode": "sha256", "protections": "OFF"}
{"timestamp": 1764230028.2105763, "group_seed": 6631928, "username": "user09", "category": "weak", "password_attempt": "Passw0rd", "result": "fail", "latency_ms": 3.628, "hash_mode": "sha256", "protections": "OFF"}
{"timestamp": 1764230028.2135878, "group_seed": 6631928, "username": "user10", "category": "weak", "password_attempt": "Passw0rd", "result": "fail", "latency_ms": 3.011, "hash_mode": "sha256", "protections": "OFF"}
{"timestamp": 1764230028.4378417, "group_seed": 6631928, "username": "user11", "category": "medium", "password_attempt": "Passw0rd", "result": "fail", "latency_ms": 224.254, "hash_mode": "bcrypt", "protections": "OFF"}
{"timestamp": 1764230028.6398866, "group_seed": 6631928, "username": "user12", "category": "medium", "password_attempt": "Passw0rd", "result": "fail", "latency_ms": 202.045, "hash_mode": "bcrypt", "protections": "OFF"}
{"timestamp": 1764230028.8719685, "group_seed": 6631928, "username": "user13", "category": "medium", "password_attempt": "Passw0rd", "result": "fail", "latency_ms": 232.082, "hash_mode": "bcrypt", "protections": "OFF"}
{"timestamp": 1764230029.089073, "group_seed": 6631928, "username": "user14", "category": "medium", "password_attempt": "Passw0rd", "result": "fail", "latency_ms": 217.104, "hash_mode": "bcrypt", "protections": "OFF"}
{"timestamp": 1764230029.316686, "group_seed": 6631928, "username": "user15", "category": "medium", "password_attempt": "Passw0rd", "result": "fail", "latency_ms": 227.613, "hash_mode": "bcrypt", "protections": "OFF"}
{"timestamp": 1764230029.521662, "group_seed": 6631928, "username": "user16", "category": "medium", "password_attempt": "Passw0rd", "result": "fail", "latency_ms": 203.965, "hash_mode": "bcrypt", "protections": "OFF"}
{"timestamp": 1764230029.7701728, "group_seed": 6631928, "username": "user17", "category": "medium", "password_attempt": "Passw0rd", "result": "fail", "latency_ms": 248.511, "hash_mode": "bcrypt", "protections": "OFF"}
{"timestamp": 1764230030.0291955, "group_seed": 6631928, "username": "user18", "category": "medium", "password_attempt": "Passw0rd", "result": "fail", "latency_ms": 259.023, "hash_mode": "bcrypt", "protections": "OFF"}
{"timestamp": 1764230030.2426043, "group_seed": 6631928, "username": "user19", "category": "medium", "password_attempt": "Passw0rd", "result": "fail", "latency_ms": 213.409, "hash_mode": "bcrypt", "protections": "OFF"}
{"timestamp": 1764230030.4561977, "group_seed": 6631928, "username": "user20", "category": "medium", "password_attempt": "Passw0rd", "result": "fail", "latency_ms": 213.593, "hash_mode": "bcrypt", "protections": "OFF"}
{"timestamp": 1764230030.5227187, "group_seed": 6631928, "username": "user21", "category": "strong", "password_attempt": "Passw0rd", "result": "fail", "latency_ms": 66.521, "hash_mode": "argon2id", "protections": "OFF"}
{"timestamp": 1764230030.5819097, "group_seed": 6631928, "username": "user22", "category": "strong", "password_attempt": "Passw0rd", "result": "fail", "latency_ms": 59.191, "hash_mode": "argon2id", "protections": "OFF"}
{"timestamp": 1764230030.6227305, "group_seed": 6631928, "username": "user23", "category": "strong", "password_attempt": "Passw0rd", "result": "fail", "latency_ms": 40.821, "hash_mode": "argon2id", "protections": "OFF"}
{"timestamp": 1764230030.673094, "group_seed": 6631928, "username": "user24", "category": "strong", "password_attempt": "Passw0rd", "result": "fail", "latency_ms": 50.364, "hash_mode": "argon2id", "protections": "OFF"}
{"timestamp": 1764230030.7228994, "group_seed": 6631928, "username": "user25", "category": "strong", "password_attempt": "Passw0rd", "result": "fail", "latency_ms": 49.805, "hash_mode": "argon2id", "protections": "OFF"}
{"timestamp": 1764230030.7748275, "group_seed": 6631928, "username": "user26", "category": "strong", "password_attempt": "Passw0rd", "result": "fail", "latency_ms": 51.928, "hash_mode": "argon2id", "protections": "OFF"}
{"timestamp": 1764230030.8360045, "group_seed": 6631928, "username": "user27", "category": "strong", "password_attempt": "Passw0rd", "result": "fail", "latency_ms": 61.177, "hash_mode": "argon2id", "protections": "OFF"}
{"timestamp": 1764230030.872965, "group_seed": 6631928, "username": "user28", "category": "strong", "password_attempt": "Passw0rd", "result": "fail", "latency_ms": 36.961, "hash_mode": "argon2id", "protections": "OFF"}
{"timestamp": 1764230030.9361203, "group_seed": 6631928, "username": "user29", "category": "strong", "password_attempt": "Passw0rd", "result": "fail", "latency_ms": 63.155, "hash_mode": "argon2id", "protections": "OFF"}
{"timestamp": 1764230030.9903135, "group_seed": 6631928, "username": "user30", "category": "strong", "password_attempt": "Passw0rd", "result": "fail", "latency_ms": 54.193, "hash_mode": "argon2id", "protections": "OFF"}
{"timestamp": 1764230030.9903135, "group_seed": 6631928, "username": "user01", "category": "weak", "password_attempt": "qazwsx", "result": "fail", "latency_ms": 0.0, "hash_mode": "sha256", "protections": "OFF"}
{"timestamp": 1764230030.9903135, "group_seed": 6631928, "username": "user02", "category": "weak", "password_attempt": "qazwsx", "result": "fail", "latency_ms": 0.0, "hash_mode": "sha256", "protections": "OFF"}
{"timestamp": 1764230030.9903135, "group_seed": 6631928, "username": "user03", "category": "weak", "password_attempt": "qazwsx", "result": "fail", "latency_ms": 0.0, "hash_mode": "sha256", "protections": "OFF"}
{"timestamp": 1764230031.0072474, "group_seed": 6631928, "username": "user04", "category": "weak", "password_attempt": "qazwsx", "result": "fail", "latency_ms": 16.934, "hash_mode": "sha256", "protections": "OFF"}
{"timestamp": 1764230031.0112062, "group_seed": 6631928, "username": "user05", "category": "weak", "password_attempt": "qazwsx", "result": "fail", "latency_ms": 3.959, "hash_mode": "sha256", "protections": "OFF"}
{"timestamp": 1764230031.0162172, "group_seed": 6631928, "username": "user06", "category": "weak", "password_attempt": "qazwsx", "result": "fail", "latency_ms": 4.01, "hash_mode": "sha256", "protections": "OFF"}
{"timestamp": 1764230031.018262, "group_seed": 6631928, "username": "user07", "category": "weak", "password_attempt": "qazwsx", "result": "fail", "latency_ms": 2.045, "hash_mode": "sha256", "protections": "OFF"}
{"timestamp": 1764230031.0244398, "group_seed": 6631928, "username": "user08", "category": "weak", "password_attempt": "qazwsx", "result": "fail", "latency_ms": 6.178, "hash_mode": "sha256", "protections": "OFF"}
{"timestamp": 1764230031.0244398, "group_seed": 6631928, "username": "user09", "category": "weak", "password_attempt": "qazwsx", "result": "fail", "latency_ms": 0.0, "hash_mode": "sha256", "protections": "OFF"}
{"timestamp": 1764230031.0244398, "group_seed": 6631928, "username": "user10", "category": "weak", "password_attempt": "qazwsx", "result": "fail", "latency_ms": 0.0, "hash_mode": "sha256", "protections": "OFF"}
{"timestamp": 1764230031.260692, "group_seed": 6631928, "username": "user11", "category": "medium", "password_attempt": "qazwsx", "result": "fail", "latency_ms": 236.252, "hash_mode": "bcrypt", "protections": "OFF"}
{"timestamp": 1764230031.487173, "group_seed": 6631928, "username": "user12", "category": "medium", "password_attempt": "qazwsx", "result": "fail", "latency_ms": 225.463, "hash_mode": "bcrypt", "protections": "OFF"}
{"timestamp": 1764230031.7089863, "group_seed": 6631928, "username": "user13", "category": "medium", "password_attempt": "qazwsx", "result": "fail", "latency_ms": 221.813, "hash_mode": "bcrypt", "protections": "OFF"}
{"timestamp": 1764230031.9315882, "group_seed": 6631928, "username": "user14", "category": "medium", "password_attempt": "qazwsx", "result": "fail", "latency_ms": 221.6, "hash_mode": "bcrypt", "protections": "OFF"}
{"timestamp": 1764230032.1635947, "group_seed": 6631928, "username": "user15", "category": "medium", "password_attempt": "qazwsx", "result": "fail", "latency_ms": 232.007, "hash_mode": "bcrypt", "protections": "OFF"}
{"timestamp": 1764230032.3846369, "group_seed": 6631928, "username": "user16", "category": "medium", "password_attempt": "qazwsx", "result": "fail", "latency_ms": 221.042, "hash_mode": "bcrypt", "protections": "OFF"}
{"timestamp": 1764230032.6085825, "group_seed": 6631928, "username": "user17", "category": "medium", "password_attempt": "qazwsx", "result": "fail", "latency_ms": 223.946, "hash_mode": "bcrypt", "protections": "OFF"}
{"timestamp": 1764230032.8240569, "group_seed": 6631928, "username": "user18", "category": "medium", "password_attempt": "qazwsx", "result": "fail", "latency_ms": 214.473, "hash_mode": "bcrypt", "protections": "OFF"}
{"timestamp": 1764230033.0458977, "group_seed": 6631928, "username": "user19", "category": "medium", "password_attempt": "qazwsx", "result": "fail", "latency_ms": 221.841, "hash_mode": "bcrypt", "protections": "OFF"}
{"timestamp": 1764230033.2703996, "group_seed": 6631928, "username": "user20", "category": "medium", "password_attempt": "qazwsx", "result": "fail", "latency_ms": 224.502, "hash_mode": "bcrypt", "protections": "OFF"}
{"timestamp": 1764230033.3248408, "group_seed": 6631928, "username": "user21", "category": "strong", "password_attempt": "qazwsx", "result": "fail", "latency_ms": 52.438, "hash_mode": "argon2id", "protections": "OFF"}
{"timestamp": 1764230033.3779604, "group_seed": 6631928, "username": "user22", "category": "strong", "password_attempt": "qazwsx", "result": "fail", "latency_ms": 53.12, "hash_mode": "argon2id", "protections": "OFF"}
{"timestamp": 1764230033.4304764, "group_seed": 6631928, "username": "user23", "category": "strong", "password_attempt": "qazwsx", "result": "fail", "latency_ms": 51.406, "hash_mode": "argon2id", "protections": "OFF"}
{"timestamp": 1764230033.482727, "group_seed": 6631928, "username": "user24", "category": "strong", "password_attempt": "qazwsx", "result": "fail", "latency_ms": 52.251, "hash_mode": "argon2id", "protections": "OFF"}
{"timestamp": 1764230033.5400994, "group_seed": 6631928, "username": "user25", "category": "strong", "password_attempt": "qazwsx", "result": "fail", "latency_ms": 56.388, "hash_mode": "argon2id", "protections": "OFF"}
{"timestamp": 1764230033.5935068, "group_seed": 6631928, "username": "user26", "category": "strong", "password_attempt": "qazwsx", "result": "fail", "latency_ms": 52.412, "hash_mode": "argon2id", "protections": "OFF"}
{"timestamp": 1764230033.645686, "group_seed": 6631928, "username": "user27", "category": "strong", "password_attempt": "qazwsx", "result": "fail", "latency_ms": 52.179, "hash_mode": "argon2id", "protections": "OFF"}
{"timestamp": 1764230033.7010734, "group_seed": 6631928, "username": "user28", "category": "strong", "password_attempt": "qazwsx", "result": "fail", "latency_ms": 55.387, "hash_mode": "argon2id", "protections": "OFF"}
{"timestamp": 1764230033.7506707, "group_seed": 6631928, "username": "user29", "category": "strong", "password_attempt": "qazwsx", "result": "fail", "latency_ms": 49.597, "hash_mode": "argon2id", "protections": "OFF"}
{"timestamp": 1764230033.8020375, "group_seed": 6631928, "username": "user30", "category": "strong", "password_attempt": "qazwsx", "result": "fail", "latency_ms": 51.367, "hash_mode": "argon2id", "protections": "OFF"}
{"timestamp": 1764230033.8059459, "group_seed": 6631928, "username": "user01", "category": "weak", "password_attempt": "dragon", "result": "fail", "latency_ms": 3.908, "hash_mode": "sha256", "protections": "OFF"}
{"timestamp": 1764230033.809938, "group_seed": 6631928, "username": "user02", "category": "weak", "password_attempt": "dragon", "result": "fail", "latency_ms": 3.992, "hash_mode": "sha256", "protections": "OFF"}
{"timestamp": 1764230033.81294, "group_seed": 6631928, "username": "user03", "category": "weak", "password_attempt": "dragon", "result": "fail", "latency_ms": 3.002, "hash_mode": "sha256", "protections": "OFF"}
{"timestamp": 1764230033.816944, "group_seed": 6631928, "username": "user04", "category": "weak", "password_attempt": "dragon", "result": "fail", "latency_ms": 2.913, "hash_mode": "sha256", "protections": "OFF"}
{"timestamp": 1764230033.8210063, "group_seed": 6631928, "username": "user05", "category": "weak", "password_attempt": "dragon", "result": "fail", "latency_ms": 4.062, "hash_mode": "sha256", "protections": "OFF"}
{"timestamp": 1764230033.82494, "group_seed": 6631928, "username": "user06", "category": "weak", "password_attempt": "dragon", "result": "fail", "latency_ms": 3.934, "hash_mode": "sha256", "protections": "OFF"}
{"timestamp": 1764230033.8291924, "group_seed": 6631928, "username": "user07", "category": "weak", "password_attempt": "dragon", "result": "fail", "latency_ms": 4.252, "hash_mode": "sha256", "protections": "OFF"}
{"timestamp": 1764230033.8326218, "group_seed": 6631928, "username": "user08", "category": "weak", "password_attempt": "dragon", "result": "fail", "latency_ms": 2.43, "hash_mode": "sha256", "protections": "OFF"}
{"timestamp": 1764230033.8366272, "group_seed": 6631928, "username": "user09", "category": "weak", "password_attempt": "dragon", "result": "fail", "latency_ms": 4.005, "hash_mode": "sha256", "protections": "OFF"}
{"timestamp": 1764230033.8396277, "group_seed": 6631928, "username": "user10", "category": "weak", "password_attempt": "dragon", "result": "fail", "latency_ms": 3.0, "hash_mode": "sha256", "protections": "OFF"}
{"timestamp": 1764230034.1071923, "group_seed": 6631928, "username": "user11", "category": "medium", "password_attempt": "dragon", "result": "fail", "latency_ms": 267.565, "hash_mode": "bcrypt", "protections": "OFF"}
{"timestamp": 1764230034.3290865, "group_seed": 6631928, "username": "user12", "category": "medium", "password_attempt": "dragon", "result": "fail", "latency_ms": 221.894, "hash_mode": "bcrypt", "protections": "OFF"}
{"timestamp": 1764230034.546585, "group_seed": 6631928, "username": "user13", "category": "medium", "password_attempt": "dragon", "result": "fail", "latency_ms": 217.499, "hash_mode": "bcrypt", "protections": "OFF"}
{"timestamp": 1764230034.773769, "group_seed": 6631928, "username": "user14", "category": "medium", "password_attempt": "dragon", "result": "fail", "latency_ms": 226.183, "hash_mode": "bcrypt", "protections": "OFF"}
{"timestamp": 1764230034.992485, "group_seed": 6631928, "username": "user15", "category": "medium", "password_attempt": "dragon", "result": "fail", "latency_ms": 218.716, "hash_mode": "bcrypt", "protections": "OFF"}
{"timestamp": 1764230035.22576, "group_seed": 6631928, "username": "user16", "category": "medium", "password_attempt": "dragon", "result": "fail", "latency_ms": 233.275, "hash_mode": "bcrypt", "protections": "OFF"}
{"timestamp": 1764230035.455441, "group_seed": 6631928, "username": "user17", "category": "medium", "password_attempt": "dragon", "result": "fail", "latency_ms": 229.681, "hash_mode": "bcrypt", "protections": "OFF"}
{"timestamp": 1764230035.685968, "group_seed": 6631928, "username": "user18", "category": "medium", "password_attempt": "dragon", "result": "fail", "latency_ms": 230.527, "hash_mode": "bcrypt", "protections": "OFF"}
{"timestamp": 1764230035.9097445, "group_seed": 6631928, "username": "user19", "category": "medium", "password_attempt": "dragon", "result": "fail", "latency_ms": 223.777, "hash_mode": "bcrypt", "protections": "OFF"}
{"timestamp": 1764230036.136557, "group_seed": 6631928, "username": "user20", "category": "medium", "password_attempt": "dragon", "result": "fail", "latency_ms": 224.773, "hash_mode": "bcrypt", "protections": "OFF"}
{"timestamp": 1764230036.1913526, "group_seed": 6631928, "username": "user21", "category": "strong", "password_attempt": "dragon", "result": "fail", "latency_ms": 54.796, "hash_mode": "argon2id", "protections": "OFF"}
{"timestamp": 1764230036.2409291, "group_seed": 6631928, "username": "user22", "category": "strong", "password_attempt": "dragon", "result": "fail", "latency_ms": 49.577, "hash_mode": "argon2id", "protections": "OFF"}
{"timestamp": 1764230036.3028874, "group_seed": 6631928, "username": "user23", "category": "strong", "password_attempt": "dragon", "result": "fail", "latency_ms": 61.958, "hash_mode": "argon2id", "protections": "OFF"}
{"timestamp": 1764230036.3537397, "group_seed": 6631928, "username": "user24", "category": "strong", "password_attempt": "dragon", "result": "fail", "latency_ms": 50.852, "hash_mode": "argon2id", "protections": "OFF"}
{"timestamp": 1764230036.4169497, "group_seed": 6631928, "username": "user25", "category": "strong", "password_attempt": "dragon", "result": "fail", "latency_ms": 62.276, "hash_mode": "argon2id", "protections": "OFF"}
{"timestamp": 1764230036.4693336, "group_seed": 6631928, "username": "user26", "category": "strong", "password_attempt": "dragon", "result": "fail", "latency_ms": 52.384, "hash_mode": "argon2id", "protections": "OFF"}
{"timestamp": 1764230036.519826, "group_seed": 6631928, "username": "user27", "category": "strong", "password_attempt": "dragon", "result": "fail", "latency_ms": 50.492, "hash_mode": "argon2id", "protections": "OFF"}
{"timestamp": 1764230036.5723634, "group_seed": 6631928, "username": "user28", "category": "strong", "password_attempt": "dragon", "result": "fail", "latency_ms": 51.461, "hash_mode": "argon2id", "protections": "OFF"}
{"timestamp": 1764230036.6307569, "group_seed": 6631928, "username": "user29", "category": "strong", "password_attempt": "dragon", "result": "fail", "latency_ms": 57.176, "hash_mode": "argon2id", "protections": "OFF"}
{"timestamp": 1764230036.6891935, "group_seed": 6631928, "username": "user30", "category": "strong", "password_attempt": "dragon", "result": "fail", "latency_ms": 58.437, "hash_mode": "argon2id", "protections": "OFF"}
{"timestamp": 1764230036.6947005, "group_seed": 6631928, "username": "user01", "category": "weak", "password_attempt": "football", "result": "fail", "latency_ms": 4.508, "hash_mode": "sha256", "protections": "OFF"}
{"timestamp": 1764230036.6947005, "group_seed": 6631928, "username": "user02", "category": "weak", "password_attempt": "football", "result": "fail", "latency_ms": 0.0, "hash_mode": "sha256", "protections": "OFF"}
{"timestamp": 1764230036.7036333, "group_seed": 6631928, "username": "user03", "category": "weak", "password_attempt": "football", "result": "fail", "latency_ms": 8.933, "hash_mode": "sha256", "protections": "OFF"}
{"timestamp": 1764230036.7084668, "group_seed": 6631928, "username": "user04", "category": "weak", "password_attempt": "football", "result": "fail", "latency_ms": 4.833, "hash_mode": "sha256", "protections": "OFF"}
{"timestamp": 1764230036.7117965, "group_seed": 6631928, "username": "user05", "category": "weak", "password_attempt": "football", "result": "fail", "latency_ms": 3.33, "hash_mode": "sha256", "protections": "OFF"}
{"timestamp": 1764230036.714277, "group_seed": 6631928, "username": "user06", "category": "weak", "password_attempt": "football", "result": "fail", "latency_ms": 2.481, "hash_mode": "sha256", "protections": "OFF"}
{"timestamp": 1764230036.722257, "group_seed": 6631928, "username": "user07", "category": "weak", "password_attempt": "football", "result": "fail", "latency_ms": 7.98, "hash_mode": "sha256", "protections": "OFF"}
{"timestamp": 1764230036.7262607, "group_seed": 6631928, "username": "user08", "category": "weak", "password_attempt": "football", "result": "fail", "latency_ms": 3.001, "hash_mode": "sha256", "protections": "OFF"}
{"timestamp": 1764230036.7262607, "group_seed": 6631928, "username": "user09", "category": "weak", "password_attempt": "football", "result": "fail", "latency_ms": 0.0, "hash_mode": "sha256", "protections": "OFF"}
{"timestamp": 1764230036.7320025, "group_seed": 6631928, "username": "user10", "category": "weak", "password_attempt": "football", "result": "fail", "latency_ms": 5.742, "hash_mode": "sha256", "protections": "OFF"}
{"timestamp": 1764230036.9552722, "group_seed": 6631928, "username": "user11", "category": "medium", "password_attempt": "football", "result": "fail", "latency_ms": 223.27, "hash_mode": "bcrypt", "protections": "OFF"}
{"timestamp": 1764230037.1875558, "group_seed": 6631928, "username": "user12", "category": "medium", "password_attempt": "football", "result": "fail", "latency_ms": 232.284, "hash_mode": "bcrypt", "protections": "OFF"}
{"timestamp": 1764230037.4306421, "group_seed": 6631928, "username": "user13", "category": "medium", "password_attempt": "football", "result": "fail", "latency_ms": 243.086, "hash_mode": "bcrypt", "protections": "OFF"}
{"timestamp": 1764230037.6540687, "group_seed": 6631928, "username": "user14", "category": "medium", "password_attempt": "football", "result": "fail", "latency_ms": 222.428, "hash_mode": "bcrypt", "protections": "OFF"}
{"timestamp": 1764230037.8807898, "group_seed": 6631928, "username": "user15", "category": "medium", "password_attempt": "football", "result": "fail", "latency_ms": 226.721, "hash_mode": "bcrypt", "protections": "OFF"}
{"timestamp": 1764230038.0962977, "group_seed": 6631928, "username": "user16", "category": "medium", "password_attempt": "football", "result": "fail", "latency_ms": 214.504, "hash_mode": "bcrypt", "protections": "OFF"}
{"timestamp": 1764230038.3377564, "group_seed": 6631928, "username": "user17", "category": "medium", "password_attempt": "football", "result": "fail", "latency_ms": 240.36, "hash_mode": "bcrypt", "protections": "OFF"}
{"timestamp": 1764230038.5654182, "group_seed": 6631928, "username": "user18", "category": "medium", "password_attempt": "football", "result": "fail", "latency_ms": 226.558, "hash_mode": "bcrypt", "protections": "OFF"}
{"timestamp": 1764230038.78475, "group_seed": 6631928, "username": "user19", "category": "medium", "password_attempt": "football", "result": "fail", "latency_ms": 219.332, "hash_mode": "bcrypt", "protections": "OFF"}
{"timestamp": 1764230039.0073953, "group_seed": 6631928, "username": "user20", "category": "medium", "password_attempt": "football", "result": "fail", "latency_ms": 222.645, "hash_mode": "bcrypt", "protections": "OFF"}
{"timestamp": 1764230039.0585377, "group_seed": 6631928, "username": "user21", "category": "strong", "password_attempt": "football", "result": "fail", "latency_ms": 50.044, "hash_mode": "argon2id", "protections": "OFF"}
{"timestamp": 1764230039.1156108, "group_seed": 6631928, "username": "user22", "category": "strong", "password_attempt": "football", "result": "fail", "latency_ms": 57.073, "hash_mode": "argon2id", "protections": "OFF"}
{"timestamp": 1764230039.1740549, "group_seed": 6631928, "username": "user23", "category": "strong", "password_attempt": "football", "result": "fail", "latency_ms": 57.44, "hash_mode": "argon2id", "protections": "OFF"}
{"timestamp": 1764230039.244711, "group_seed": 6631928, "username": "user24", "category": "strong", "password_attempt": "football", "result": "fail", "latency_ms": 70.656, "hash_mode": "argon2id", "protections": "OFF"}
{"timestamp": 1764230039.3104007, "group_seed": 6631928, "username": "user25", "category": "strong", "password_attempt": "football", "result": "fail", "latency_ms": 64.686, "hash_mode": "argon2id", "protections": "OFF"}
{"timestamp": 1764230039.3676016, "group_seed": 6631928, "username": "user26", "category": "strong", "password_attempt": "football", "result": "fail", "latency_ms": 57.201, "hash_mode": "argon2id", "protections": "OFF"}
{"timestamp": 1764230039.4247854, "group_seed": 6631928, "username": "user27", "category": "strong", "password_attempt": "football", "result": "fail", "latency_ms": 57.184, "hash_mode": "argon2id", "protections": "OFF"}
{"timestamp": 1764230039.4791136, "group_seed": 6631928, "username": "user28", "category": "strong", "password_attempt": "football", "result": "fail", "latency_ms": 54.328, "hash_mode": "argon2id", "protections": "OFF"}
{"timestamp": 1764230039.543664, "group_seed": 6631928, "username": "user29", "category": "strong", "password_attempt": "football", "result": "fail", "latency_ms": 63.55, "hash_mode": "argon2id", "protections": "OFF"}
{"timestamp": 1764230039.6383643, "group_seed": 6631928, "username": "user30", "category": "strong", "password_attempt": "football", "result": "fail", "latency_ms": 93.69, "hash_mode": "argon2id", "protections": "OFF"}
{"timestamp": 1764230039.6455019, "group_seed": 6631928, "username": "user01", "category": "weak", "password_attempt": "monkey", "result": "fail", "latency_ms": 7.138, "hash_mode": "sha256", "protections": "OFF"}
{"timestamp": 1764230039.6494982, "group_seed": 6631928, "username": "user02", "category": "weak", "password_attempt": "monkey", "result": "fail", "latency_ms": 3.996, "hash_mode": "sha256", "protections": "OFF"}
{"timestamp": 1764230039.655497, "group_seed": 6631928, "username": "user03", "category": "weak", "password_attempt": "monkey", "result": "fail", "latency_ms": 4.998, "hash_mode": "sha256", "protections": "OFF"}
{"timestamp": 1764230039.661023, "group_seed": 6631928, "username": "user04", "category": "weak", "password_attempt": "monkey", "result": "fail", "latency_ms": 4.525, "hash_mode": "sha256", "protections": "OFF"}
{"timestamp": 1764230039.6650207, "group_seed": 6631928, "username": "user05", "category": "weak", "password_attempt": "monkey", "result": "fail", "latency_ms": 3.998, "hash_mode": "sha256", "protections": "OFF"}
{"timestamp": 1764230039.670021, "group_seed": 6631928, "username": "user06", "category": "weak", "password_attempt": "monkey", "result": "fail", "latency_ms": 4.002, "hash_mode": "sha256", "protections": "OFF"}
{"timestamp": 1764230039.6740196, "group_seed": 6631928, "username": "user07", "category": "weak", "password_attempt": "monkey", "result": "fail", "latency_ms": 3.0, "hash_mode": "sha256", "protections": "OFF"}
{"timestamp": 1764230039.6800184, "group_seed": 6631928, "username": "user08", "category": "weak", "password_attempt": "monkey", "result": "fail", "latency_ms": 4.997, "hash_mode": "sha256", "protections": "OFF"}
{"timestamp": 1764230039.686018, "group_seed": 6631928, "username": "user09", "category": "weak", "password_attempt": "monkey", "result": "fail", "latency_ms": 6.0, "hash_mode": "sha256", "protections": "OFF"}
{"timestamp": 1764230039.6900208, "group_seed": 6631928, "username": "user10", "category": "weak", "password_attempt": "monkey", "result": "fail", "latency_ms": 4.003, "hash_mode": "sha256", "protections": "OFF"}
{"timestamp": 1764230039.9251752, "group_seed": 6631928, "username": "user11", "category": "medium", "password_attempt": "monkey", "result": "fail", "latency_ms": 234.155, "hash_mode": "bcrypt", "protections": "OFF"}
{"timestamp": 1764230040.2845478, "group_seed": 6631928, "username": "user12", "category": "medium", "password_attempt": "monkey", "result": "fail", "latency_ms": 358.399, "hash_mode": "bcrypt", "protections": "OFF"}
{"timestamp": 1764230040.5442562, "group_seed": 6631928, "username": "user13", "category": "medium", "password_attempt": "monkey", "result": "fail", "latency_ms": 258.709, "hash_mode": "bcrypt", "protections": "OFF"}
{"timestamp": 1764230040.782663, "group_seed": 6631928, "username": "user14", "category": "medium", "password_attempt": "monkey", "result": "fail", "latency_ms": 238.407, "hash_mode": "bcrypt", "protections": "OFF"}
{"timestamp": 1764230041.0479305, "group_seed": 6631928, "username": "user15", "category": "medium", "password_attempt": "monkey", "result": "fail", "latency_ms": 265.267, "hash_mode": "bcrypt", "protections": "OFF"}
{"timestamp": 1764230041.3147633, "group_seed": 6631928, "username": "user16", "category": "medium", "password_attempt": "monkey", "result": "fail", "latency_ms": 265.745, "hash_mode": "bcrypt", "protections": "OFF"}
{"timestamp": 1764230041.5771728, "group_seed": 6631928, "username": "user17", "category": "medium", "password_attempt": "monkey", "result": "fail", "latency_ms": 261.409, "hash_mode": "bcrypt", "protections": "OFF"}
{"timestamp": 1764230041.821343, "group_seed": 6631928, "username": "user18", "category": "medium", "password_attempt": "monkey", "result": "fail", "latency_ms": 243.076, "hash_mode": "bcrypt", "protections": "OFF"}
{"timestamp": 1764230042.0586097, "group_seed": 6631928, "username": "user19", "category": "medium", "password_attempt": "monkey", "result": "fail", "latency_ms": 237.267, "hash_mode": "bcrypt", "protections": "OFF"}
{"timestamp": 1764230042.2901165, "group_seed": 6631928, "username": "user20", "category": "medium", "password_attempt": "monkey", "result": "fail", "latency_ms": 230.495, "hash_mode": "bcrypt", "protections": "OFF"}
{"timestamp": 1764230042.3516214, "group_seed": 6631928, "username": "user21", "category": "strong", "password_attempt": "monkey", "result": "fail", "latency_ms": 60.507, "hash_mode": "argon2id", "protections": "OFF"}
{"timestamp": 1764230042.4065788, "group_seed": 6631928, "username": "user22", "category": "strong", "password_attempt": "monkey", "result": "fail", "latency_ms": 53.86, "hash_mode": "argon2id", "protections": "OFF"}
{"timestamp": 1764230042.478767, "group_seed": 6631928, "username": "user23", "category": "strong", "password_attempt": "monkey", "result": "fail", "latency_ms": 72.188, "hash_mode": "argon2id", "protections": "OFF"}
{"timestamp": 1764230042.5366879, "group_seed": 6631928, "username": "user24", "category": "strong", "password_attempt": "monkey", "result": "fail", "latency_ms": 57.921, "hash_mode": "argon2id", "protections": "OFF"}
{"timestamp": 1764230042.5904617, "group_seed": 6631928, "username": "user25", "category": "strong", "password_attempt": "monkey", "result": "fail", "latency_ms": 53.774, "hash_mode": "argon2id", "protections": "OFF"}
{"timestamp": 1764230042.64618, "group_seed": 6631928, "username": "user26", "category": "strong", "password_attempt": "monkey", "result": "fail", "latency_ms": 54.729, "hash_mode": "argon2id", "protections": "OFF"}
{"timestamp": 1764230042.696722, "group_seed": 6631928, "username": "user27", "category": "strong", "password_attempt": "monkey", "result": "fail", "latency_ms": 50.542, "hash_mode": "argon2id", "protections": "OFF"}
{"timestamp": 1764230042.7493029, "group_seed": 6631928, "username": "user28", "category": "strong", "password_attempt": "monkey", "result": "fail", "latency_ms": 52.581, "hash_mode": "argon2id", "protections": "OFF"}
{"timestamp": 1764230042.80469, "group_seed": 6631928, "username": "user29", "category": "strong", "password_attempt": "monkey", "result": "fail", "latency_ms": 55.387, "hash_mode": "argon2id", "protections": "OFF"}
{"timestamp": 1764230042.8608537, "group_seed": 6631928, "username": "user30", "category": "strong", "password_attempt": "monkey", "result": "fail", "latency_ms": 56.164, "hash_mode": "argon2id", "protections": "OFF"}
