===========================================
        PASSWORD SPRAYING ATTACK
===========================================
Start Time: Thu Nov 27 09:54:02 2025
Protections: ON
Max Time: 7200 seconds
Passwords Tested: 15
Users Count: 30
===========================================

{"timestamp": 1764230042.9111283, "group_seed": 6631928, "username": "user01", "category": "weak", "password_attempt": "123456", "result": "fail", "latency_ms": 8.508, "hash_mode": "sha256", "protections": "ON"}
{"timestamp": 1764230042.9181314, "group_seed": 6631928, "username": "user02", "category": "weak", "password_attempt": "123456", "result": "fail", "latency_ms": 5.957, "hash_mode": "sha256", "protections": "ON"}
{"timestamp": 1764230042.927129, "group_seed": 6631928, "username": "user03", "category": "weak", "password_attempt": "123456", "result": "fail", "latency_ms": 5.002, "hash_mode": "sha256", "protections": "ON"}
{"timestamp": 1764230042.9306517, "group_seed": 6631928, "username": "user04", "category": "weak", "password_attempt": "123456", "result": "fail", "latency_ms": 3.523, "hash_mode": "sha256", "protections": "ON"}
{"timestamp": 1764230042.9350197, "group_seed": 6631928, "username": "user05", "category": "weak", "password_attempt": "123456", "result": "fail", "latency_ms": 3.254, "hash_mode": "sha256", "protections": "ON"}
{"timestamp": 1764230042.938876, "group_seed": 6631928, "username": "user06", "category": "weak", "password_attempt": "123456", "result": "fail", "latency_ms": 3.856, "hash_mode": "sha256", "protections": "ON"}
{"timestamp": 1764230042.941962, "group_seed": 6631928, "username": "user07", "category": "weak", "password_attempt": "123456", "result": "fail", "latency_ms": 3.086, "hash_mode": "sha256", "protections": "ON"}
{"timestamp": 1764230042.9460151, "group_seed": 6631928, "username": "user08", "category": "weak", "password_attempt": "123456", "result": "fail", "latency_ms": 3.053, "hash_mode": "sha256", "protections": "ON"}
{"timestamp": 1764230042.9505355, "group_seed": 6631928, "username": "user09", "category": "weak", "password_attempt": "123456", "result": "fail", "latency_ms": 3.793, "hash_mode": "sha256", "protections": "ON"}
{"timestamp": 1764230042.954646, "group_seed": 6631928, "username": "user10", "category": "weak", "password_attempt": "123456", "result": "fail", "latency_ms": 3.113, "hash_mode": "sha256", "protections": "ON"}
{"timestamp": 1764230043.1900141, "group_seed": 6631928, "username": "user11", "category": "medium", "password_attempt": "123456", "result": "fail", "latency_ms": 235.368, "hash_mode": "bcrypt", "protections": "ON"}
{"timestamp": 1764230043.4123926, "group_seed": 6631928, "username": "user12", "category": "medium", "password_attempt": "123456", "result": "fail", "latency_ms": 221.741, "hash_mode": "bcrypt", "protections": "ON"}
{"timestamp": 1764230043.6367784, "group_seed": 6631928, "username": "user13", "category": "medium", "password_attempt": "123456", "result": "fail", "latency_ms": 223.467, "hash_mode": "bcrypt", "protections": "ON"}
{"timestamp": 1764230043.85963, "group_seed": 6631928, "username": "user14", "category": "medium", "password_attempt": "123456", "result": "fail", "latency_ms": 221.848, "hash_mode": "bcrypt", "protections": "ON"}
{"timestamp": 1764230044.0843215, "group_seed": 6631928, "username": "user15", "category": "medium", "password_attempt": "123456", "result": "fail", "latency_ms": 223.563, "hash_mode": "bcrypt", "protections": "ON"}
{"timestamp": 1764230044.30715, "group_seed": 6631928, "username": "user16", "category": "medium", "password_attempt": "123456", "result": "fail", "latency_ms": 221.762, "hash_mode": "bcrypt", "protections": "ON"}
{"timestamp": 1764230044.5236523, "group_seed": 6631928, "username": "user17", "category": "medium", "password_attempt": "123456", "result": "fail", "latency_ms": 216.502, "hash_mode": "bcrypt", "protections": "ON"}
{"timestamp": 1764230044.7464068, "group_seed": 6631928, "username": "user18", "category": "medium", "password_attempt": "123456", "result": "fail", "latency_ms": 221.734, "hash_mode": "bcrypt", "protections": "ON"}
{"timestamp": 1764230044.975844, "group_seed": 6631928, "username": "user19", "category": "medium", "password_attempt": "123456", "result": "fail", "latency_ms": 228.353, "hash_mode": "bcrypt", "protections": "ON"}
{"timestamp": 1764230045.2012846, "group_seed": 6631928, "username": "user20", "category": "medium", "password_attempt": "123456", "result": "fail", "latency_ms": 225.441, "hash_mode": "bcrypt", "protections": "ON"}
{"timestamp": 1764230045.2559366, "group_seed": 6631928, "username": "user21", "category": "strong", "password_attempt": "123456", "result": "fail", "latency_ms": 53.649, "hash_mode": "argon2id", "protections": "ON"}
{"timestamp": 1764230045.3092604, "group_seed": 6631928, "username": "user22", "category": "strong", "password_attempt": "123456", "result": "fail", "latency_ms": 53.324, "hash_mode": "argon2id", "protections": "ON"}
{"timestamp": 1764230045.362566, "group_seed": 6631928, "username": "user23", "category": "strong", "password_attempt": "123456", "result": "fail", "latency_ms": 52.289, "hash_mode": "argon2id", "protections": "ON"}
{"timestamp": 1764230045.4166913, "group_seed": 6631928, "username": "user24", "category": "strong", "password_attempt": "123456", "result": "fail", "latency_ms": 54.125, "hash_mode": "argon2id", "protections": "ON"}
{"timestamp": 1764230045.4676373, "group_seed": 6631928, "username": "user25", "category": "strong", "password_attempt": "123456", "result": "fail", "latency_ms": 50.946, "hash_mode": "argon2id", "protections": "ON"}
{"timestamp": 1764230045.5269544, "group_seed": 6631928, "username": "user26", "category": "strong", "password_attempt": "123456", "result": "fail", "latency_ms": 58.32, "hash_mode": "argon2id", "protections": "ON"}
{"timestamp": 1764230045.5766613, "group_seed": 6631928, "username": "user27", "category": "strong", "password_attempt": "123456", "result": "fail", "latency_ms": 49.707, "hash_mode": "argon2id", "protections": "ON"}
{"timestamp": 1764230045.6284852, "group_seed": 6631928, "username": "user28", "category": "strong", "password_attempt": "123456", "result": "fail", "latency_ms": 51.824, "hash_mode": "argon2id", "protections": "ON"}
{"timestamp": 1764230045.6857383, "group_seed": 6631928, "username": "user29", "category": "strong", "password_attempt": "123456", "result": "fail", "latency_ms": 56.255, "hash_mode": "argon2id", "protections": "ON"}
{"timestamp": 1764230045.7366624, "group_seed": 6631928, "username": "user30", "category": "strong", "password_attempt": "123456", "result": "fail", "latency_ms": 49.911, "hash_mode": "argon2id", "protections": "ON"}
{"timestamp": 1764230045.740316, "group_seed": 6631928, "username": "user01", "category": "weak", "password_attempt": "password", "result": "fail", "latency_ms": 3.654, "hash_mode": "sha256", "protections": "ON"}
{"timestamp": 1764230045.7435157, "group_seed": 6631928, "username": "user02", "category": "weak", "password_attempt": "password", "result": "fail", "latency_ms": 3.2, "hash_mode": "sha256", "protections": "ON"}
{"timestamp": 1764230045.748514, "group_seed": 6631928, "username": "user03", "category": "weak", "password_attempt": "password", "result": "fail", "latency_ms": 4.998, "hash_mode": "sha256", "protections": "ON"}
{"timestamp": 1764230045.7525148, "group_seed": 6631928, "username": "user04", "category": "weak", "password_attempt": "password", "result": "fail", "latency_ms": 4.001, "hash_mode": "sha256", "protections": "ON"}
{"timestamp": 1764230045.7565804, "group_seed": 6631928, "username": "user05", "category": "weak", "password_attempt": "password", "result": "fail", "latency_ms": 4.066, "hash_mode": "sha256", "protections": "ON"}
{"timestamp": 1764230045.7615654, "group_seed": 6631928, "username": "user06", "category": "weak", "password_attempt": "password", "result": "fail", "latency_ms": 4.985, "hash_mode": "sha256", "protections": "ON"}
{"timestamp": 1764230045.7675211, "group_seed": 6631928, "username": "user07", "category": "weak", "password_attempt": "password", "result": "fail", "latency_ms": 5.956, "hash_mode": "sha256", "protections": "ON"}
{"timestamp": 1764230045.7720346, "group_seed": 6631928, "username": "user08", "category": "weak", "password_attempt": "password", "result": "fail", "latency_ms": 3.515, "hash_mode": "sha256", "protections": "ON"}
{"timestamp": 1764230045.7770438, "group_seed": 6631928, "username": "user09", "category": "weak", "password_attempt": "password", "result": "fail", "latency_ms": 5.009, "hash_mode": "sha256", "protections": "ON"}
{"timestamp": 1764230045.7817745, "group_seed": 6631928, "username": "user10", "category": "weak", "password_attempt": "password", "result": "fail", "latency_ms": 4.731, "hash_mode": "sha256", "protections": "ON"}
{"timestamp": 1764230046.081956, "group_seed": 6631928, "username": "user11", "category": "medium", "password_attempt": "password", "result": "fail", "latency_ms": 300.181, "hash_mode": "bcrypt", "protections": "ON"}
{"timestamp": 1764230046.3163526, "group_seed": 6631928, "username": "user12", "category": "medium", "password_attempt": "password", "result": "fail", "latency_ms": 233.115, "hash_mode": "bcrypt", "protections": "ON"}
{"timestamp": 1764230046.567602, "group_seed": 6631928, "username": "user13", "category": "medium", "password_attempt": "password", "result": "fail", "latency_ms": 250.249, "hash_mode": "bcrypt", "protections": "ON"}
{"timestamp": 1764230046.800396, "group_seed": 6631928, "username": "user14", "category": "medium", "password_attempt": "password", "result": "fail", "latency_ms": 232.794, "hash_mode": "bcrypt", "protections": "ON"}
{"timestamp": 1764230047.0303192, "group_seed": 6631928, "username": "user15", "category": "medium", "password_attempt": "password", "result": "fail", "latency_ms": 229.923, "hash_mode": "bcrypt", "protections": "ON"}
{"timestamp": 1764230047.2540503, "group_seed": 6631928, "username": "user16", "category": "medium", "password_attempt": "password", "result": "fail", "latency_ms": 222.72, "hash_mode": "bcrypt", "protections": "ON"}
{"timestamp": 1764230047.478086, "group_seed": 6631928, "username": "user17", "category": "medium", "password_attempt": "password", "result": "fail", "latency_ms": 224.036, "hash_mode": "bcrypt", "protections": "ON"}
{"timestamp": 1764230047.7255225, "group_seed": 6631928, "username": "user18", "category": "medium", "password_attempt": "password", "result": "fail", "latency_ms": 247.437, "hash_mode": "bcrypt", "protections": "ON"}
{"timestamp": 1764230048.012288, "group_seed": 6631928, "username": "user19", "category": "medium", "password_attempt": "password", "result": "fail", "latency_ms": 285.767, "hash_mode": "bcrypt", "protections": "ON"}
{"timestamp": 1764230048.2294176, "group_seed": 6631928, "username": "user20", "category": "medium", "password_attempt": "password", "result": "fail", "latency_ms": 217.129, "hash_mode": "bcrypt", "protections": "ON"}
{"timestamp": 1764230048.2786193, "group_seed": 6631928, "username": "user21", "category": "strong", "password_attempt": "password", "result": "fail", "latency_ms": 48.69, "hash_mode": "argon2id", "protections": "ON"}
{"timestamp": 1764230048.3282037, "group_seed": 6631928, "username": "user22", "category": "strong", "password_attempt": "password", "result": "fail", "latency_ms": 49.584, "hash_mode": "argon2id", "protections": "ON"}
{"timestamp": 1764230048.3754013, "group_seed": 6631928, "username": "user23", "category": "strong", "password_attempt": "password", "result": "fail", "latency_ms": 47.198, "hash_mode": "argon2id", "protections": "ON"}
{"timestamp": 1764230048.4249563, "group_seed": 6631928, "username": "user24", "category": "strong", "password_attempt": "password", "result": "fail", "latency_ms": 49.555, "hash_mode": "argon2id", "protections": "ON"}
{"timestamp": 1764230048.479043, "group_seed": 6631928, "username": "user25", "category": "strong", "password_attempt": "password", "result": "fail", "latency_ms": 54.087, "hash_mode": "argon2id", "protections": "ON"}
{"timestamp": 1764230048.5183053, "group_seed": 6631928, "username": "user26", "category": "strong", "password_attempt": "password", "result": "fail", "latency_ms": 39.262, "hash_mode": "argon2id", "protections": "ON"}
{"timestamp": 1764230048.5761335, "group_seed": 6631928, "username": "user27", "category": "strong", "password_attempt": "password", "result": "fail", "latency_ms": 57.828, "hash_mode": "argon2id", "protections": "ON"}
{"timestamp": 1764230048.628129, "group_seed": 6631928, "username": "user28", "category": "strong", "password_attempt": "password", "result": "fail", "latency_ms": 50.885, "hash_mode": "argon2id", "protections": "ON"}
{"timestamp": 1764230048.6759894, "group_seed": 6631928, "username": "user29", "category": "strong", "password_attempt": "password", "result": "fail", "latency_ms": 47.86, "hash_mode": "argon2id", "protections": "ON"}
{"timestamp": 1764230048.726596, "group_seed": 6631928, "username": "user30", "category": "strong", "password_attempt": "password", "result": "fail", "latency_ms": 50.607, "hash_mode": "argon2id", "protections": "ON"}
{"timestamp": 1764230048.7299488, "group_seed": 6631928, "username": "user01", "category": "weak", "password_attempt": "qwerty", "result": "fail", "latency_ms": 3.353, "hash_mode": "sha256", "protections": "ON"}
{"timestamp": 1764230048.73397, "group_seed": 6631928, "username": "user02", "category": "weak", "password_attempt": "qwerty", "result": "fail", "latency_ms": 4.021, "hash_mode": "sha256", "protections": "ON"}
{"timestamp": 1764230048.737955, "group_seed": 6631928, "username": "user03", "category": "weak", "password_attempt": "qwerty", "result": "fail", "latency_ms": 3.985, "hash_mode": "sha256", "protections": "ON"}
{"timestamp": 1764230048.737955, "group_seed": 6631928, "username": "user04", "category": "weak", "password_attempt": "qwerty", "result": "fail", "latency_ms": 0.0, "hash_mode": "sha256", "protections": "ON"}
{"timestamp": 1764230048.737955, "group_seed": 6631928, "username": "user05", "category": "weak", "password_attempt": "qwerty", "result": "fail", "latency_ms": 0.0, "hash_mode": "sha256", "protections": "ON"}
{"timestamp": 1764230048.737955, "group_seed": 6631928, "username": "user06", "category": "weak", "password_attempt": "qwerty", "result": "fail", "latency_ms": 0.0, "hash_mode": "sha256", "protections": "ON"}
{"timestamp": 1764230048.737955, "group_seed": 6631928, "username": "user07", "category": "weak", "password_attempt": "qwerty", "result": "fail", "latency_ms": 0.0, "hash_mode": "sha256", "protections": "ON"}
{"timestamp": 1764230048.7538276, "group_seed": 6631928, "username": "user08", "category": "weak", "password_attempt": "qwerty", "result": "fail", "latency_ms": 15.872, "hash_mode": "sha256", "protections": "ON"}
{"timestamp": 1764230048.7538276, "group_seed": 6631928, "username": "user09", "category": "weak", "password_attempt": "qwerty", "result": "fail", "latency_ms": 0.0, "hash_mode": "sha256", "protections": "ON"}
{"timestamp": 1764230048.760027, "group_seed": 6631928, "username": "user10", "category": "weak", "password_attempt": "qwerty", "result": "fail", "latency_ms": 6.199, "hash_mode": "sha256", "protections": "ON"}
{"timestamp": 1764230048.9767237, "group_seed": 6631928, "username": "user11", "category": "medium", "password_attempt": "qwerty", "result": "fail", "latency_ms": 216.697, "hash_mode": "bcrypt", "protections": "ON"}
{"timestamp": 1764230049.1926937, "group_seed": 6631928, "username": "user12", "category": "medium", "password_attempt": "qwerty", "result": "fail", "latency_ms": 215.97, "hash_mode": "bcrypt", "protections": "ON"}
{"timestamp": 1764230049.408156, "group_seed": 6631928, "username": "user13", "category": "medium", "password_attempt": "qwerty", "result": "fail", "latency_ms": 215.462, "hash_mode": "bcrypt", "protections": "ON"}
{"timestamp": 1764230049.6241205, "group_seed": 6631928, "username": "user14", "category": "medium", "password_attempt": "qwerty", "result": "fail", "latency_ms": 215.965, "hash_mode": "bcrypt", "protections": "ON"}
{"timestamp": 1764230049.8336132, "group_seed": 6631928, "username": "user15", "category": "medium", "password_attempt": "qwerty", "result": "fail", "latency_ms": 209.493, "hash_mode": "bcrypt", "protections": "ON"}
{"timestamp": 1764230050.06722, "group_seed": 6631928, "username": "user16", "category": "medium", "password_attempt": "qwerty", "result": "fail", "latency_ms": 233.607, "hash_mode": "bcrypt", "protections": "ON"}
{"timestamp": 1764230050.3088963, "group_seed": 6631928, "username": "user17", "category": "medium", "password_attempt": "qwerty", "result": "fail", "latency_ms": 240.677, "hash_mode": "bcrypt", "protections": "ON"}
{"timestamp": 1764230050.5613797, "group_seed": 6631928, "username": "user18", "category": "medium", "password_attempt": "qwerty", "result": "fail", "latency_ms": 251.488, "hash_mode": "bcrypt", "protections": "ON"}
{"timestamp": 1764230050.806961, "group_seed": 6631928, "username": "user19", "category": "medium", "password_attempt": "qwerty", "result": "fail", "latency_ms": 245.581, "hash_mode": "bcrypt", "protections": "ON"}
{"timestamp": 1764230051.0546515, "group_seed": 6631928, "username": "user20", "category": "medium", "password_attempt": "qwerty", "result": "fail", "latency_ms": 246.704, "hash_mode": "bcrypt", "protections": "ON"}
{"timestamp": 1764230051.1106124, "group_seed": 6631928, "username": "user21", "category": "strong", "password_attempt": "qwerty", "result": "fail", "latency_ms": 55.961, "hash_mode": "argon2id", "protections": "ON"}
{"timestamp": 1764230051.1691856, "group_seed": 6631928, "username": "user22", "category": "strong", "password_attempt": "qwerty", "result": "fail", "latency_ms": 57.575, "hash_mode": "argon2id", "protections": "ON"}
{"timestamp": 1764230051.2222097, "group_seed": 6631928, "username": "user23", "category": "strong", "password_attempt": "qwerty", "result": "fail", "latency_ms": 53.024, "hash_mode": "argon2id", "protections": "ON"}
{"timestamp": 1764230051.283645, "group_seed": 6631928, "username": "user24", "category": "strong", "password_attempt": "qwerty", "result": "fail", "latency_ms": 61.435, "hash_mode": "argon2id", "protections": "ON"}
{"timestamp": 1764230051.3367662, "group_seed": 6631928, "username": "user25", "category": "strong", "password_attempt": "qwerty", "result": "fail", "latency_ms": 52.126, "hash_mode": "argon2id", "protections": "ON"}
{"timestamp": 1764230051.401385, "group_seed": 6631928, "username": "user26", "category": "strong", "password_attempt": "qwerty", "result": "fail", "latency_ms": 63.623, "hash_mode": "argon2id", "protections": "ON"}
{"timestamp": 1764230051.4560854, "group_seed": 6631928, "username": "user27", "category": "strong", "password_attempt": "qwerty", "result": "fail", "latency_ms": 54.7, "hash_mode": "argon2id", "protections": "ON"}
{"timestamp": 1764230051.5147665, "group_seed": 6631928, "username": "user28", "category": "strong", "password_attempt": "qwerty", "result": "fail", "latency_ms": 57.679, "hash_mode": "argon2id", "protections": "ON"}
{"timestamp": 1764230051.5700846, "group_seed": 6631928, "username": "user29", "category": "strong", "password_attempt": "qwerty", "result": "fail", "latency_ms": 55.318, "hash_mode": "argon2id", "protections": "ON"}
{"timestamp": 1764230051.6254828, "group_seed": 6631928, "username": "user30", "category": "strong", "password_attempt": "qwerty", "result": "fail", "latency_ms": 54.394, "hash_mode": "argon2id", "protections": "ON"}
{"timestamp": 1764230051.6294796, "group_seed": 6631928, "username": "user01", "category": "weak", "password_attempt": "111111", "result": "fail", "latency_ms": 2.968, "hash_mode": "sha256", "protections": "ON"}
{"timestamp": 1764230051.6325066, "group_seed": 6631928, "username": "user02", "category": "weak", "password_attempt": "111111", "result": "fail", "latency_ms": 2.021, "hash_mode": "sha256", "protections": "ON"}
{"timestamp": 1764230051.635484, "group_seed": 6631928, "username": "user03", "category": "weak", "password_attempt": "111111", "result": "fail", "latency_ms": 1.999, "hash_mode": "sha256", "protections": "ON"}
{"timestamp": 1764230051.6394813, "group_seed": 6631928, "username": "user04", "category": "weak", "password_attempt": "111111", "result": "fail", "latency_ms": 2.999, "hash_mode": "sha256", "protections": "ON"}
{"timestamp": 1764230051.6434832, "group_seed": 6631928, "username": "user05", "category": "weak", "password_attempt": "111111", "result": "fail", "latency_ms": 4.002, "hash_mode": "sha256", "protections": "ON"}
{"timestamp": 1764230051.646514, "group_seed": 6631928, "username": "user06", "category": "weak", "password_attempt": "111111", "result": "fail", "latency_ms": 3.031, "hash_mode": "sha256", "protections": "ON"}
{"timestamp": 1764230051.6504827, "group_seed": 6631928, "username": "user07", "category": "weak", "password_attempt": "111111", "result": "fail", "latency_ms": 2.961, "hash_mode": "sha256", "protections": "ON"}
{"timestamp": 1764230051.6534789, "group_seed": 6631928, "username": "user08", "category": "weak", "password_attempt": "111111", "result": "fail", "latency_ms": 2.996, "hash_mode": "sha256", "protections": "ON"}
{"timestamp": 1764230051.6565084, "group_seed": 6631928, "username": "user09", "category": "weak", "password_attempt": "111111", "result": "fail", "latency_ms": 3.03, "hash_mode": "sha256", "protections": "ON"}
{"timestamp": 1764230051.6604826, "group_seed": 6631928, "username": "user10", "category": "weak", "password_attempt": "111111", "result": "fail", "latency_ms": 2.998, "hash_mode": "sha256", "protections": "ON"}
{"timestamp": 1764230051.6644928, "group_seed": 6631928, "username": "user11", "category": "medium", "password_attempt": "111111", "result": "fail", "latency_ms": 4.01, "hash_mode": "bcrypt", "protections": "ON"}
{"timestamp": 1764230051.6684885, "group_seed": 6631928, "username": "user12", "category": "medium", "password_attempt": "111111", "result": "fail", "latency_ms": 3.996, "hash_mode": "bcrypt", "protections": "ON"}
{"timestamp": 1764230051.672489, "group_seed": 6631928, "username": "user13", "category": "medium", "password_attempt": "111111", "result": "fail", "latency_ms": 3.0, "hash_mode": "bcrypt", "protections": "ON"}
{"timestamp": 1764230051.677005, "group_seed": 6631928, "username": "user14", "category": "medium", "password_attempt": "111111", "result": "fail", "latency_ms": 4.516, "hash_mode": "bcrypt", "protections": "ON"}
{"timestamp": 1764230051.6820064, "group_seed": 6631928, "username": "user15", "category": "medium", "password_attempt": "111111", "result": "fail", "latency_ms": 5.001, "hash_mode": "bcrypt", "protections": "ON"}
{"timestamp": 1764230051.6850045, "group_seed": 6631928, "username": "user16", "category": "medium", "password_attempt": "111111", "result": "fail", "latency_ms": 2.998, "hash_mode": "bcrypt", "protections": "ON"}
{"timestamp": 1764230051.6890073, "group_seed": 6631928, "username": "user17", "category": "medium", "password_attempt": "111111", "result": "fail", "latency_ms": 4.003, "hash_mode": "bcrypt", "protections": "ON"}
{"timestamp": 1764230051.6920037, "group_seed": 6631928, "username": "user18", "category": "medium", "password_attempt": "111111", "result": "fail", "latency_ms": 2.996, "hash_mode": "bcrypt", "protections": "ON"}
{"timestamp": 1764230051.6960242, "group_seed": 6631928, "username": "user19", "category": "medium", "password_attempt": "111111", "result": "fail", "latency_ms": 4.02, "hash_mode": "bcrypt", "protections": "ON"}
{"timestamp": 1764230051.6990075, "group_seed": 6631928, "username": "user20", "category": "medium", "password_attempt": "111111", "result": "fail", "latency_ms": 2.983, "hash_mode": "bcrypt", "protections": "ON"}
{"timestamp": 1764230051.7020042, "group_seed": 6631928, "username": "user21", "category": "strong", "password_attempt": "111111", "result": "fail", "latency_ms": 2.997, "hash_mode": "argon2id", "protections": "ON"}
{"timestamp": 1764230051.7060058, "group_seed": 6631928, "username": "user22", "category": "strong", "password_attempt": "111111", "result": "fail", "latency_ms": 2.997, "hash_mode": "argon2id", "protections": "ON"}
{"timestamp": 1764230051.7128599, "group_seed": 6631928, "username": "user23", "category": "strong", "password_attempt": "111111", "result": "fail", "latency_ms": 6.854, "hash_mode": "argon2id", "protections": "ON"}
{"timestamp": 1764230051.7168753, "group_seed": 6631928, "username": "user24", "category": "strong", "password_attempt": "111111", "result": "fail", "latency_ms": 3.015, "hash_mode": "argon2id", "protections": "ON"}
{"timestamp": 1764230051.7198591, "group_seed": 6631928, "username": "user25", "category": "strong", "password_attempt": "111111", "result": "fail", "latency_ms": 2.984, "hash_mode": "argon2id", "protections": "ON"}
{"timestamp": 1764230051.722867, "group_seed": 6631928, "username": "user26", "category": "strong", "password_attempt": "111111", "result": "fail", "latency_ms": 3.008, "hash_mode": "argon2id", "protections": "ON"}
{"timestamp": 1764230051.7274747, "group_seed": 6631928, "username": "user27", "category": "strong", "password_attempt": "111111", "result": "fail", "latency_ms": 3.593, "hash_mode": "argon2id", "protections": "ON"}
{"timestamp": 1764230051.7304735, "group_seed": 6631928, "username": "user28", "category": "strong", "password_attempt": "111111", "result": "fail", "latency_ms": 2.999, "hash_mode": "argon2id", "protections": "ON"}
{"timestamp": 1764230051.733483, "group_seed": 6631928, "username": "user29", "category": "strong", "password_attempt": "111111", "result": "fail", "latency_ms": 3.01, "hash_mode": "argon2id", "protections": "ON"}
{"timestamp": 1764230051.736515, "group_seed": 6631928, "username": "user30", "category": "strong", "password_attempt": "111111", "result": "fail", "latency_ms": 2.039, "hash_mode": "argon2id", "protections": "ON"}
{"timestamp": 1764230051.7404788, "group_seed": 6631928, "username": "user01", "category": "weak", "password_attempt": "abc123", "result": "fail", "latency_ms": 3.001, "hash_mode": "sha256", "protections": "ON"}
{"timestamp": 1764230051.7439134, "group_seed": 6631928, "username": "user02", "category": "weak", "password_attempt": "abc123", "result": "fail", "latency_ms": 3.435, "hash_mode": "sha256", "protections": "ON"}
{"timestamp": 1764230051.7479103, "group_seed": 6631928, "username": "user03", "category": "weak", "password_attempt": "abc123", "result": "fail", "latency_ms": 3.997, "hash_mode": "sha256", "protections": "ON"}
{"timestamp": 1764230051.7509224, "group_seed": 6631928, "username": "user04", "category": "weak", "password_attempt": "abc123", "result": "fail", "latency_ms": 3.012, "hash_mode": "sha256", "protections": "ON"}
{"timestamp": 1764230051.754909, "group_seed": 6631928, "username": "user05", "category": "weak", "password_attempt": "abc123", "result": "fail", "latency_ms": 2.999, "hash_mode": "sha256", "protections": "ON"}
{"timestamp": 1764230051.7585616, "group_seed": 6631928, "username": "user06", "category": "weak", "password_attempt": "abc123", "result": "fail", "latency_ms": 3.653, "hash_mode": "sha256", "protections": "ON"}
{"timestamp": 1764230051.7616081, "group_seed": 6631928, "username": "user07", "category": "weak", "password_attempt": "abc123", "result": "fail", "latency_ms": 3.047, "hash_mode": "sha256", "protections": "ON"}
{"timestamp": 1764230051.7646067, "group_seed": 6631928, "username": "user08", "category": "weak", "password_attempt": "abc123", "result": "fail", "latency_ms": 2.999, "hash_mode": "sha256", "protections": "ON"}
{"timestamp": 1764230051.7686062, "group_seed": 6631928, "username": "user09", "category": "weak", "password_attempt": "abc123", "result": "fail", "latency_ms": 2.999, "hash_mode": "sha256", "protections": "ON"}
{"timestamp": 1764230051.771605, "group_seed": 6631928, "username": "user10", "category": "weak", "password_attempt": "abc123", "result": "fail", "latency_ms": 2.999, "hash_mode": "sha256", "protections": "ON"}
{"timestamp": 1764230051.774605, "group_seed": 6631928, "username": "user11", "category": "medium", "password_attempt": "abc123", "result": "fail", "latency_ms": 3.0, "hash_mode": "bcrypt", "protections": "ON"}
{"timestamp": 1764230051.7791183, "group_seed": 6631928, "username": "user12", "category": "medium", "password_attempt": "abc123", "result": "fail", "latency_ms": 3.007, "hash_mode": "bcrypt", "protections": "ON"}
{"timestamp": 1764230051.7821171, "group_seed": 6631928, "username": "user13", "category": "medium", "password_attempt": "abc123", "result": "fail", "latency_ms": 2.999, "hash_mode": "bcrypt", "protections": "ON"}
{"timestamp": 1764230051.7851298, "group_seed": 6631928, "username": "user14", "category": "medium", "password_attempt": "abc123", "result": "fail", "latency_ms": 3.013, "hash_mode": "bcrypt", "protections": "ON"}
{"timestamp": 1764230051.78912, "group_seed": 6631928, "username": "user15", "category": "medium", "password_attempt": "abc123", "result": "fail", "latency_ms": 2.992, "hash_mode": "bcrypt", "protections": "ON"}
{"timestamp": 1764230051.7920027, "group_seed": 6631928, "username": "user16", "category": "medium", "password_attempt": "abc123", "result": "fail", "latency_ms": 2.883, "hash_mode": "bcrypt", "protections": "ON"}
{"timestamp": 1764230051.796048, "group_seed": 6631928, "username": "user17", "category": "medium", "password_attempt": "abc123", "result": "fail", "latency_ms": 3.006, "hash_mode": "bcrypt", "protections": "ON"}
{"timestamp": 1764230051.799075, "group_seed": 6631928, "username": "user18", "category": "medium", "password_attempt": "abc123", "result": "fail", "latency_ms": 3.027, "hash_mode": "bcrypt", "protections": "ON"}
{"timestamp": 1764230051.803047, "group_seed": 6631928, "username": "user19", "category": "medium", "password_attempt": "abc123", "result": "fail", "latency_ms": 2.998, "hash_mode": "bcrypt", "protections": "ON"}
{"timestamp": 1764230051.8060436, "group_seed": 6631928, "username": "user20", "category": "medium", "password_attempt": "abc123", "result": "fail", "latency_ms": 2.997, "hash_mode": "bcrypt", "protections": "ON"}
{"timestamp": 1764230051.8096192, "group_seed": 6631928, "username": "user21", "category": "strong", "password_attempt": "abc123", "result": "fail", "latency_ms": 2.571, "hash_mode": "argon2id", "protections": "ON"}
{"timestamp": 1764230051.812636, "group_seed": 6631928, "username": "user22", "category": "strong", "password_attempt": "abc123", "result": "fail", "latency_ms": 3.017, "hash_mode": "argon2id", "protections": "ON"}
{"timestamp": 1764230051.8166366, "group_seed": 6631928, "username": "user23", "category": "strong", "password_attempt": "abc123", "result": "fail", "latency_ms": 3.014, "hash_mode": "argon2id", "protections": "ON"}
{"timestamp": 1764230051.819623, "group_seed": 6631928, "username": "user24", "category": "strong", "password_attempt": "abc123", "result": "fail", "latency_ms": 2.986, "hash_mode": "argon2id", "protections": "ON"}
{"timestamp": 1764230051.8226204, "group_seed": 6631928, "username": "user25", "category": "strong", "password_attempt": "abc123", "result": "fail", "latency_ms": 2.997, "hash_mode": "argon2id", "protections": "ON"}
{"timestamp": 1764230051.8272889, "group_seed": 6631928, "username": "user26", "category": "strong", "password_attempt": "abc123", "result": "fail", "latency_ms": 4.668, "hash_mode": "argon2id", "protections": "ON"}
{"timestamp": 1764230051.8312564, "group_seed": 6631928, "username": "user27", "category": "strong", "password_attempt": "abc123", "result": "fail", "latency_ms": 3.968, "hash_mode": "argon2id", "protections": "ON"}
{"timestamp": 1764230051.8342555, "group_seed": 6631928, "username": "user28", "category": "strong", "password_attempt": "abc123", "result": "fail", "latency_ms": 2.999, "hash_mode": "argon2id", "protections": "ON"}
{"timestamp": 1764230051.8372552, "group_seed": 6631928, "username": "user29", "category": "strong", "password_attempt": "abc123", "result": "fail", "latency_ms": 3.0, "hash_mode": "argon2id", "protections": "ON"}
{"timestamp": 1764230051.840253, "group_seed": 6631928, "username": "user30", "category": "strong", "password_attempt": "abc123", "result": "fail", "latency_ms": 2.998, "hash_mode": "argon2id", "protections": "ON"}
{"timestamp": 1764230051.844066, "group_seed": 6631928, "username": "user01", "category": "weak", "password_attempt": "123123", "result": "fail", "latency_ms": 3.813, "hash_mode": "sha256", "protections": "ON"}
{"timestamp": 1764230051.848066, "group_seed": 6631928, "username": "user02", "category": "weak", "password_attempt": "123123", "result": "fail", "latency_ms": 2.999, "hash_mode": "sha256", "protections": "ON"}
{"timestamp": 1764230051.8520663, "group_seed": 6631928, "username": "user03", "category": "weak", "password_attempt": "123123", "result": "fail", "latency_ms": 2.999, "hash_mode": "sha256", "protections": "ON"}
{"timestamp": 1764230051.855065, "group_seed": 6631928, "username": "user04", "category": "weak", "password_attempt": "123123", "result": "fail", "latency_ms": 2.999, "hash_mode": "sha256", "protections": "ON"}
{"timestamp": 1764230051.8586655, "group_seed": 6631928, "username": "user05", "category": "weak", "password_attempt": "123123", "result": "fail", "latency_ms": 3.6, "hash_mode": "sha256", "protections": "ON"}
{"timestamp": 1764230051.8636954, "group_seed": 6631928, "username": "user06", "category": "weak", "password_attempt": "123123", "result": "fail", "latency_ms": 4.004, "hash_mode": "sha256", "protections": "ON"}
{"timestamp": 1764230051.8666964, "group_seed": 6631928, "username": "user07", "category": "weak", "password_attempt": "123123", "result": "fail", "latency_ms": 3.001, "hash_mode": "sha256", "protections": "ON"}
{"timestamp": 1764230051.8707292, "group_seed": 6631928, "username": "user08", "category": "weak", "password_attempt": "123123", "result": "fail", "latency_ms": 3.031, "hash_mode": "sha256", "protections": "ON"}
{"timestamp": 1764230051.873694, "group_seed": 6631928, "username": "user09", "category": "weak", "password_attempt": "123123", "result": "fail", "latency_ms": 2.965, "hash_mode": "sha256", "protections": "ON"}
{"timestamp": 1764230051.879227, "group_seed": 6631928, "username": "user10", "category": "weak", "password_attempt": "123123", "result": "fail", "latency_ms": 4.527, "hash_mode": "sha256", "protections": "ON"}
{"timestamp": 1764230051.8832235, "group_seed": 6631928, "username": "user11", "category": "medium", "password_attempt": "123123", "result": "fail", "latency_ms": 3.997, "hash_mode": "bcrypt", "protections": "ON"}
{"timestamp": 1764230051.887227, "group_seed": 6631928, "username": "user12", "category": "medium", "password_attempt": "123123", "result": "fail", "latency_ms": 4.004, "hash_mode": "bcrypt", "protections": "ON"}
{"timestamp": 1764230051.891238, "group_seed": 6631928, "username": "user13", "category": "medium", "password_attempt": "123123", "result": "fail", "latency_ms": 4.011, "hash_mode": "bcrypt", "protections": "ON"}
{"timestamp": 1764230051.896223, "group_seed": 6631928, "username": "user14", "category": "medium", "password_attempt": "123123", "result": "fail", "latency_ms": 3.998, "hash_mode": "bcrypt", "protections": "ON"}
{"timestamp": 1764230051.901226, "group_seed": 6631928, "username": "user15", "category": "medium", "password_attempt": "123123", "result": "fail", "latency_ms": 4.003, "hash_mode": "bcrypt", "protections": "ON"}
{"timestamp": 1764230051.9062238, "group_seed": 6631928, "username": "user16", "category": "medium", "password_attempt": "123123", "result": "fail", "latency_ms": 4.998, "hash_mode": "bcrypt", "protections": "ON"}
{"timestamp": 1764230051.912482, "group_seed": 6631928, "username": "user17", "category": "medium", "password_attempt": "123123", "result": "fail", "latency_ms": 6.258, "hash_mode": "bcrypt", "protections": "ON"}
{"timestamp": 1764230051.9184852, "group_seed": 6631928, "username": "user18", "category": "medium", "password_attempt": "123123", "result": "fail", "latency_ms": 5.004, "hash_mode": "bcrypt", "protections": "ON"}
{"timestamp": 1764230051.923481, "group_seed": 6631928, "username": "user19", "category": "medium", "password_attempt": "123123", "result": "fail", "latency_ms": 4.996, "hash_mode": "bcrypt", "protections": "ON"}
{"timestamp": 1764230051.9276385, "group_seed": 6631928, "username": "user20", "category": "medium", "password_attempt": "123123", "result": "fail", "latency_ms": 4.158, "hash_mode": "bcrypt", "protections": "ON"}
{"timestamp": 1764230051.9325814, "group_seed": 6631928, "username": "user21", "category": "strong", "password_attempt": "123123", "result": "fail", "latency_ms": 4.002, "hash_mode": "argon2id", "protections": "ON"}
{"timestamp": 1764230051.9365835, "group_seed": 6631928, "username": "user22", "category": "strong", "password_attempt": "123123", "result": "fail", "latency_ms": 4.002, "hash_mode": "argon2id", "protections": "ON"}
{"timestamp": 1764230051.9395814, "group_seed": 6631928, "username": "user23", "category": "strong", "password_attempt": "123123", "result": "fail", "latency_ms": 2.998, "hash_mode": "argon2id", "protections": "ON"}
{"timestamp": 1764230051.9439209, "group_seed": 6631928, "username": "user24", "category": "strong", "password_attempt": "123123", "result": "fail", "latency_ms": 3.335, "hash_mode": "argon2id", "protections": "ON"}
{"timestamp": 1764230051.948451, "group_seed": 6631928, "username": "user25", "category": "strong", "password_attempt": "123123", "result": "fail", "latency_ms": 3.53, "hash_mode": "argon2id", "protections": "ON"}
{"timestamp": 1764230051.9534383, "group_seed": 6631928, "username": "user26", "category": "strong", "password_attempt": "123123", "result": "fail", "latency_ms": 4.987, "hash_mode": "argon2id", "protections": "ON"}
{"timestamp": 1764230051.958448, "group_seed": 6631928, "username": "user27", "category": "strong", "password_attempt": "123123", "result": "fail", "latency_ms": 5.01, "hash_mode": "argon2id", "protections": "ON"}
{"timestamp": 1764230051.962443, "group_seed": 6631928, "username": "user28", "category": "strong", "password_attempt": "123123", "result": "fail", "latency_ms": 3.995, "hash_mode": "argon2id", "protections": "ON"}
{"timestamp": 1764230051.9654408, "group_seed": 6631928, "username": "user29", "category": "strong", "password_attempt": "123123", "result": "fail", "latency_ms": 2.998, "hash_mode": "argon2id", "protections": "ON"}
{"timestamp": 1764230051.9684613, "group_seed": 6631928, "username": "user30", "category": "strong", "password_attempt": "123123", "result": "fail", "latency_ms": 3.021, "hash_mode": "argon2id", "protections": "ON"}
{"timestamp": 1764230051.9724422, "group_seed": 6631928, "username": "user01", "category": "weak", "password_attempt": "letmein", "result": "fail", "latency_ms": 2.998, "hash_mode": "sha256", "protections": "ON"}
{"timestamp": 1764230051.9764414, "group_seed": 6631928, "username": "user02", "category": "weak", "password_attempt": "letmein", "result": "fail", "latency_ms": 3.999, "hash_mode": "sha256", "protections": "ON"}
{"timestamp": 1764230051.9789793, "group_seed": 6631928, "username": "user03", "category": "weak", "password_attempt": "letmein", "result": "fail", "latency_ms": 2.03, "hash_mode": "sha256", "protections": "ON"}
{"timestamp": 1764230051.9829557, "group_seed": 6631928, "username": "user04", "category": "weak", "password_attempt": "letmein", "result": "fail", "latency_ms": 2.976, "hash_mode": "sha256", "protections": "ON"}
{"timestamp": 1764230051.9863002, "group_seed": 6631928, "username": "user05", "category": "weak", "password_attempt": "letmein", "result": "fail", "latency_ms": 3.345, "hash_mode": "sha256", "protections": "ON"}
{"timestamp": 1764230051.990296, "group_seed": 6631928, "username": "user06", "category": "weak", "password_attempt": "letmein", "result": "fail", "latency_ms": 3.996, "hash_mode": "sha256", "protections": "ON"}
{"timestamp": 1764230051.9942973, "group_seed": 6631928, "username": "user07", "category": "weak", "password_attempt": "letmein", "result": "fail", "latency_ms": 4.001, "hash_mode": "sha256", "protections": "ON"}
{"timestamp": 1764230051.998296, "group_seed": 6631928, "username": "user08", "category": "weak", "password_attempt": "letmein", "result": "fail", "latency_ms": 2.999, "hash_mode": "sha256", "protections": "ON"}
{"timestamp": 1764230052.0012963, "group_seed": 6631928, "username": "user09", "category": "weak", "password_attempt": "letmein", "result": "fail", "latency_ms": 3.0, "hash_mode": "sha256", "protections": "ON"}
{"timestamp": 1764230052.005575, "group_seed": 6631928, "username": "user10", "category": "weak", "password_attempt": "letmein", "result": "fail", "latency_ms": 4.279, "hash_mode": "sha256", "protections": "ON"}
{"timestamp": 1764230052.0103364, "group_seed": 6631928, "username": "user11", "category": "medium", "password_attempt": "letmein", "result": "fail", "latency_ms": 4.761, "hash_mode": "bcrypt", "protections": "ON"}
{"timestamp": 1764230052.0163357, "group_seed": 6631928, "username": "user12", "category": "medium", "password_attempt": "letmein", "result": "fail", "latency_ms": 4.998, "hash_mode": "bcrypt", "protections": "ON"}
{"timestamp": 1764230052.02134, "group_seed": 6631928, "username": "user13", "category": "medium", "password_attempt": "letmein", "result": "fail", "latency_ms": 5.004, "hash_mode": "bcrypt", "protections": "ON"}
{"timestamp": 1764230052.0271208, "group_seed": 6631928, "username": "user14", "category": "medium", "password_attempt": "letmein", "result": "fail", "latency_ms": 5.781, "hash_mode": "bcrypt", "protections": "ON"}
{"timestamp": 1764230052.0321088, "group_seed": 6631928, "username": "user15", "category": "medium", "password_attempt": "letmein", "result": "fail", "latency_ms": 3.995, "hash_mode": "bcrypt", "protections": "ON"}
{"timestamp": 1764230052.0351133, "group_seed": 6631928, "username": "user16", "category": "medium", "password_attempt": "letmein", "result": "fail", "latency_ms": 1.998, "hash_mode": "bcrypt", "protections": "ON"}
{"timestamp": 1764230052.0381134, "group_seed": 6631928, "username": "user17", "category": "medium", "password_attempt": "letmein", "result": "fail", "latency_ms": 2.0, "hash_mode": "bcrypt", "protections": "ON"}
{"timestamp": 1764230052.0411108, "group_seed": 6631928, "username": "user18", "category": "medium", "password_attempt": "letmein", "result": "fail", "latency_ms": 1.997, "hash_mode": "bcrypt", "protections": "ON"}
{"timestamp": 1764230052.0461092, "group_seed": 6631928, "username": "user19", "category": "medium", "password_attempt": "letmein", "result": "fail", "latency_ms": 3.999, "hash_mode": "bcrypt", "protections": "ON"}
{"timestamp": 1764230052.0501106, "group_seed": 6631928, "username": "user20", "category": "medium", "password_attempt": "letmein", "result": "fail", "latency_ms": 3.001, "hash_mode": "bcrypt", "protections": "ON"}
{"timestamp": 1764230052.0531094, "group_seed": 6631928, "username": "user21", "category": "strong", "password_attempt": "letmein", "result": "fail", "latency_ms": 2.999, "hash_mode": "argon2id", "protections": "ON"}
{"timestamp": 1764230052.0571096, "group_seed": 6631928, "username": "user22", "category": "strong", "password_attempt": "letmein", "result": "fail", "latency_ms": 4.0, "hash_mode": "argon2id", "protections": "ON"}
{"timestamp": 1764230052.0605173, "group_seed": 6631928, "username": "user23", "category": "strong", "password_attempt": "letmein", "result": "fail", "latency_ms": 3.408, "hash_mode": "argon2id", "protections": "ON"}
{"timestamp": 1764230052.0645254, "group_seed": 6631928, "username": "user24", "category": "strong", "password_attempt": "letmein", "result": "fail", "latency_ms": 4.008, "hash_mode": "argon2id", "protections": "ON"}
{"timestamp": 1764230052.0675242, "group_seed": 6631928, "username": "user25", "category": "strong", "password_attempt": "letmein", "result": "fail", "latency_ms": 2.999, "hash_mode": "argon2id", "protections": "ON"}
{"timestamp": 1764230052.0705261, "group_seed": 6631928, "username": "user26", "category": "strong", "password_attempt": "letmein", "result": "fail", "latency_ms": 3.002, "hash_mode": "argon2id", "protections": "ON"}
{"timestamp": 1764230052.0735285, "group_seed": 6631928, "username": "user27", "category": "strong", "password_attempt": "letmein", "result": "fail", "latency_ms": 2.003, "hash_mode": "argon2id", "protections": "ON"}
{"timestamp": 1764230052.0786846, "group_seed": 6631928, "username": "user28", "category": "strong", "password_attempt": "letmein", "result": "fail", "latency_ms": 4.16, "hash_mode": "argon2id", "protections": "ON"}
{"timestamp": 1764230052.0826855, "group_seed": 6631928, "username": "user29", "category": "strong", "password_attempt": "letmein", "result": "fail", "latency_ms": 2.996, "hash_mode": "argon2id", "protections": "ON"}
{"timestamp": 1764230052.086685, "group_seed": 6631928, "username": "user30", "category": "strong", "password_attempt": "letmein", "result": "fail", "latency_ms": 3.999, "hash_mode": "argon2id", "protections": "ON"}
{"timestamp": 1764230052.0906854, "group_seed": 6631928, "username": "user01", "category": "weak", "password_attempt": "admin", "result": "fail", "latency_ms": 4.0, "hash_mode": "sha256", "protections": "ON"}
{"timestamp": 1764230052.096238, "group_seed": 6631928, "username": "user02", "category": "weak", "password_attempt": "admin", "result": "fail", "latency_ms": 5.553, "hash_mode": "sha256", "protections": "ON"}
{"timestamp": 1764230052.100237, "group_seed": 6631928, "username": "user03", "category": "weak", "password_attempt": "admin", "result": "fail", "latency_ms": 3.999, "hash_mode": "sha256", "protections": "ON"}
{"timestamp": 1764230052.1042387, "group_seed": 6631928, "username": "user04", "category": "weak", "password_attempt": "admin", "result": "fail", "latency_ms": 3.003, "hash_mode": "sha256", "protections": "ON"}
{"timestamp": 1764230052.1082366, "group_seed": 6631928, "username": "user05", "category": "weak", "password_attempt": "admin", "result": "fail", "latency_ms": 2.99, "hash_mode": "sha256", "protections": "ON"}
{"timestamp": 1764230052.1122355, "group_seed": 6631928, "username": "user06", "category": "weak", "password_attempt": "admin", "result": "fail", "latency_ms": 2.998, "hash_mode": "sha256", "protections": "ON"}
{"timestamp": 1764230052.1152346, "group_seed": 6631928, "username": "user07", "category": "weak", "password_attempt": "admin", "result": "fail", "latency_ms": 1.99, "hash_mode": "sha256", "protections": "ON"}
{"timestamp": 1764230052.1182363, "group_seed": 6631928, "username": "user08", "category": "weak", "password_attempt": "admin", "result": "fail", "latency_ms": 1.999, "hash_mode": "sha256", "protections": "ON"}
{"timestamp": 1764230052.1212366, "group_seed": 6631928, "username": "user09", "category": "weak", "password_attempt": "admin", "result": "fail", "latency_ms": 2.0, "hash_mode": "sha256", "protections": "ON"}
{"timestamp": 1764230052.125237, "group_seed": 6631928, "username": "user10", "category": "weak", "password_attempt": "admin", "result": "fail", "latency_ms": 3.0, "hash_mode": "sha256", "protections": "ON"}
{"timestamp": 1764230052.1282363, "group_seed": 6631928, "username": "user11", "category": "medium", "password_attempt": "admin", "result": "fail", "latency_ms": 2.999, "hash_mode": "bcrypt", "protections": "ON"}
{"timestamp": 1764230052.1322362, "group_seed": 6631928, "username": "user12", "category": "medium", "password_attempt": "admin", "result": "fail", "latency_ms": 2.0, "hash_mode": "bcrypt", "protections": "ON"}
{"timestamp": 1764230052.1352355, "group_seed": 6631928, "username": "user13", "category": "medium", "password_attempt": "admin", "result": "fail", "latency_ms": 2.999, "hash_mode": "bcrypt", "protections": "ON"}
{"timestamp": 1764230052.1382356, "group_seed": 6631928, "username": "user14", "category": "medium", "password_attempt": "admin", "result": "fail", "latency_ms": 3.0, "hash_mode": "bcrypt", "protections": "ON"}
{"timestamp": 1764230052.14166, "group_seed": 6631928, "username": "user15", "category": "medium", "password_attempt": "admin", "result": "fail", "latency_ms": 2.424, "hash_mode": "bcrypt", "protections": "ON"}
{"timestamp": 1764230052.1458085, "group_seed": 6631928, "username": "user16", "category": "medium", "password_attempt": "admin", "result": "fail", "latency_ms": 3.001, "hash_mode": "bcrypt", "protections": "ON"}
{"timestamp": 1764230052.1488051, "group_seed": 6631928, "username": "user17", "category": "medium", "password_attempt": "admin", "result": "fail", "latency_ms": 2.997, "hash_mode": "bcrypt", "protections": "ON"}
{"timestamp": 1764230052.1528058, "group_seed": 6631928, "username": "user18", "category": "medium", "password_attempt": "admin", "result": "fail", "latency_ms": 2.996, "hash_mode": "bcrypt", "protections": "ON"}
{"timestamp": 1764230052.156808, "group_seed": 6631928, "username": "user19", "category": "medium", "password_attempt": "admin", "result": "fail", "latency_ms": 4.002, "hash_mode": "bcrypt", "protections": "ON"}
{"timestamp": 1764230052.1604197, "group_seed": 6631928, "username": "user20", "category": "medium", "password_attempt": "admin", "result": "fail", "latency_ms": 2.617, "hash_mode": "bcrypt", "protections": "ON"}
{"timestamp": 1764230052.1634257, "group_seed": 6631928, "username": "user21", "category": "strong", "password_attempt": "admin", "result": "fail", "latency_ms": 3.006, "hash_mode": "argon2id", "protections": "ON"}
{"timestamp": 1764230052.166426, "group_seed": 6631928, "username": "user22", "category": "strong", "password_attempt": "admin", "result": "fail", "latency_ms": 3.0, "hash_mode": "argon2id", "protections": "ON"}
{"timestamp": 1764230052.1694262, "group_seed": 6631928, "username": "user23", "category": "strong", "password_attempt": "admin", "result": "fail", "latency_ms": 3.0, "hash_mode": "argon2id", "protections": "ON"}
{"timestamp": 1764230052.1724265, "group_seed": 6631928, "username": "user24", "category": "strong", "password_attempt": "admin", "result": "fail", "latency_ms": 3.0, "hash_mode": "argon2id", "protections": "ON"}
{"timestamp": 1764230052.1759977, "group_seed": 6631928, "username": "user25", "category": "strong", "password_attempt": "admin", "result": "fail", "latency_ms": 3.571, "hash_mode": "argon2id", "protections": "ON"}
{"timestamp": 1764230052.1795094, "group_seed": 6631928, "username": "user26", "category": "strong", "password_attempt": "admin", "result": "fail", "latency_ms": 2.514, "hash_mode": "argon2id", "protections": "ON"}
{"timestamp": 1764230052.1875076, "group_seed": 6631928, "username": "user27", "category": "strong", "password_attempt": "admin", "result": "fail", "latency_ms": 7.998, "hash_mode": "argon2id", "protections": "ON"}
{"timestamp": 1764230052.190508, "group_seed": 6631928, "username": "user28", "category": "strong", "password_attempt": "admin", "result": "fail", "latency_ms": 3.0, "hash_mode": "argon2id", "protections": "ON"}
{"timestamp": 1764230052.1948924, "group_seed": 6631928, "username": "user29", "category": "strong", "password_attempt": "admin", "result": "fail", "latency_ms": 4.385, "hash_mode": "argon2id", "protections": "ON"}
{"timestamp": 1764230052.1978905, "group_seed": 6631928, "username": "user30", "category": "strong", "password_attempt": "admin", "result": "fail", "latency_ms": 2.998, "hash_mode": "argon2id", "protections": "ON"}
{"timestamp": 1764230052.2018907, "group_seed": 6631928, "username": "user01", "category": "weak", "password_attempt": "iloveyou", "result": "fail", "latency_ms": 2.998, "hash_mode": "sha256", "protections": "ON"}
{"timestamp": 1764230052.205891, "group_seed": 6631928, "username": "user02", "category": "weak", "password_attempt": "iloveyou", "result": "fail", "latency_ms": 3.0, "hash_mode": "sha256", "protections": "ON"}
{"timestamp": 1764230052.2098932, "group_seed": 6631928, "username": "user03", "category": "weak", "password_attempt": "iloveyou", "result": "fail", "latency_ms": 4.002, "hash_mode": "sha256", "protections": "ON"}
{"timestamp": 1764230052.2128897, "group_seed": 6631928, "username": "user04", "category": "weak", "password_attempt": "iloveyou", "result": "fail", "latency_ms": 2.996, "hash_mode": "sha256", "protections": "ON"}
{"timestamp": 1764230052.2158928, "group_seed": 6631928, "username": "user05", "category": "weak", "password_attempt": "iloveyou", "result": "fail", "latency_ms": 3.003, "hash_mode": "sha256", "protections": "ON"}
{"timestamp": 1764230052.2188916, "group_seed": 6631928, "username": "user06", "category": "weak", "password_attempt": "iloveyou", "result": "fail", "latency_ms": 2.999, "hash_mode": "sha256", "protections": "ON"}
{"timestamp": 1764230052.2228956, "group_seed": 6631928, "username": "user07", "category": "weak", "password_attempt": "iloveyou", "result": "fail", "latency_ms": 3.002, "hash_mode": "sha256", "protections": "ON"}
{"timestamp": 1764230052.2259831, "group_seed": 6631928, "username": "user08", "category": "weak", "password_attempt": "iloveyou", "result": "fail", "latency_ms": 3.088, "hash_mode": "sha256", "protections": "ON"}
{"timestamp": 1764230052.229008, "group_seed": 6631928, "username": "user09", "category": "weak", "password_attempt": "iloveyou", "result": "fail", "latency_ms": 2.024, "hash_mode": "sha256", "protections": "ON"}
{"timestamp": 1764230052.232982, "group_seed": 6631928, "username": "user10", "category": "weak", "password_attempt": "iloveyou", "result": "fail", "latency_ms": 2.995, "hash_mode": "sha256", "protections": "ON"}
{"timestamp": 1764230052.2359843, "group_seed": 6631928, "username": "user11", "category": "medium", "password_attempt": "iloveyou", "result": "fail", "latency_ms": 3.002, "hash_mode": "bcrypt", "protections": "ON"}
{"timestamp": 1764230052.2389836, "group_seed": 6631928, "username": "user12", "category": "medium", "password_attempt": "iloveyou", "result": "fail", "latency_ms": 2.999, "hash_mode": "bcrypt", "protections": "ON"}
{"timestamp": 1764230052.242717, "group_seed": 6631928, "username": "user13", "category": "medium", "password_attempt": "iloveyou", "result": "fail", "latency_ms": 3.733, "hash_mode": "bcrypt", "protections": "ON"}
{"timestamp": 1764230052.2456713, "group_seed": 6631928, "username": "user14", "category": "medium", "password_attempt": "iloveyou", "result": "fail", "latency_ms": 2.954, "hash_mode": "bcrypt", "protections": "ON"}
{"timestamp": 1764230052.2486699, "group_seed": 6631928, "username": "user15", "category": "medium", "password_attempt": "iloveyou", "result": "fail", "latency_ms": 2.999, "hash_mode": "bcrypt", "protections": "ON"}
{"timestamp": 1764230052.2516875, "group_seed": 6631928, "username": "user16", "category": "medium", "password_attempt": "iloveyou", "result": "fail", "latency_ms": 3.018, "hash_mode": "bcrypt", "protections": "ON"}
{"timestamp": 1764230052.254691, "group_seed": 6631928, "username": "user17", "category": "medium", "password_attempt": "iloveyou", "result": "fail", "latency_ms": 1.996, "hash_mode": "bcrypt", "protections": "ON"}
{"timestamp": 1764230052.258265, "group_seed": 6631928, "username": "user18", "category": "medium", "password_attempt": "iloveyou", "result": "fail", "latency_ms": 2.591, "hash_mode": "bcrypt", "protections": "ON"}
{"timestamp": 1764230052.2623734, "group_seed": 6631928, "username": "user19", "category": "medium", "password_attempt": "iloveyou", "result": "fail", "latency_ms": 3.006, "hash_mode": "bcrypt", "protections": "ON"}
{"timestamp": 1764230052.2673726, "group_seed": 6631928, "username": "user20", "category": "medium", "password_attempt": "iloveyou", "result": "fail", "latency_ms": 3.999, "hash_mode": "bcrypt", "protections": "ON"}
{"timestamp": 1764230052.2703726, "group_seed": 6631928, "username": "user21", "category": "strong", "password_attempt": "iloveyou", "result": "fail", "latency_ms": 3.0, "hash_mode": "argon2id", "protections": "ON"}
{"timestamp": 1764230052.2744045, "group_seed": 6631928, "username": "user22", "category": "strong", "password_attempt": "iloveyou", "result": "fail", "latency_ms": 3.02, "hash_mode": "argon2id", "protections": "ON"}
{"timestamp": 1764230052.277674, "group_seed": 6631928, "username": "user23", "category": "strong", "password_attempt": "iloveyou", "result": "fail", "latency_ms": 2.707, "hash_mode": "argon2id", "protections": "ON"}
{"timestamp": 1764230052.2816796, "group_seed": 6631928, "username": "user24", "category": "strong", "password_attempt": "iloveyou", "result": "fail", "latency_ms": 2.997, "hash_mode": "argon2id", "protections": "ON"}
{"timestamp": 1764230052.2846782, "group_seed": 6631928, "username": "user25", "category": "strong", "password_attempt": "iloveyou", "result": "fail", "latency_ms": 2.999, "hash_mode": "argon2id", "protections": "ON"}
{"timestamp": 1764230052.2876916, "group_seed": 6631928, "username": "user26", "category": "strong", "password_attempt": "iloveyou", "result": "fail", "latency_ms": 3.013, "hash_mode": "argon2id", "protections": "ON"}
{"timestamp": 1764230052.2915757, "group_seed": 6631928, "username": "user27", "category": "strong", "password_attempt": "iloveyou", "result": "fail", "latency_ms": 2.896, "hash_mode": "argon2id", "protections": "ON"}
{"timestamp": 1764230052.2948773, "group_seed": 6631928, "username": "user28", "category": "strong", "password_attempt": "iloveyou", "result": "fail", "latency_ms": 3.302, "hash_mode": "argon2id", "protections": "ON"}
{"timestamp": 1764230052.2988527, "group_seed": 6631928, "username": "user29", "category": "strong", "password_attempt": "iloveyou", "result": "fail", "latency_ms": 2.998, "hash_mode": "argon2id", "protections": "ON"}
{"timestamp": 1764230052.3026521, "group_seed": 6631928, "username": "user30", "category": "strong", "password_attempt": "iloveyou", "result": "fail", "latency_ms": 3.799, "hash_mode": "argon2id", "protections": "ON"}
{"timestamp": 1764230052.3066475, "group_seed": 6631928, "username": "user01", "category": "weak", "password_attempt": "welcome", "result": "fail", "latency_ms": 3.995, "hash_mode": "sha256", "protections": "ON"}
{"timestamp": 1764230052.3106463, "group_seed": 6631928, "username": "user02", "category": "weak", "password_attempt": "welcome", "result": "fail", "latency_ms": 3.999, "hash_mode": "sha256", "protections": "ON"}
{"timestamp": 1764230052.3146508, "group_seed": 6631928, "username": "user03", "category": "weak", "password_attempt": "welcome", "result": "fail", "latency_ms": 3.029, "hash_mode": "sha256", "protections": "ON"}
{"timestamp": 1764230052.3186495, "group_seed": 6631928, "username": "user04", "category": "weak", "password_attempt": "welcome", "result": "fail", "latency_ms": 3.999, "hash_mode": "sha256", "protections": "ON"}
{"timestamp": 1764230052.3226485, "group_seed": 6631928, "username": "user05", "category": "weak", "password_attempt": "welcome", "result": "fail", "latency_ms": 2.997, "hash_mode": "sha256", "protections": "ON"}
{"timestamp": 1764230052.3266478, "group_seed": 6631928, "username": "user06", "category": "weak", "password_attempt": "welcome", "result": "fail", "latency_ms": 3.999, "hash_mode": "sha256", "protections": "ON"}
{"timestamp": 1764230052.3296468, "group_seed": 6631928, "username": "user07", "category": "weak", "password_attempt": "welcome", "result": "fail", "latency_ms": 2.999, "hash_mode": "sha256", "protections": "ON"}
{"timestamp": 1764230052.3344803, "group_seed": 6631928, "username": "user08", "category": "weak", "password_attempt": "welcome", "result": "fail", "latency_ms": 3.833, "hash_mode": "sha256", "protections": "ON"}
{"timestamp": 1764230052.337481, "group_seed": 6631928, "username": "user09", "category": "weak", "password_attempt": "welcome", "result": "fail", "latency_ms": 3.001, "hash_mode": "sha256", "protections": "ON"}
{"timestamp": 1764230052.342569, "group_seed": 6631928, "username": "user10", "category": "weak", "password_attempt": "welcome", "result": "fail", "latency_ms": 4.086, "hash_mode": "sha256", "protections": "ON"}
{"timestamp": 1764230052.3455727, "group_seed": 6631928, "username": "user11", "category": "medium", "password_attempt": "welcome", "result": "fail", "latency_ms": 3.004, "hash_mode": "bcrypt", "protections": "ON"}
{"timestamp": 1764230052.3497825, "group_seed": 6631928, "username": "user12", "category": "medium", "password_attempt": "welcome", "result": "fail", "latency_ms": 3.208, "hash_mode": "bcrypt", "protections": "ON"}
{"timestamp": 1764230052.3537867, "group_seed": 6631928, "username": "user13", "category": "medium", "password_attempt": "welcome", "result": "fail", "latency_ms": 2.001, "hash_mode": "bcrypt", "protections": "ON"}
{"timestamp": 1764230052.3573344, "group_seed": 6631928, "username": "user14", "category": "medium", "password_attempt": "welcome", "result": "fail", "latency_ms": 3.548, "hash_mode": "bcrypt", "protections": "ON"}
{"timestamp": 1764230052.3613133, "group_seed": 6631928, "username": "user15", "category": "medium", "password_attempt": "welcome", "result": "fail", "latency_ms": 3.979, "hash_mode": "bcrypt", "protections": "ON"}
{"timestamp": 1764230052.3640661, "group_seed": 6631928, "username": "user16", "category": "medium", "password_attempt": "welcome", "result": "fail", "latency_ms": 2.753, "hash_mode": "bcrypt", "protections": "ON"}
{"timestamp": 1764230052.36812, "group_seed": 6631928, "username": "user17", "category": "medium", "password_attempt": "welcome", "result": "fail", "latency_ms": 2.999, "hash_mode": "bcrypt", "protections": "ON"}
{"timestamp": 1764230052.371121, "group_seed": 6631928, "username": "user18", "category": "medium", "password_attempt": "welcome", "result": "fail", "latency_ms": 3.001, "hash_mode": "bcrypt", "protections": "ON"}
{"timestamp": 1764230052.3744633, "group_seed": 6631928, "username": "user19", "category": "medium", "password_attempt": "welcome", "result": "fail", "latency_ms": 3.342, "hash_mode": "bcrypt", "protections": "ON"}
{"timestamp": 1764230052.3846278, "group_seed": 6631928, "username": "user20", "category": "medium", "password_attempt": "welcome", "result": "fail", "latency_ms": 9.796, "hash_mode": "bcrypt", "protections": "ON"}
{"timestamp": 1764230052.388364, "group_seed": 6631928, "username": "user21", "category": "strong", "password_attempt": "welcome", "result": "fail", "latency_ms": 3.736, "hash_mode": "argon2id", "protections": "ON"}
{"timestamp": 1764230052.3914347, "group_seed": 6631928, "username": "user22", "category": "strong", "password_attempt": "welcome", "result": "fail", "latency_ms": 3.071, "hash_mode": "argon2id", "protections": "ON"}
{"timestamp": 1764230052.395605, "group_seed": 6631928, "username": "user23", "category": "strong", "password_attempt": "welcome", "result": "fail", "latency_ms": 3.002, "hash_mode": "argon2id", "protections": "ON"}
{"timestamp": 1764230052.3995132, "group_seed": 6631928, "username": "user24", "category": "strong", "password_attempt": "welcome", "result": "fail", "latency_ms": 2.928, "hash_mode": "argon2id", "protections": "ON"}
{"timestamp": 1764230052.4025111, "group_seed": 6631928, "username": "user25", "category": "strong", "password_attempt": "welcome", "result": "fail", "latency_ms": 2.998, "hash_mode": "argon2id", "protections": "ON"}
{"timestamp": 1764230052.4065883, "group_seed": 6631928, "username": "user26", "category": "strong", "password_attempt": "welcome", "result": "fail", "latency_ms": 4.077, "hash_mode": "argon2id", "protections": "ON"}
{"timestamp": 1764230052.410398, "group_seed": 6631928, "username": "user27", "category": "strong", "password_attempt": "welcome", "result": "fail", "latency_ms": 3.81, "hash_mode": "argon2id", "protections": "ON"}
{"timestamp": 1764230052.4134436, "group_seed": 6631928, "username": "user28", "category": "strong", "password_attempt": "welcome", "result": "fail", "latency_ms": 3.046, "hash_mode": "argon2id", "protections": "ON"}
{"timestamp": 1764230052.4181406, "group_seed": 6631928, "username": "user29", "category": "strong", "password_attempt": "welcome", "result": "fail", "latency_ms": 3.698, "hash_mode": "argon2id", "protections": "ON"}
{"timestamp": 1764230052.4212067, "group_seed": 6631928, "username": "user30", "category": "strong", "password_attempt": "welcome", "result": "fail", "latency_ms": 3.066, "hash_mode": "argon2id", "protections": "ON"}
{"timestamp": 1764230052.4247894, "group_seed": 6631928, "username": "user01", "category": "weak", "password_attempt": "Passw0rd", "result": "fail", "latency_ms": 2.585, "hash_mode": "sha256", "protections": "ON"}
{"timestamp": 1764230052.4288821, "group_seed": 6631928, "username": "user02", "category": "weak", "password_attempt": "Passw0rd", "result": "fail", "latency_ms": 3.003, "hash_mode": "sha256", "protections": "ON"}
{"timestamp": 1764230052.4318788, "group_seed": 6631928, "username": "user03", "category": "weak", "password_attempt": "Passw0rd", "result": "fail", "latency_ms": 2.997, "hash_mode": "sha256", "protections": "ON"}
{"timestamp": 1764230052.4358838, "group_seed": 6631928, "username": "user04", "category": "weak", "password_attempt": "Passw0rd", "result": "fail", "latency_ms": 4.005, "hash_mode": "sha256", "protections": "ON"}
{"timestamp": 1764230052.4388866, "group_seed": 6631928, "username": "user05", "category": "weak", "password_attempt": "Passw0rd", "result": "fail", "latency_ms": 3.003, "hash_mode": "sha256", "protections": "ON"}
{"timestamp": 1764230052.443687, "group_seed": 6631928, "username": "user06", "category": "weak", "password_attempt": "Passw0rd", "result": "fail", "latency_ms": 3.805, "hash_mode": "sha256", "protections": "ON"}
{"timestamp": 1764230052.446701, "group_seed": 6631928, "username": "user07", "category": "weak", "password_attempt": "Passw0rd", "result": "fail", "latency_ms": 3.014, "hash_mode": "sha256", "protections": "ON"}
{"timestamp": 1764230052.4502423, "group_seed": 6631928, "username": "user08", "category": "weak", "password_attempt": "Passw0rd", "result": "fail", "latency_ms": 3.541, "hash_mode": "sha256", "protections": "ON"}
{"timestamp": 1764230052.4543433, "group_seed": 6631928, "username": "user09", "category": "weak", "password_attempt": "Passw0rd", "result": "fail", "latency_ms": 3.012, "hash_mode": "sha256", "protections": "ON"}
{"timestamp": 1764230052.4580781, "group_seed": 6631928, "username": "user10", "category": "weak", "password_attempt": "Passw0rd", "result": "fail", "latency_ms": 3.735, "hash_mode": "sha256", "protections": "ON"}
{"timestamp": 1764230052.4613242, "group_seed": 6631928, "username": "user11", "category": "medium", "password_attempt": "Passw0rd", "result": "fail", "latency_ms": 3.246, "hash_mode": "bcrypt", "protections": "ON"}
{"timestamp": 1764230052.4653308, "group_seed": 6631928, "username": "user12", "category": "medium", "password_attempt": "Passw0rd", "result": "fail", "latency_ms": 2.997, "hash_mode": "bcrypt", "protections": "ON"}
{"timestamp": 1764230052.4703226, "group_seed": 6631928, "username": "user13", "category": "medium", "password_attempt": "Passw0rd", "result": "fail", "latency_ms": 4.109, "hash_mode": "bcrypt", "protections": "ON"}
{"timestamp": 1764230052.473294, "group_seed": 6631928, "username": "user14", "category": "medium", "password_attempt": "Passw0rd", "result": "fail", "latency_ms": 2.971, "hash_mode": "bcrypt", "protections": "ON"}
{"timestamp": 1764230052.476757, "group_seed": 6631928, "username": "user15", "category": "medium", "password_attempt": "Passw0rd", "result": "fail", "latency_ms": 3.463, "hash_mode": "bcrypt", "protections": "ON"}
{"timestamp": 1764230052.4808478, "group_seed": 6631928, "username": "user16", "category": "medium", "password_attempt": "Passw0rd", "result": "fail", "latency_ms": 2.998, "hash_mode": "bcrypt", "protections": "ON"}
{"timestamp": 1764230052.48425, "group_seed": 6631928, "username": "user17", "category": "medium", "password_attempt": "Passw0rd", "result": "fail", "latency_ms": 3.402, "hash_mode": "bcrypt", "protections": "ON"}
{"timestamp": 1764230052.488253, "group_seed": 6631928, "username": "user18", "category": "medium", "password_attempt": "Passw0rd", "result": "fail", "latency_ms": 2.998, "hash_mode": "bcrypt", "protections": "ON"}
{"timestamp": 1764230052.4913902, "group_seed": 6631928, "username": "user19", "category": "medium", "password_attempt": "Passw0rd", "result": "fail", "latency_ms": 3.137, "hash_mode": "bcrypt", "protections": "ON"}
{"timestamp": 1764230052.4954803, "group_seed": 6631928, "username": "user20", "category": "medium", "password_attempt": "Passw0rd", "result": "fail", "latency_ms": 2.996, "hash_mode": "bcrypt", "protections": "ON"}
{"timestamp": 1764230052.4990547, "group_seed": 6631928, "username": "user21", "category": "strong", "password_attempt": "Passw0rd", "result": "fail", "latency_ms": 2.558, "hash_mode": "argon2id", "protections": "ON"}
{"timestamp": 1764230052.5031126, "group_seed": 6631928, "username": "user22", "category": "strong", "password_attempt": "Passw0rd", "result": "fail", "latency_ms": 2.998, "hash_mode": "argon2id", "protections": "ON"}
{"timestamp": 1764230052.5064476, "group_seed": 6631928, "username": "user23", "category": "strong", "password_attempt": "Passw0rd", "result": "fail", "latency_ms": 3.335, "hash_mode": "argon2id", "protections": "ON"}
{"timestamp": 1764230052.511157, "group_seed": 6631928, "username": "user24", "category": "strong", "password_attempt": "Passw0rd", "result": "fail", "latency_ms": 3.666, "hash_mode": "argon2id", "protections": "ON"}
{"timestamp": 1764230052.514531, "group_seed": 6631928, "username": "user25", "category": "strong", "password_attempt": "Passw0rd", "result": "fail", "latency_ms": 3.374, "hash_mode": "argon2id", "protections": "ON"}
{"timestamp": 1764230052.5175335, "group_seed": 6631928, "username": "user26", "category": "strong", "password_attempt": "Passw0rd", "result": "fail", "latency_ms": 3.003, "hash_mode": "argon2id", "protections": "ON"}
{"timestamp": 1764230052.5205586, "group_seed": 6631928, "username": "user27", "category": "strong", "password_attempt": "Passw0rd", "result": "fail", "latency_ms": 3.025, "hash_mode": "argon2id", "protections": "ON"}
{"timestamp": 1764230052.5246036, "group_seed": 6631928, "username": "user28", "category": "strong", "password_attempt": "Passw0rd", "result": "fail", "latency_ms": 3.067, "hash_mode": "argon2id", "protections": "ON"}
{"timestamp": 1764230052.5278757, "group_seed": 6631928, "username": "user29", "category": "strong", "password_attempt": "Passw0rd", "result": "fail", "latency_ms": 3.272, "hash_mode": "argon2id", "protections": "ON"}
{"timestamp": 1764230052.531592, "group_seed": 6631928, "username": "user30", "category": "strong", "password_attempt": "Passw0rd", "result": "fail", "latency_ms": 2.732, "hash_mode": "argon2id", "protections": "ON"}
{"timestamp": 1764230052.535591, "group_seed": 6631928, "username": "user01", "category": "weak", "password_attempt": "qazwsx", "result": "fail", "latency_ms": 3.999, "hash_mode": "sha256", "protections": "ON"}
{"timestamp": 1764230052.5386202, "group_seed": 6631928, "username": "user02", "category": "weak", "password_attempt": "qazwsx", "result": "fail", "latency_ms": 3.029, "hash_mode": "sha256", "protections": "ON"}
{"timestamp": 1764230052.5415936, "group_seed": 6631928, "username": "user03", "category": "weak", "password_attempt": "qazwsx", "result": "fail", "latency_ms": 2.973, "hash_mode": "sha256", "protections": "ON"}
{"timestamp": 1764230052.5455942, "group_seed": 6631928, "username": "user04", "category": "weak", "password_attempt": "qazwsx", "result": "fail", "latency_ms": 2.999, "hash_mode": "sha256", "protections": "ON"}
{"timestamp": 1764230052.548593, "group_seed": 6631928, "username": "user05", "category": "weak", "password_attempt": "qazwsx", "result": "fail", "latency_ms": 2.999, "hash_mode": "sha256", "protections": "ON"}
{"timestamp": 1764230052.5516338, "group_seed": 6631928, "username": "user06", "category": "weak", "password_attempt": "qazwsx", "result": "fail", "latency_ms": 2.037, "hash_mode": "sha256", "protections": "ON"}
{"timestamp": 1764230052.554603, "group_seed": 6631928, "username": "user07", "category": "weak", "password_attempt": "qazwsx", "result": "fail", "latency_ms": 2.006, "hash_mode": "sha256", "protections": "ON"}
{"timestamp": 1764230052.5581498, "group_seed": 6631928, "username": "user08", "category": "weak", "password_attempt": "qazwsx", "result": "fail", "latency_ms": 3.547, "hash_mode": "sha256", "protections": "ON"}
{"timestamp": 1764230052.5622876, "group_seed": 6631928, "username": "user09", "category": "weak", "password_attempt": "qazwsx", "result": "fail", "latency_ms": 4.138, "hash_mode": "sha256", "protections": "ON"}
{"timestamp": 1764230052.5652852, "group_seed": 6631928, "username": "user10", "category": "weak", "password_attempt": "qazwsx", "result": "fail", "latency_ms": 2.998, "hash_mode": "sha256", "protections": "ON"}
{"timestamp": 1764230052.5682862, "group_seed": 6631928, "username": "user11", "category": "medium", "password_attempt": "qazwsx", "result": "fail", "latency_ms": 3.001, "hash_mode": "bcrypt", "protections": "ON"}
{"timestamp": 1764230052.5712879, "group_seed": 6631928, "username": "user12", "category": "medium", "password_attempt": "qazwsx", "result": "fail", "latency_ms": 3.002, "hash_mode": "bcrypt", "protections": "ON"}
{"timestamp": 1764230052.574298, "group_seed": 6631928, "username": "user13", "category": "medium", "password_attempt": "qazwsx", "result": "fail", "latency_ms": 3.01, "hash_mode": "bcrypt", "protections": "ON"}
{"timestamp": 1764230052.5786579, "group_seed": 6631928, "username": "user14", "category": "medium", "password_attempt": "qazwsx", "result": "fail", "latency_ms": 3.541, "hash_mode": "bcrypt", "protections": "ON"}
{"timestamp": 1764230052.581657, "group_seed": 6631928, "username": "user15", "category": "medium", "password_attempt": "qazwsx", "result": "fail", "latency_ms": 2.999, "hash_mode": "bcrypt", "protections": "ON"}
{"timestamp": 1764230052.5846577, "group_seed": 6631928, "username": "user16", "category": "medium", "password_attempt": "qazwsx", "result": "fail", "latency_ms": 3.001, "hash_mode": "bcrypt", "protections": "ON"}
{"timestamp": 1764230052.587658, "group_seed": 6631928, "username": "user17", "category": "medium", "password_attempt": "qazwsx", "result": "fail", "latency_ms": 3.0, "hash_mode": "bcrypt", "protections": "ON"}
{"timestamp": 1764230052.5896575, "group_seed": 6631928, "username": "user18", "category": "medium", "password_attempt": "qazwsx", "result": "fail", "latency_ms": 2.0, "hash_mode": "bcrypt", "protections": "ON"}
{"timestamp": 1764230052.5932226, "group_seed": 6631928, "username": "user19", "category": "medium", "password_attempt": "qazwsx", "result": "fail", "latency_ms": 2.567, "hash_mode": "bcrypt", "protections": "ON"}
{"timestamp": 1764230052.5962207, "group_seed": 6631928, "username": "user20", "category": "medium", "password_attempt": "qazwsx", "result": "fail", "latency_ms": 1.999, "hash_mode": "bcrypt", "protections": "ON"}
{"timestamp": 1764230052.5992174, "group_seed": 6631928, "username": "user21", "category": "strong", "password_attempt": "qazwsx", "result": "fail", "latency_ms": 2.997, "hash_mode": "argon2id", "protections": "ON"}
{"timestamp": 1764230052.6022205, "group_seed": 6631928, "username": "user22", "category": "strong", "password_attempt": "qazwsx", "result": "fail", "latency_ms": 3.003, "hash_mode": "argon2id", "protections": "ON"}
{"timestamp": 1764230052.6062224, "group_seed": 6631928, "username": "user23", "category": "strong", "password_attempt": "qazwsx", "result": "fail", "latency_ms": 3.001, "hash_mode": "argon2id", "protections": "ON"}
{"timestamp": 1764230052.6096797, "group_seed": 6631928, "username": "user24", "category": "strong", "password_attempt": "qazwsx", "result": "fail", "latency_ms": 3.457, "hash_mode": "argon2id", "protections": "ON"}
{"timestamp": 1764230052.6135218, "group_seed": 6631928, "username": "user25", "category": "strong", "password_attempt": "qazwsx", "result": "fail", "latency_ms": 3.842, "hash_mode": "argon2id", "protections": "ON"}
{"timestamp": 1764230052.6179147, "group_seed": 6631928, "username": "user26", "category": "strong", "password_attempt": "qazwsx", "result": "fail", "latency_ms": 4.035, "hash_mode": "argon2id", "protections": "ON"}
{"timestamp": 1764230052.6179147, "group_seed": 6631928, "username": "user27", "category": "strong", "password_attempt": "qazwsx", "result": "fail", "latency_ms": 0.0, "hash_mode": "argon2id", "protections": "ON"}
{"timestamp": 1764230052.6297061, "group_seed": 6631928, "username": "user28", "category": "strong", "password_attempt": "qazwsx", "result": "fail", "latency_ms": 11.791, "hash_mode": "argon2id", "protections": "ON"}
{"timestamp": 1764230052.634706, "group_seed": 6631928, "username": "user29", "category": "strong", "password_attempt": "qazwsx", "result": "fail", "latency_ms": 5.0, "hash_mode": "argon2id", "protections": "ON"}
{"timestamp": 1764230052.639706, "group_seed": 6631928, "username": "user30", "category": "strong", "password_attempt": "qazwsx", "result": "fail", "latency_ms": 5.0, "hash_mode": "argon2id", "protections": "ON"}
{"timestamp": 1764230052.6447034, "group_seed": 6631928, "username": "user01", "category": "weak", "password_attempt": "dragon", "result": "fail", "latency_ms": 4.997, "hash_mode": "sha256", "protections": "ON"}
{"timestamp": 1764230052.6477056, "group_seed": 6631928, "username": "user02", "category": "weak", "password_attempt": "dragon", "result": "fail", "latency_ms": 3.002, "hash_mode": "sha256", "protections": "ON"}
{"timestamp": 1764230052.6517084, "group_seed": 6631928, "username": "user03", "category": "weak", "password_attempt": "dragon", "result": "fail", "latency_ms": 4.003, "hash_mode": "sha256", "protections": "ON"}
{"timestamp": 1764230052.6557078, "group_seed": 6631928, "username": "user04", "category": "weak", "password_attempt": "dragon", "result": "fail", "latency_ms": 2.996, "hash_mode": "sha256", "protections": "ON"}
{"timestamp": 1764230052.6597075, "group_seed": 6631928, "username": "user05", "category": "weak", "password_attempt": "dragon", "result": "fail", "latency_ms": 4.0, "hash_mode": "sha256", "protections": "ON"}
{"timestamp": 1764230052.6637154, "group_seed": 6631928, "username": "user06", "category": "weak", "password_attempt": "dragon", "result": "fail", "latency_ms": 3.01, "hash_mode": "sha256", "protections": "ON"}
{"timestamp": 1764230052.667718, "group_seed": 6631928, "username": "user07", "category": "weak", "password_attempt": "dragon", "result": "fail", "latency_ms": 2.983, "hash_mode": "sha256", "protections": "ON"}
{"timestamp": 1764230052.6707158, "group_seed": 6631928, "username": "user08", "category": "weak", "password_attempt": "dragon", "result": "fail", "latency_ms": 2.998, "hash_mode": "sha256", "protections": "ON"}
{"timestamp": 1764230052.6737175, "group_seed": 6631928, "username": "user09", "category": "weak", "password_attempt": "dragon", "result": "fail", "latency_ms": 3.002, "hash_mode": "sha256", "protections": "ON"}
{"timestamp": 1764230052.6772938, "group_seed": 6631928, "username": "user10", "category": "weak", "password_attempt": "dragon", "result": "fail", "latency_ms": 3.576, "hash_mode": "sha256", "protections": "ON"}
{"timestamp": 1764230052.6819, "group_seed": 6631928, "username": "user11", "category": "medium", "password_attempt": "dragon", "result": "fail", "latency_ms": 3.599, "hash_mode": "bcrypt", "protections": "ON"}
{"timestamp": 1764230052.6851327, "group_seed": 6631928, "username": "user12", "category": "medium", "password_attempt": "dragon", "result": "fail", "latency_ms": 3.233, "hash_mode": "bcrypt", "protections": "ON"}
{"timestamp": 1764230052.6871521, "group_seed": 6631928, "username": "user13", "category": "medium", "password_attempt": "dragon", "result": "fail", "latency_ms": 2.019, "hash_mode": "bcrypt", "protections": "ON"}
{"timestamp": 1764230052.6901314, "group_seed": 6631928, "username": "user14", "category": "medium", "password_attempt": "dragon", "result": "fail", "latency_ms": 1.957, "hash_mode": "bcrypt", "protections": "ON"}
{"timestamp": 1764230052.6933706, "group_seed": 6631928, "username": "user15", "category": "medium", "password_attempt": "dragon", "result": "fail", "latency_ms": 3.239, "hash_mode": "bcrypt", "protections": "ON"}
{"timestamp": 1764230052.6963673, "group_seed": 6631928, "username": "user16", "category": "medium", "password_attempt": "dragon", "result": "fail", "latency_ms": 1.998, "hash_mode": "bcrypt", "protections": "ON"}
{"timestamp": 1764230052.6983697, "group_seed": 6631928, "username": "user17", "category": "medium", "password_attempt": "dragon", "result": "fail", "latency_ms": 2.002, "hash_mode": "bcrypt", "protections": "ON"}
{"timestamp": 1764230052.701367, "group_seed": 6631928, "username": "user18", "category": "medium", "password_attempt": "dragon", "result": "fail", "latency_ms": 1.997, "hash_mode": "bcrypt", "protections": "ON"}
{"timestamp": 1764230052.7051675, "group_seed": 6631928, "username": "user19", "category": "medium", "password_attempt": "dragon", "result": "fail", "latency_ms": 3.801, "hash_mode": "bcrypt", "protections": "ON"}
{"timestamp": 1764230052.7082171, "group_seed": 6631928, "username": "user20", "category": "medium", "password_attempt": "dragon", "result": "fail", "latency_ms": 3.05, "hash_mode": "bcrypt", "protections": "ON"}
{"timestamp": 1764230052.7127116, "group_seed": 6631928, "username": "user21", "category": "strong", "password_attempt": "dragon", "result": "fail", "latency_ms": 4.494, "hash_mode": "argon2id", "protections": "ON"}
{"timestamp": 1764230052.7127116, "group_seed": 6631928, "username": "user22", "category": "strong", "password_attempt": "dragon", "result": "fail", "latency_ms": 0.0, "hash_mode": "argon2id", "protections": "ON"}
{"timestamp": 1764230052.7195816, "group_seed": 6631928, "username": "user23", "category": "strong", "password_attempt": "dragon", "result": "fail", "latency_ms": 6.87, "hash_mode": "argon2id", "protections": "ON"}
{"timestamp": 1764230052.7274113, "group_seed": 6631928, "username": "user24", "category": "strong", "password_attempt": "dragon", "result": "fail", "latency_ms": 7.83, "hash_mode": "argon2id", "protections": "ON"}
{"timestamp": 1764230052.73345, "group_seed": 6631928, "username": "user25", "category": "strong", "password_attempt": "dragon", "result": "fail", "latency_ms": 4.029, "hash_mode": "argon2id", "protections": "ON"}
{"timestamp": 1764230052.7385974, "group_seed": 6631928, "username": "user26", "category": "strong", "password_attempt": "dragon", "result": "fail", "latency_ms": 5.147, "hash_mode": "argon2id", "protections": "ON"}
{"timestamp": 1764230052.7436965, "group_seed": 6631928, "username": "user27", "category": "strong", "password_attempt": "dragon", "result": "fail", "latency_ms": 5.099, "hash_mode": "argon2id", "protections": "ON"}
{"timestamp": 1764230052.7436965, "group_seed": 6631928, "username": "user28", "category": "strong", "password_attempt": "dragon", "result": "fail", "latency_ms": 0.0, "hash_mode": "argon2id", "protections": "ON"}
{"timestamp": 1764230052.7436965, "group_seed": 6631928, "username": "user29", "category": "strong", "password_attempt": "dragon", "result": "fail", "latency_ms": 0.0, "hash_mode": "argon2id", "protections": "ON"}
{"timestamp": 1764230052.7619886, "group_seed": 6631928, "username": "user30", "category": "strong", "password_attempt": "dragon", "result": "fail", "latency_ms": 18.292, "hash_mode": "argon2id", "protections": "ON"}
{"timestamp": 1764230052.7689974, "group_seed": 6631928, "username": "user01", "category": "weak", "password_attempt": "football", "result": "fail", "latency_ms": 5.001, "hash_mode": "sha256", "protections": "ON"}
{"timestamp": 1764230052.77334, "group_seed": 6631928, "username": "user02", "category": "weak", "password_attempt": "football", "result": "fail", "latency_ms": 4.343, "hash_mode": "sha256", "protections": "ON"}
{"timestamp": 1764230052.7786026, "group_seed": 6631928, "username": "user03", "category": "weak", "password_attempt": "football", "result": "fail", "latency_ms": 5.263, "hash_mode": "sha256", "protections": "ON"}
{"timestamp": 1764230052.7856038, "group_seed": 6631928, "username": "user04", "category": "weak", "password_attempt": "football", "result": "fail", "latency_ms": 6.003, "hash_mode": "sha256", "protections": "ON"}
{"timestamp": 1764230052.793291, "group_seed": 6631928, "username": "user05", "category": "weak", "password_attempt": "football", "result": "fail", "latency_ms": 6.691, "hash_mode": "sha256", "protections": "ON"}
{"timestamp": 1764230052.7982874, "group_seed": 6631928, "username": "user06", "category": "weak", "password_attempt": "football", "result": "fail", "latency_ms": 3.997, "hash_mode": "sha256", "protections": "ON"}
{"timestamp": 1764230052.8039951, "group_seed": 6631928, "username": "user07", "category": "weak", "password_attempt": "football", "result": "fail", "latency_ms": 4.708, "hash_mode": "sha256", "protections": "ON"}
{"timestamp": 1764230052.8108795, "group_seed": 6631928, "username": "user08", "category": "weak", "password_attempt": "football", "result": "fail", "latency_ms": 6.884, "hash_mode": "sha256", "protections": "ON"}
{"timestamp": 1764230052.8154757, "group_seed": 6631928, "username": "user09", "category": "weak", "password_attempt": "football", "result": "fail", "latency_ms": 3.599, "hash_mode": "sha256", "protections": "ON"}
{"timestamp": 1764230052.8154757, "group_seed": 6631928, "username": "user10", "category": "weak", "password_attempt": "football", "result": "fail", "latency_ms": 0.0, "hash_mode": "sha256", "protections": "ON"}
{"timestamp": 1764230052.8154757, "group_seed": 6631928, "username": "user11", "category": "medium", "password_attempt": "football", "result": "fail", "latency_ms": 0.0, "hash_mode": "bcrypt", "protections": "ON"}
{"timestamp": 1764230052.8272781, "group_seed": 6631928, "username": "user12", "category": "medium", "password_attempt": "football", "result": "fail", "latency_ms": 11.802, "hash_mode": "bcrypt", "protections": "ON"}
{"timestamp": 1764230052.8272781, "group_seed": 6631928, "username": "user13", "category": "medium", "password_attempt": "football", "result": "fail", "latency_ms": 0.0, "hash_mode": "bcrypt", "protections": "ON"}
{"timestamp": 1764230052.8272781, "group_seed": 6631928, "username": "user14", "category": "medium", "password_attempt": "football", "result": "fail", "latency_ms": 0.0, "hash_mode": "bcrypt", "protections": "ON"}
{"timestamp": 1764230052.836325, "group_seed": 6631928, "username": "user15", "category": "medium", "password_attempt": "football", "result": "fail", "latency_ms": 9.047, "hash_mode": "bcrypt", "protections": "ON"}
{"timestamp": 1764230052.842222, "group_seed": 6631928, "username": "user16", "category": "medium", "password_attempt": "football", "result": "fail", "latency_ms": 5.897, "hash_mode": "bcrypt", "protections": "ON"}
{"timestamp": 1764230052.8471882, "group_seed": 6631928, "username": "user17", "category": "medium", "password_attempt": "football", "result": "fail", "latency_ms": 3.996, "hash_mode": "bcrypt", "protections": "ON"}
{"timestamp": 1764230052.8521883, "group_seed": 6631928, "username": "user18", "category": "medium", "password_attempt": "football", "result": "fail", "latency_ms": 5.0, "hash_mode": "bcrypt", "protections": "ON"}
{"timestamp": 1764230052.8551898, "group_seed": 6631928, "username": "user19", "category": "medium", "password_attempt": "football", "result": "fail", "latency_ms": 3.001, "hash_mode": "bcrypt", "protections": "ON"}
{"timestamp": 1764230052.859189, "group_seed": 6631928, "username": "user20", "category": "medium", "password_attempt": "football", "result": "fail", "latency_ms": 2.968, "hash_mode": "bcrypt", "protections": "ON"}
{"timestamp": 1764230052.863219, "group_seed": 6631928, "username": "user21", "category": "strong", "password_attempt": "football", "result": "fail", "latency_ms": 3.029, "hash_mode": "argon2id", "protections": "ON"}
{"timestamp": 1764230052.867193, "group_seed": 6631928, "username": "user22", "category": "strong", "password_attempt": "football", "result": "fail", "latency_ms": 2.996, "hash_mode": "argon2id", "protections": "ON"}
{"timestamp": 1764230052.8711934, "group_seed": 6631928, "username": "user23", "category": "strong", "password_attempt": "football", "result": "fail", "latency_ms": 4.0, "hash_mode": "argon2id", "protections": "ON"}
{"timestamp": 1764230052.876196, "group_seed": 6631928, "username": "user24", "category": "strong", "password_attempt": "football", "result": "fail", "latency_ms": 4.002, "hash_mode": "argon2id", "protections": "ON"}
{"timestamp": 1764230052.8797133, "group_seed": 6631928, "username": "user25", "category": "strong", "password_attempt": "football", "result": "fail", "latency_ms": 3.517, "hash_mode": "argon2id", "protections": "ON"}
{"timestamp": 1764230052.8827128, "group_seed": 6631928, "username": "user26", "category": "strong", "password_attempt": "football", "result": "fail", "latency_ms": 3.0, "hash_mode": "argon2id", "protections": "ON"}
{"timestamp": 1764230052.8857124, "group_seed": 6631928, "username": "user27", "category": "strong", "password_attempt": "football", "result": "fail", "latency_ms": 3.0, "hash_mode": "argon2id", "protections": "ON"}
{"timestamp": 1764230052.8887126, "group_seed": 6631928, "username": "user28", "category": "strong", "password_attempt": "football", "result": "fail", "latency_ms": 3.0, "hash_mode": "argon2id", "protections": "ON"}
{"timestamp": 1764230052.8938193, "group_seed": 6631928, "username": "user29", "category": "strong", "password_attempt": "football", "result": "fail", "latency_ms": 4.103, "hash_mode": "argon2id", "protections": "ON"}
{"timestamp": 1764230052.896818, "group_seed": 6631928, "username": "user30", "category": "strong", "password_attempt": "football", "result": "fail", "latency_ms": 2.999, "hash_mode": "argon2id", "protections": "ON"}
{"timestamp": 1764230052.901819, "group_seed": 6631928, "username": "user01", "category": "weak", "password_attempt": "monkey", "result": "fail", "latency_ms": 3.966, "hash_mode": "sha256", "protections": "ON"}
{"timestamp": 1764230052.9058194, "group_seed": 6631928, "username": "user02", "category": "weak", "password_attempt": "monkey", "result": "fail", "latency_ms": 4.0, "hash_mode": "sha256", "protections": "ON"}
{"timestamp": 1764230052.9096346, "group_seed": 6631928, "username": "user03", "category": "weak", "password_attempt": "monkey", "result": "fail", "latency_ms": 3.815, "hash_mode": "sha256", "protections": "ON"}
{"timestamp": 1764230052.914739, "group_seed": 6631928, "username": "user04", "category": "weak", "password_attempt": "monkey", "result": "fail", "latency_ms": 3.976, "hash_mode": "sha256", "protections": "ON"}
{"timestamp": 1764230052.9182682, "group_seed": 6631928, "username": "user05", "category": "weak", "password_attempt": "monkey", "result": "fail", "latency_ms": 3.529, "hash_mode": "sha256", "protections": "ON"}
{"timestamp": 1764230052.9213328, "group_seed": 6631928, "username": "user06", "category": "weak", "password_attempt": "monkey", "result": "fail", "latency_ms": 3.065, "hash_mode": "sha256", "protections": "ON"}
{"timestamp": 1764230052.924331, "group_seed": 6631928, "username": "user07", "category": "weak", "password_attempt": "monkey", "result": "fail", "latency_ms": 1.994, "hash_mode": "sha256", "protections": "ON"}
{"timestamp": 1764230052.9285479, "group_seed": 6631928, "username": "user08", "category": "weak", "password_attempt": "monkey", "result": "fail", "latency_ms": 3.0, "hash_mode": "sha256", "protections": "ON"}
{"timestamp": 1764230052.9325473, "group_seed": 6631928, "username": "user09", "category": "weak", "password_attempt": "monkey", "result": "fail", "latency_ms": 3.999, "hash_mode": "sha256", "protections": "ON"}
{"timestamp": 1764230052.9355469, "group_seed": 6631928, "username": "user10", "category": "weak", "password_attempt": "monkey", "result": "fail", "latency_ms": 3.0, "hash_mode": "sha256", "protections": "ON"}
{"timestamp": 1764230052.9385564, "group_seed": 6631928, "username": "user11", "category": "medium", "password_attempt": "monkey", "result": "fail", "latency_ms": 3.01, "hash_mode": "bcrypt", "protections": "ON"}
{"timestamp": 1764230052.9411223, "group_seed": 6631928, "username": "user12", "category": "medium", "password_attempt": "monkey", "result": "fail", "latency_ms": 2.566, "hash_mode": "bcrypt", "protections": "ON"}
{"timestamp": 1764230052.9442322, "group_seed": 6631928, "username": "user13", "category": "medium", "password_attempt": "monkey", "result": "fail", "latency_ms": 1.998, "hash_mode": "bcrypt", "protections": "ON"}
{"timestamp": 1764230052.9472308, "group_seed": 6631928, "username": "user14", "category": "medium", "password_attempt": "monkey", "result": "fail", "latency_ms": 2.999, "hash_mode": "bcrypt", "protections": "ON"}
{"timestamp": 1764230052.9500089, "group_seed": 6631928, "username": "user15", "category": "medium", "password_attempt": "monkey", "result": "fail", "latency_ms": 2.778, "hash_mode": "bcrypt", "protections": "ON"}
{"timestamp": 1764230052.953178, "group_seed": 6631928, "username": "user16", "category": "medium", "password_attempt": "monkey", "result": "fail", "latency_ms": 2.099, "hash_mode": "bcrypt", "protections": "ON"}
{"timestamp": 1764230052.9561787, "group_seed": 6631928, "username": "user17", "category": "medium", "password_attempt": "monkey", "result": "fail", "latency_ms": 3.001, "hash_mode": "bcrypt", "protections": "ON"}
{"timestamp": 1764230052.9595742, "group_seed": 6631928, "username": "user18", "category": "medium", "password_attempt": "monkey", "result": "fail", "latency_ms": 3.396, "hash_mode": "bcrypt", "protections": "ON"}
{"timestamp": 1764230052.9625957, "group_seed": 6631928, "username": "user19", "category": "medium", "password_attempt": "monkey", "result": "fail", "latency_ms": 2.019, "hash_mode": "bcrypt", "protections": "ON"}
{"timestamp": 1764230052.9662988, "group_seed": 6631928, "username": "user20", "category": "medium", "password_attempt": "monkey", "result": "fail", "latency_ms": 2.692, "hash_mode": "bcrypt", "protections": "ON"}
{"timestamp": 1764230052.9683013, "group_seed": 6631928, "username": "user21", "category": "strong", "password_attempt": "monkey", "result": "fail", "latency_ms": 2.002, "hash_mode": "argon2id", "protections": "ON"}
{"timestamp": 1764230052.9720757, "group_seed": 6631928, "username": "user22", "category": "strong", "password_attempt": "monkey", "result": "fail", "latency_ms": 2.775, "hash_mode": "argon2id", "protections": "ON"}
{"timestamp": 1764230052.9751203, "group_seed": 6631928, "username": "user23", "category": "strong", "password_attempt": "monkey", "result": "fail", "latency_ms": 3.045, "hash_mode": "argon2id", "protections": "ON"}
{"timestamp": 1764230052.9786627, "group_seed": 6631928, "username": "user24", "category": "strong", "password_attempt": "monkey", "result": "fail", "latency_ms": 2.541, "hash_mode": "argon2id", "protections": "ON"}
{"timestamp": 1764230052.981662, "group_seed": 6631928, "username": "user25", "category": "strong", "password_attempt": "monkey", "result": "fail", "latency_ms": 2.999, "hash_mode": "argon2id", "protections": "ON"}
{"timestamp": 1764230052.9856637, "group_seed": 6631928, "username": "user26", "category": "strong", "password_attempt": "monkey", "result": "fail", "latency_ms": 3.002, "hash_mode": "argon2id", "protections": "ON"}
{"timestamp": 1764230052.9925556, "group_seed": 6631928, "username": "user27", "category": "strong", "password_attempt": "monkey", "result": "fail", "latency_ms": 5.081, "hash_mode": "argon2id", "protections": "ON"}
{"timestamp": 1764230052.9979043, "group_seed": 6631928, "username": "user28", "category": "strong", "password_attempt": "monkey", "result": "fail", "latency_ms": 5.349, "hash_mode": "argon2id", "protections": "ON"}
{"timestamp": 1764230053.0029025, "group_seed": 6631928, "username": "user29", "category": "strong", "password_attempt": "monkey", "result": "fail", "latency_ms": 4.001, "hash_mode": "argon2id", "protections": "ON"}
{"timestamp": 1764230053.0074565, "group_seed": 6631928, "username": "user30", "category": "strong", "password_attempt": "monkey", "result": "fail", "latency_ms": 4.554, "hash_mode": "argon2id", "protections": "ON"}
